[ 2016-12-18T00:15:35+08:00 ] 103.59.156.16 /
INFO: [ app_init ] --START--
INFO: Run Behavior\BuildLiteBehavior [ RunTime:0.000016s ]
INFO: [ app_init ] --END-- [ RunTime:0.000362s ]
INFO: [ app_begin ] --START--
INFO: Run Behavior\ReadHtmlCacheBehavior [ RunTime:0.000457s ]
INFO: [ app_begin ] --END-- [ RunTime:0.000504s ]
SQL: SHOW COLUMNS FROM `gamesdetails` [ RunTime:0.001599s ]
SQL: SELECT `id` FROM `gamesdetails` WHERE ( gamesname='英雄联盟' ) LIMIT 1   [ RunTime:0.000948s ]
SQL: SELECT `id` FROM `gamesdetails` WHERE ( gamesname='地下城与勇士' ) LIMIT 1   [ RunTime:0.000930s ]
SQL: SELECT `id` FROM `gamesdetails` WHERE ( gamesname='阴阳师' ) LIMIT 1   [ RunTime:0.000945s ]
SQL: SELECT COUNT(*) AS tp_count FROM `gamesdetails` LIMIT 1   [ RunTime:0.000953s ]
SQL: SHOW COLUMNS FROM `lol_newsimg` [ RunTime:0.001230s ]
SQL: SHOW COLUMNS FROM `lol_freehero` [ RunTime:0.001279s ]
SQL: SHOW COLUMNS FROM `gamestype` [ RunTime:0.001174s ]
SQL: SELECT `gamesname`,`smalldesktop`,`gametype` FROM `gamesdetails` WHERE ( tid=1 ) ORDER BY gamehot desc LIMIT 0,10   [ RunTime:0.001148s ]
SQL: SELECT `gamesname`,`smalldesktop`,`gametype` FROM `gamesdetails` WHERE ( tid=2 ) ORDER BY gamehot desc LIMIT 0,10   [ RunTime:0.001032s ]
SQL: SELECT `gamesname`,`smalldesktop`,`gametype` FROM `gamesdetails` WHERE ( tid=3 ) ORDER BY gamehot desc LIMIT 0,10   [ RunTime:0.000992s ]
SQL: SELECT `gamesname`,`smalldesktop`,`gametype` FROM `gamesdetails` WHERE ( tid=4 ) ORDER BY gamehot desc LIMIT 0,10   [ RunTime:0.000933s ]
SQL: SELECT `id` FROM `gamestype` WHERE ( gamestypename='网络游戏' ) LIMIT 1   [ RunTime:0.000978s ]
SQL: SELECT `id` FROM `gamestype` WHERE ( gamestypename='单机游戏' ) LIMIT 1   [ RunTime:0.000938s ]
SQL: SELECT `id` FROM `gamestype` WHERE ( gamestypename='手机游戏' ) LIMIT 1   [ RunTime:0.000928s ]
SQL: SHOW COLUMNS FROM `gamesnews` [ RunTime:0.001349s ]
SQL: SELECT * FROM `gamesnews` ORDER BY hints desc LIMIT 0,4   [ RunTime:0.001925s ]
SQL: SHOW COLUMNS FROM `newsimg` [ RunTime:0.001328s ]
INFO: [ view_parse ] --START--
INFO: [ template_filter ] --START--
INFO: Run Behavior\ContentReplaceBehavior [ RunTime:0.000161s ]
INFO: [ template_filter ] --END-- [ RunTime:0.000211s ]
NOTIC: [8] Undefined index: usermsg /data/home/bxu2359300359/htdocs/application/Runtime/Cache/Home/7ab946f4f0f5a79245f9543582fd5300.php 第 92 行.
INFO: Run Behavior\ParseTemplateBehavior [ RunTime:0.033017s ]
INFO: [ view_parse ] --END-- [ RunTime:0.033104s ]
INFO: [ view_filter ] --START--
INFO: Run Behavior\WriteHtmlCacheBehavior [ RunTime:0.000243s ]
INFO: [ view_filter ] --END-- [ RunTime:0.000280s ]
INFO: [ app_end ] --START--
INFO: Run Behavior\ShowPageTraceBehavior [ RunTime:0.000506s ]
INFO: [ app_end ] --END-- [ RunTime:0.000564s ]

[ 2016-12-18T01:44:32+08:00 ] 123.125.71.52 /home.php/Gamesdetails/index/typeId/2
INFO: [ app_init ] --START--
INFO: Run Behavior\BuildLiteBehavior [ RunTime:0.000016s ]
INFO: [ app_init ] --END-- [ RunTime:0.000361s ]
INFO: [ app_begin ] --START--
INFO: Run Behavior\ReadHtmlCacheBehavior [ RunTime:0.000481s ]
INFO: [ app_begin ] --END-- [ RunTime:0.000534s ]
SQL: SHOW COLUMNS FROM `gamestype` [ RunTime:0.001671s ]
SQL: SELECT * FROM `gamestype` LIMIT 0,3   [ RunTime:0.001484s ]
SQL: SHOW COLUMNS FROM `gamesdetails` [ RunTime:0.001658s ]
SQL: SELECT COUNT(*) AS tp_count FROM `gamesdetails` WHERE ( tid=2 ) LIMIT 1   [ RunTime:0.001384s ]
SQL: SELECT * FROM `gamesdetails` WHERE ( tid=2 ) ORDER BY gamehot desc LIMIT 0,4   [ RunTime:0.001447s ]
INFO: [ view_parse ] --START--
INFO: [ template_filter ] --START--
INFO: Run Behavior\ContentReplaceBehavior [ RunTime:0.000038s ]
INFO: [ template_filter ] --END-- [ RunTime:0.000083s ]
NOTIC: [8] Undefined index: usermsg /data/home/bxu2359300359/htdocs/application/Runtime/Cache/Home/cff27e63c4e56700283b6a48118f6b99.php 第 16 行.
INFO: Run Behavior\ParseTemplateBehavior [ RunTime:0.033859s ]
INFO: [ view_parse ] --END-- [ RunTime:0.033911s ]
INFO: [ view_filter ] --START--
INFO: Run Behavior\WriteHtmlCacheBehavior [ RunTime:0.000245s ]
INFO: [ view_filter ] --END-- [ RunTime:0.000279s ]
INFO: [ app_end ] --START--
INFO: Run Behavior\ShowPageTraceBehavior [ RunTime:0.000568s ]
INFO: [ app_end ] --END-- [ RunTime:0.000612s ]

[ 2016-12-18T02:17:52+08:00 ] 123.125.71.85 /home.php/Regist/index
INFO: [ app_init ] --START--
INFO: Run Behavior\BuildLiteBehavior [ RunTime:0.000012s ]
INFO: [ app_init ] --END-- [ RunTime:0.000383s ]
INFO: [ app_begin ] --START--
INFO: Run Behavior\ReadHtmlCacheBehavior [ RunTime:0.000576s ]
INFO: [ app_begin ] --END-- [ RunTime:0.000630s ]
NOTIC: [8] Use of undefined constant HTTP_REFERER - assumed 'HTTP_REFERER' /data/home/bxu2359300359/htdocs/application/Home/Controller/RegistController.class.php 第 7 行.
NOTIC: [8] Undefined index: HTTP_REFERER /data/home/bxu2359300359/htdocs/application/Home/Controller/RegistController.class.php 第 7 行.
INFO: [ view_parse ] --START--
INFO: [ template_filter ] --START--
INFO: Run Behavior\ContentReplaceBehavior [ RunTime:0.000043s ]
INFO: [ template_filter ] --END-- [ RunTime:0.000088s ]
INFO: Run Behavior\ParseTemplateBehavior [ RunTime:0.006842s ]
INFO: [ view_parse ] --END-- [ RunTime:0.006894s ]
INFO: [ view_filter ] --START--
INFO: Run Behavior\WriteHtmlCacheBehavior [ RunTime:0.000230s ]
INFO: [ view_filter ] --END-- [ RunTime:0.000260s ]
INFO: [ app_end ] --START--
INFO: Run Behavior\ShowPageTraceBehavior [ RunTime:0.000481s ]
INFO: [ app_end ] --END-- [ RunTime:0.000520s ]

[ 2016-12-18T02:17:52+08:00 ] 123.125.71.36 /home.php/Gamesdetails/index/typeId/1
INFO: [ app_init ] --START--
INFO: Run Behavior\BuildLiteBehavior [ RunTime:0.000016s ]
INFO: [ app_init ] --END-- [ RunTime:0.000368s ]
INFO: [ app_begin ] --START--
INFO: Run Behavior\ReadHtmlCacheBehavior [ RunTime:0.000511s ]
INFO: [ app_begin ] --END-- [ RunTime:0.000558s ]
SQL: SHOW COLUMNS FROM `gamestype` [ RunTime:0.001427s ]
SQL: SELECT * FROM `gamestype` LIMIT 0,3   [ RunTime:0.000918s ]
SQL: SHOW COLUMNS FROM `gamesdetails` [ RunTime:0.001363s ]
SQL: SELECT COUNT(*) AS tp_count FROM `gamesdetails` WHERE ( tid=1 ) LIMIT 1   [ RunTime:0.001235s ]
SQL: SELECT * FROM `gamesdetails` WHERE ( tid=1 ) ORDER BY gamehot desc LIMIT 0,4   [ RunTime:0.001331s ]
INFO: [ view_parse ] --START--
INFO: [ template_filter ] --START--
INFO: Run Behavior\ContentReplaceBehavior [ RunTime:0.000034s ]
INFO: [ template_filter ] --END-- [ RunTime:0.000076s ]
NOTIC: [8] Undefined index: usermsg /data/home/bxu2359300359/htdocs/application/Runtime/Cache/Home/cff27e63c4e56700283b6a48118f6b99.php 第 16 行.
INFO: Run Behavior\ParseTemplateBehavior [ RunTime:0.008994s ]
INFO: [ view_parse ] --END-- [ RunTime:0.009037s ]
INFO: [ view_filter ] --START--
INFO: Run Behavior\WriteHtmlCacheBehavior [ RunTime:0.000234s ]
INFO: [ view_filter ] --END-- [ RunTime:0.000277s ]
INFO: [ app_end ] --START--
INFO: Run Behavior\ShowPageTraceBehavior [ RunTime:0.000473s ]
INFO: [ app_end ] --END-- [ RunTime:0.000516s ]

[ 2016-12-18T02:31:58+08:00 ] 123.125.71.73 /home.php/Gamesdetails/index/typeId/3
INFO: [ app_init ] --START--
INFO: Run Behavior\BuildLiteBehavior [ RunTime:0.000015s ]
INFO: [ app_init ] --END-- [ RunTime:0.000371s ]
INFO: [ app_begin ] --START--
INFO: Run Behavior\ReadHtmlCacheBehavior [ RunTime:0.000514s ]
INFO: [ app_begin ] --END-- [ RunTime:0.000560s ]
SQL: SHOW COLUMNS FROM `gamestype` [ RunTime:0.001585s ]
SQL: SELECT * FROM `gamestype` LIMIT 0,3   [ RunTime:0.001500s ]
SQL: SHOW COLUMNS FROM `gamesdetails` [ RunTime:0.001694s ]
SQL: SELECT COUNT(*) AS tp_count FROM `gamesdetails` WHERE ( tid=3 ) LIMIT 1   [ RunTime:0.001312s ]
SQL: SELECT * FROM `gamesdetails` WHERE ( tid=3 ) ORDER BY gamehot desc LIMIT 0,4   [ RunTime:0.001387s ]
INFO: [ view_parse ] --START--
INFO: [ template_filter ] --START--
INFO: Run Behavior\ContentReplaceBehavior [ RunTime:0.000033s ]
INFO: [ template_filter ] --END-- [ RunTime:0.000081s ]
NOTIC: [8] Undefined index: usermsg /data/home/bxu2359300359/htdocs/application/Runtime/Cache/Home/cff27e63c4e56700283b6a48118f6b99.php 第 16 行.
INFO: Run Behavior\ParseTemplateBehavior [ RunTime:0.008975s ]
INFO: [ view_parse ] --END-- [ RunTime:0.009018s ]
INFO: [ view_filter ] --START--
INFO: Run Behavior\WriteHtmlCacheBehavior [ RunTime:0.000245s ]
INFO: [ view_filter ] --END-- [ RunTime:0.000280s ]
INFO: [ app_end ] --START--
INFO: Run Behavior\ShowPageTraceBehavior [ RunTime:0.000489s ]
INFO: [ app_end ] --END-- [ RunTime:0.000531s ]

[ 2016-12-18T02:31:58+08:00 ] 220.181.108.184 /home.php/Gamesnews/index/newsId/3
INFO: [ app_init ] --START--
INFO: Run Behavior\BuildLiteBehavior [ RunTime:0.000013s ]
INFO: [ app_init ] --END-- [ RunTime:0.000352s ]
INFO: [ app_begin ] --START--
INFO: Run Behavior\ReadHtmlCacheBehavior [ RunTime:0.000496s ]
INFO: [ app_begin ] --END-- [ RunTime:0.000542s ]
SQL: SHOW COLUMNS FROM `gamestype` [ RunTime:0.001401s ]
SQL: SHOW COLUMNS FROM `gamesnews` [ RunTime:0.001596s ]
SQL: UPDATE `gamesnews` SET `hints`=hints+1 WHERE ( id=3 ) [ RunTime:0.004415s ]
SQL: SHOW COLUMNS FROM `newsimg` [ RunTime:0.001395s ]
INFO: [ view_parse ] --START--
INFO: [ template_filter ] --START--
INFO: Run Behavior\ContentReplaceBehavior [ RunTime:0.000039s ]
INFO: [ template_filter ] --END-- [ RunTime:0.000085s ]
NOTIC: [8] Undefined index: usermsg /data/home/bxu2359300359/htdocs/application/Runtime/Cache/Home/560da5e34cc660081ae9269f103ae089.php 第 16 行.
INFO: Run Behavior\ParseTemplateBehavior [ RunTime:0.007275s ]
INFO: [ view_parse ] --END-- [ RunTime:0.007316s ]
INFO: [ view_filter ] --START--
INFO: Run Behavior\WriteHtmlCacheBehavior [ RunTime:0.000226s ]
INFO: [ view_filter ] --END-- [ RunTime:0.000265s ]
INFO: [ app_end ] --START--
INFO: Run Behavior\ShowPageTraceBehavior [ RunTime:0.000470s ]
INFO: [ app_end ] --END-- [ RunTime:0.000508s ]

[ 2016-12-18T02:46:04+08:00 ] 220.181.108.169 /home.php/Gamesnews/index/newsId/2
INFO: [ app_init ] --START--
INFO: Run Behavior\BuildLiteBehavior [ RunTime:0.000013s ]
INFO: [ app_init ] --END-- [ RunTime:0.000348s ]
INFO: [ app_begin ] --START--
INFO: Run Behavior\ReadHtmlCacheBehavior [ RunTime:0.000461s ]
INFO: [ app_begin ] --END-- [ RunTime:0.000507s ]
SQL: SHOW COLUMNS FROM `gamestype` [ RunTime:0.001397s ]
SQL: SHOW COLUMNS FROM `gamesnews` [ RunTime:0.001318s ]
SQL: UPDATE `gamesnews` SET `hints`=hints+1 WHERE ( id=2 ) [ RunTime:0.002998s ]
SQL: SHOW COLUMNS FROM `newsimg` [ RunTime:0.001290s ]
INFO: [ view_parse ] --START--
INFO: [ template_filter ] --START--
INFO: Run Behavior\ContentReplaceBehavior [ RunTime:0.000035s ]
INFO: [ template_filter ] --END-- [ RunTime:0.000082s ]
NOTIC: [8] Undefined index: usermsg /data/home/bxu2359300359/htdocs/application/Runtime/Cache/Home/560da5e34cc660081ae9269f103ae089.php 第 16 行.
INFO: Run Behavior\ParseTemplateBehavior [ RunTime:0.007540s ]
INFO: [ view_parse ] --END-- [ RunTime:0.007584s ]
INFO: [ view_filter ] --START--
INFO: Run Behavior\WriteHtmlCacheBehavior [ RunTime:0.000302s ]
INFO: [ view_filter ] --END-- [ RunTime:0.000337s ]
INFO: [ app_end ] --START--
INFO: Run Behavior\ShowPageTraceBehavior [ RunTime:0.000505s ]
INFO: [ app_end ] --END-- [ RunTime:0.000544s ]

[ 2016-12-18T02:46:04+08:00 ] 220.181.108.165 /home.php/Gamesnews/index/newsId/1
INFO: [ app_init ] --START--
INFO: Run Behavior\BuildLiteBehavior [ RunTime:0.000016s ]
INFO: [ app_init ] --END-- [ RunTime:0.000458s ]
INFO: [ app_begin ] --START--
INFO: Run Behavior\ReadHtmlCacheBehavior [ RunTime:0.000492s ]
INFO: [ app_begin ] --END-- [ RunTime:0.000537s ]
SQL: SHOW COLUMNS FROM `gamestype` [ RunTime:0.001256s ]
SQL: SHOW COLUMNS FROM `gamesnews` [ RunTime:0.001395s ]
SQL: UPDATE `gamesnews` SET `hints`=hints+1 WHERE ( id=1 ) [ RunTime:0.004043s ]
SQL: SHOW COLUMNS FROM `newsimg` [ RunTime:0.001340s ]
INFO: [ view_parse ] --START--
INFO: [ template_filter ] --START--
INFO: Run Behavior\ContentReplaceBehavior [ RunTime:0.000039s ]
INFO: [ template_filter ] --END-- [ RunTime:0.000088s ]
NOTIC: [8] Undefined index: usermsg /data/home/bxu2359300359/htdocs/application/Runtime/Cache/Home/560da5e34cc660081ae9269f103ae089.php 第 16 行.
INFO: Run Behavior\ParseTemplateBehavior [ RunTime:0.007867s ]
INFO: [ view_parse ] --END-- [ RunTime:0.007914s ]
INFO: [ view_filter ] --START--
INFO: Run Behavior\WriteHtmlCacheBehavior [ RunTime:0.000229s ]
INFO: [ view_filter ] --END-- [ RunTime:0.000261s ]
INFO: [ app_end ] --START--
INFO: Run Behavior\ShowPageTraceBehavior [ RunTime:0.000525s ]
INFO: [ app_end ] --END-- [ RunTime:0.000567s ]

[ 2016-12-18T03:00:11+08:00 ] 220.181.108.83 /home.php/Gamesnews/index/newsId/4
INFO: [ app_init ] --START--
INFO: Run Behavior\BuildLiteBehavior [ RunTime:0.000015s ]
INFO: [ app_init ] --END-- [ RunTime:0.000428s ]
INFO: [ app_begin ] --START--
INFO: Run Behavior\ReadHtmlCacheBehavior [ RunTime:0.000474s ]
INFO: [ app_begin ] --END-- [ RunTime:0.000520s ]
SQL: SHOW COLUMNS FROM `gamestype` [ RunTime:0.001458s ]
SQL: SHOW COLUMNS FROM `gamesnews` [ RunTime:0.001914s ]
SQL: UPDATE `gamesnews` SET `hints`=hints+1 WHERE ( id=4 ) [ RunTime:0.004384s ]
SQL: SHOW COLUMNS FROM `newsimg` [ RunTime:0.001364s ]
NOTIC: [8] Undefined offset: 3 /data/home/bxu2359300359/htdocs/application/Home/Controller/GamesnewsController.class.php 第 31 行.
INFO: [ view_parse ] --START--
INFO: [ template_filter ] --START--
INFO: Run Behavior\ContentReplaceBehavior [ RunTime:0.000033s ]
INFO: [ template_filter ] --END-- [ RunTime:0.000069s ]
NOTIC: [8] Undefined index: usermsg /data/home/bxu2359300359/htdocs/application/Runtime/Cache/Home/560da5e34cc660081ae9269f103ae089.php 第 16 行.
INFO: Run Behavior\ParseTemplateBehavior [ RunTime:0.007468s ]
INFO: [ view_parse ] --END-- [ RunTime:0.007509s ]
INFO: [ view_filter ] --START--
INFO: Run Behavior\WriteHtmlCacheBehavior [ RunTime:0.000228s ]
INFO: [ view_filter ] --END-- [ RunTime:0.000263s ]
INFO: [ app_end ] --START--
INFO: Run Behavior\ShowPageTraceBehavior [ RunTime:0.000516s ]
INFO: [ app_end ] --END-- [ RunTime:0.000559s ]

[ 2016-12-18T03:00:11+08:00 ] 123.125.71.80 /home.php/Gamesnews/index/newsId/16
INFO: [ app_init ] --START--
INFO: Run Behavior\BuildLiteBehavior [ RunTime:0.000015s ]
INFO: [ app_init ] --END-- [ RunTime:0.000357s ]
INFO: [ app_begin ] --START--
INFO: Run Behavior\ReadHtmlCacheBehavior [ RunTime:0.000474s ]
INFO: [ app_begin ] --END-- [ RunTime:0.000520s ]
SQL: SHOW COLUMNS FROM `gamestype` [ RunTime:0.001284s ]
SQL: SHOW COLUMNS FROM `gamesnews` [ RunTime:0.001267s ]
SQL: UPDATE `gamesnews` SET `hints`=hints+1 WHERE ( id=16 ) [ RunTime:0.005662s ]
SQL: SHOW COLUMNS FROM `newsimg` [ RunTime:0.001276s ]
INFO: [ view_parse ] --START--
INFO: [ template_filter ] --START--
INFO: Run Behavior\ContentReplaceBehavior [ RunTime:0.000040s ]
INFO: [ template_filter ] --END-- [ RunTime:0.000083s ]
NOTIC: [8] Undefined index: usermsg /data/home/bxu2359300359/htdocs/application/Runtime/Cache/Home/560da5e34cc660081ae9269f103ae089.php 第 16 行.
INFO: Run Behavior\ParseTemplateBehavior [ RunTime:0.008721s ]
INFO: [ view_parse ] --END-- [ RunTime:0.008765s ]
INFO: [ view_filter ] --START--
INFO: Run Behavior\WriteHtmlCacheBehavior [ RunTime:0.000227s ]
INFO: [ view_filter ] --END-- [ RunTime:0.000262s ]
INFO: [ app_end ] --START--
INFO: Run Behavior\ShowPageTraceBehavior [ RunTime:0.000536s ]
INFO: [ app_end ] --END-- [ RunTime:0.000575s ]

[ 2016-12-18T03:14:17+08:00 ] 123.125.71.32 /home.php/Gamesnews/index/newsId/8
INFO: [ app_init ] --START--
INFO: Run Behavior\BuildLiteBehavior [ RunTime:0.000051s ]
INFO: [ app_init ] --END-- [ RunTime:0.000413s ]
INFO: [ app_begin ] --START--
INFO: Run Behavior\ReadHtmlCacheBehavior [ RunTime:0.000516s ]
INFO: [ app_begin ] --END-- [ RunTime:0.000573s ]
SQL: SHOW COLUMNS FROM `gamestype` [ RunTime:0.002510s ]
SQL: SHOW COLUMNS FROM `gamesnews` [ RunTime:0.001288s ]
SQL: UPDATE `gamesnews` SET `hints`=hints+1 WHERE ( id=8 ) [ RunTime:0.005360s ]
SQL: SHOW COLUMNS FROM `newsimg` [ RunTime:0.001348s ]
NOTIC: [8] Undefined offset: 8 /data/home/bxu2359300359/htdocs/application/Home/Controller/GamesnewsController.class.php 第 31 行.
INFO: [ view_parse ] --START--
INFO: [ template_filter ] --START--
INFO: Run Behavior\ContentReplaceBehavior [ RunTime:0.000031s ]
INFO: [ template_filter ] --END-- [ RunTime:0.000100s ]
NOTIC: [8] Undefined index: usermsg /data/home/bxu2359300359/htdocs/application/Runtime/Cache/Home/560da5e34cc660081ae9269f103ae089.php 第 16 行.
INFO: Run Behavior\ParseTemplateBehavior [ RunTime:0.007345s ]
INFO: [ view_parse ] --END-- [ RunTime:0.007386s ]
INFO: [ view_filter ] --START--
INFO: Run Behavior\WriteHtmlCacheBehavior [ RunTime:0.000248s ]
INFO: [ view_filter ] --END-- [ RunTime:0.000283s ]
INFO: [ app_end ] --START--
INFO: Run Behavior\ShowPageTraceBehavior [ RunTime:0.000477s ]
INFO: [ app_end ] --END-- [ RunTime:0.000674s ]

[ 2016-12-18T03:14:17+08:00 ] 220.181.108.102 /home.php/Gamesnews/index/newsId/5
INFO: [ app_init ] --START--
INFO: Run Behavior\BuildLiteBehavior [ RunTime:0.000015s ]
INFO: [ app_init ] --END-- [ RunTime:0.000376s ]
INFO: [ app_begin ] --START--
INFO: Run Behavior\ReadHtmlCacheBehavior [ RunTime:0.000504s ]
INFO: [ app_begin ] --END-- [ RunTime:0.000548s ]
SQL: SHOW COLUMNS FROM `gamestype` [ RunTime:0.001688s ]
SQL: SHOW COLUMNS FROM `gamesnews` [ RunTime:0.001485s ]
SQL: UPDATE `gamesnews` SET `hints`=hints+1 WHERE ( id=5 ) [ RunTime:0.003915s ]
SQL: SELECT * FROM `gamesnews` WHERE ( id=5 ) LIMIT 1   [ RunTime:0.001407s ]
SQL: SHOW COLUMNS FROM `newsimg` [ RunTime:0.001389s ]
SQL: SELECT COUNT(*) AS tp_count FROM `newsimg` WHERE ( newsid=5 ) LIMIT 1   [ RunTime:0.001410s ]
SQL: SELECT * FROM `newsimg` WHERE ( newsid=5 ) ORDER BY shunxu  [ RunTime:0.001242s ]
NOTIC: [8] Undefined offset: 2 /data/home/bxu2359300359/htdocs/application/Home/Controller/GamesnewsController.class.php 第 31 行.
INFO: [ view_parse ] --START--
INFO: [ template_filter ] --START--
INFO: Run Behavior\ContentReplaceBehavior [ RunTime:0.000039s ]
INFO: [ template_filter ] --END-- [ RunTime:0.000080s ]
NOTIC: [8] Undefined index: usermsg /data/home/bxu2359300359/htdocs/application/Runtime/Cache/Home/560da5e34cc660081ae9269f103ae089.php 第 16 行.
INFO: Run Behavior\ParseTemplateBehavior [ RunTime:0.007177s ]
INFO: [ view_parse ] --END-- [ RunTime:0.007215s ]
INFO: [ view_filter ] --START--
INFO: Run Behavior\WriteHtmlCacheBehavior [ RunTime:0.000249s ]
INFO: [ view_filter ] --END-- [ RunTime:0.000284s ]
INFO: [ app_end ] --START--
INFO: Run Behavior\ShowPageTraceBehavior [ RunTime:0.000537s ]
INFO: [ app_end ] --END-- [ RunTime:0.000580s ]

[ 2016-12-18T03:28:23+08:00 ] 220.181.108.165 /home.php/Gamesnews/index/newsId/17
INFO: [ app_init ] --START--
INFO: Run Behavior\BuildLiteBehavior [ RunTime:0.000015s ]
INFO: [ app_init ] --END-- [ RunTime:0.000407s ]
INFO: [ app_begin ] --START--
INFO: Run Behavior\ReadHtmlCacheBehavior [ RunTime:0.000540s ]
INFO: [ app_begin ] --END-- [ RunTime:0.000588s ]
SQL: SHOW COLUMNS FROM `gamestype` [ RunTime:0.001336s ]
SQL: SHOW COLUMNS FROM `gamesnews` [ RunTime:0.001267s ]
SQL: UPDATE `gamesnews` SET `hints`=hints+1 WHERE ( id=17 ) [ RunTime:0.003944s ]
SQL: SHOW COLUMNS FROM `newsimg` [ RunTime:0.001223s ]
NOTIC: [8] Undefined offset: 2 /data/home/bxu2359300359/htdocs/application/Home/Controller/GamesnewsController.class.php 第 31 行.
INFO: [ view_parse ] --START--
INFO: [ template_filter ] --START--
INFO: Run Behavior\ContentReplaceBehavior [ RunTime:0.000043s ]
INFO: [ template_filter ] --END-- [ RunTime:0.000085s ]
NOTIC: [8] Undefined index: usermsg /data/home/bxu2359300359/htdocs/application/Runtime/Cache/Home/560da5e34cc660081ae9269f103ae089.php 第 16 行.
INFO: Run Behavior\ParseTemplateBehavior [ RunTime:0.007703s ]
INFO: [ view_parse ] --END-- [ RunTime:0.007745s ]
INFO: [ view_filter ] --START--
INFO: Run Behavior\WriteHtmlCacheBehavior [ RunTime:0.000259s ]
INFO: [ view_filter ] --END-- [ RunTime:0.000296s ]
INFO: [ app_end ] --START--
INFO: Run Behavior\ShowPageTraceBehavior [ RunTime:0.000557s ]
INFO: [ app_end ] --END-- [ RunTime:0.000601s ]

[ 2016-12-18T03:28:23+08:00 ] 123.125.71.111 /home.php/Gamesnews/index/newsId/9
INFO: [ app_init ] --START--
INFO: Run Behavior\BuildLiteBehavior [ RunTime:0.000015s ]
INFO: [ app_init ] --END-- [ RunTime:0.000380s ]
INFO: [ app_begin ] --START--
INFO: Run Behavior\ReadHtmlCacheBehavior [ RunTime:0.000469s ]
INFO: [ app_begin ] --END-- [ RunTime:0.000517s ]
SQL: SHOW COLUMNS FROM `gamestype` [ RunTime:0.001348s ]
SQL: SHOW COLUMNS FROM `gamesnews` [ RunTime:0.001214s ]
SQL: UPDATE `gamesnews` SET `hints`=hints+1 WHERE ( id=9 ) [ RunTime:0.010431s ]
SQL: SHOW COLUMNS FROM `newsimg` [ RunTime:0.001233s ]
NOTIC: [8] Undefined offset: 4 /data/home/bxu2359300359/htdocs/application/Home/Controller/GamesnewsController.class.php 第 31 行.
INFO: [ view_parse ] --START--
INFO: [ template_filter ] --START--
INFO: Run Behavior\ContentReplaceBehavior [ RunTime:0.000036s ]
INFO: [ template_filter ] --END-- [ RunTime:0.000085s ]
NOTIC: [8] Undefined index: usermsg /data/home/bxu2359300359/htdocs/application/Runtime/Cache/Home/560da5e34cc660081ae9269f103ae089.php 第 16 行.
INFO: Run Behavior\ParseTemplateBehavior [ RunTime:0.007467s ]
INFO: [ view_parse ] --END-- [ RunTime:0.007511s ]
INFO: [ view_filter ] --START--
INFO: Run Behavior\WriteHtmlCacheBehavior [ RunTime:0.000229s ]
INFO: [ view_filter ] --END-- [ RunTime:0.000264s ]
INFO: [ app_end ] --START--
INFO: Run Behavior\ShowPageTraceBehavior [ RunTime:0.000520s ]
INFO: [ app_end ] --END-- [ RunTime:0.000561s ]

[ 2016-12-18T03:42:30+08:00 ] 220.181.108.182 /home.php/Gamesnews/index/newsId/15
INFO: [ app_init ] --START--
INFO: Run Behavior\BuildLiteBehavior [ RunTime:0.000017s ]
INFO: [ app_init ] --END-- [ RunTime:0.000375s ]
INFO: [ app_begin ] --START--
INFO: Run Behavior\ReadHtmlCacheBehavior [ RunTime:0.000674s ]
INFO: [ app_begin ] --END-- [ RunTime:0.000742s ]
SQL: SHOW COLUMNS FROM `gamestype` [ RunTime:0.001806s ]
SQL: SHOW COLUMNS FROM `gamesnews` [ RunTime:0.001421s ]
SQL: UPDATE `gamesnews` SET `hints`=hints+1 WHERE ( id=15 ) [ RunTime:0.003945s ]
SQL: SHOW COLUMNS FROM `newsimg` [ RunTime:0.002706s ]
INFO: [ view_parse ] --START--
INFO: [ template_filter ] --START--
INFO: Run Behavior\ContentReplaceBehavior [ RunTime:0.000038s ]
INFO: [ template_filter ] --END-- [ RunTime:0.000083s ]
NOTIC: [8] Undefined index: usermsg /data/home/bxu2359300359/htdocs/application/Runtime/Cache/Home/560da5e34cc660081ae9269f103ae089.php 第 16 行.
INFO: Run Behavior\ParseTemplateBehavior [ RunTime:0.007393s ]
INFO: [ view_parse ] --END-- [ RunTime:0.007436s ]
INFO: [ view_filter ] --START--
INFO: Run Behavior\WriteHtmlCacheBehavior [ RunTime:0.000302s ]
INFO: [ view_filter ] --END-- [ RunTime:0.000337s ]
INFO: [ app_end ] --START--
INFO: Run Behavior\ShowPageTraceBehavior [ RunTime:0.000504s ]
INFO: [ app_end ] --END-- [ RunTime:0.000547s ]

[ 2016-12-18T03:42:30+08:00 ] 220.181.108.78 /home.php/Gamesnews/index/newsId/12
INFO: [ app_init ] --START--
INFO: Run Behavior\BuildLiteBehavior [ RunTime:0.000013s ]
INFO: [ app_init ] --END-- [ RunTime:0.000370s ]
INFO: [ app_begin ] --START--
INFO: Run Behavior\ReadHtmlCacheBehavior [ RunTime:0.000464s ]
INFO: [ app_begin ] --END-- [ RunTime:0.000510s ]
SQL: SHOW COLUMNS FROM `gamestype` [ RunTime:0.001290s ]
SQL: SHOW COLUMNS FROM `gamesnews` [ RunTime:0.003941s ]
SQL: UPDATE `gamesnews` SET `hints`=hints+1 WHERE ( id=12 ) [ RunTime:0.003774s ]
SQL: SHOW COLUMNS FROM `newsimg` [ RunTime:0.001279s ]
INFO: [ view_parse ] --START--
INFO: [ template_filter ] --START--
INFO: Run Behavior\ContentReplaceBehavior [ RunTime:0.000039s ]
INFO: [ template_filter ] --END-- [ RunTime:0.000088s ]
NOTIC: [8] Undefined index: usermsg /data/home/bxu2359300359/htdocs/application/Runtime/Cache/Home/560da5e34cc660081ae9269f103ae089.php 第 16 行.
INFO: Run Behavior\ParseTemplateBehavior [ RunTime:0.007742s ]
INFO: [ view_parse ] --END-- [ RunTime:0.007790s ]
INFO: [ view_filter ] --START--
INFO: Run Behavior\WriteHtmlCacheBehavior [ RunTime:0.000229s ]
INFO: [ view_filter ] --END-- [ RunTime:0.000264s ]
INFO: [ app_end ] --START--
INFO: Run Behavior\ShowPageTraceBehavior [ RunTime:0.000521s ]
INFO: [ app_end ] --END-- [ RunTime:0.000562s ]

[ 2016-12-18T03:46:49+08:00 ] 103.59.156.16 /
INFO: [ app_init ] --START--
INFO: Run Behavior\BuildLiteBehavior [ RunTime:0.000016s ]
INFO: [ app_init ] --END-- [ RunTime:0.000351s ]
INFO: [ app_begin ] --START--
INFO: Run Behavior\ReadHtmlCacheBehavior [ RunTime:0.000484s ]
INFO: [ app_begin ] --END-- [ RunTime:0.000530s ]
SQL: SHOW COLUMNS FROM `gamesdetails` [ RunTime:0.001503s ]
SQL: SELECT `id` FROM `gamesdetails` WHERE ( gamesname='英雄联盟' ) LIMIT 1   [ RunTime:0.001173s ]
SQL: SELECT `id` FROM `gamesdetails` WHERE ( gamesname='地下城与勇士' ) LIMIT 1   [ RunTime:0.001374s ]
SQL: SELECT `id` FROM `gamesdetails` WHERE ( gamesname='阴阳师' ) LIMIT 1   [ RunTime:0.001015s ]
SQL: SELECT COUNT(*) AS tp_count FROM `gamesdetails` LIMIT 1   [ RunTime:0.001116s ]
SQL: SHOW COLUMNS FROM `lol_newsimg` [ RunTime:0.001316s ]
SQL: SHOW COLUMNS FROM `lol_freehero` [ RunTime:0.001258s ]
SQL: SHOW COLUMNS FROM `gamestype` [ RunTime:0.001136s ]
SQL: SELECT `gamesname`,`smalldesktop`,`gametype` FROM `gamesdetails` WHERE ( tid=1 ) ORDER BY gamehot desc LIMIT 0,10   [ RunTime:0.001295s ]
SQL: SELECT `gamesname`,`smalldesktop`,`gametype` FROM `gamesdetails` WHERE ( tid=2 ) ORDER BY gamehot desc LIMIT 0,10   [ RunTime:0.001117s ]
SQL: SELECT `gamesname`,`smalldesktop`,`gametype` FROM `gamesdetails` WHERE ( tid=3 ) ORDER BY gamehot desc LIMIT 0,10   [ RunTime:0.001087s ]
SQL: SELECT `gamesname`,`smalldesktop`,`gametype` FROM `gamesdetails` WHERE ( tid=4 ) ORDER BY gamehot desc LIMIT 0,10   [ RunTime:0.001096s ]
SQL: SELECT `id` FROM `gamestype` WHERE ( gamestypename='网络游戏' ) LIMIT 1   [ RunTime:0.001123s ]
SQL: SELECT `id` FROM `gamestype` WHERE ( gamestypename='单机游戏' ) LIMIT 1   [ RunTime:0.000979s ]
SQL: SELECT `id` FROM `gamestype` WHERE ( gamestypename='手机游戏' ) LIMIT 1   [ RunTime:0.000992s ]
SQL: SHOW COLUMNS FROM `gamesnews` [ RunTime:0.001240s ]
SQL: SELECT * FROM `gamesnews` ORDER BY hints desc LIMIT 0,4   [ RunTime:0.002314s ]
SQL: SHOW COLUMNS FROM `newsimg` [ RunTime:0.001156s ]
INFO: [ view_parse ] --START--
INFO: [ template_filter ] --START--
INFO: Run Behavior\ContentReplaceBehavior [ RunTime:0.000157s ]
INFO: [ template_filter ] --END-- [ RunTime:0.000198s ]
NOTIC: [8] Undefined index: usermsg /data/home/bxu2359300359/htdocs/application/Runtime/Cache/Home/7ab946f4f0f5a79245f9543582fd5300.php 第 92 行.
INFO: Run Behavior\ParseTemplateBehavior [ RunTime:0.031968s ]
INFO: [ view_parse ] --END-- [ RunTime:0.032010s ]
INFO: [ view_filter ] --START--
INFO: Run Behavior\WriteHtmlCacheBehavior [ RunTime:0.000251s ]
INFO: [ view_filter ] --END-- [ RunTime:0.000287s ]
INFO: [ app_end ] --START--
INFO: Run Behavior\ShowPageTraceBehavior [ RunTime:0.000521s ]
INFO: [ app_end ] --END-- [ RunTime:0.000562s ]

[ 2016-12-18T03:56:36+08:00 ] 123.125.71.114 /home.php/Gamesnews/index/newsId/13
INFO: [ app_init ] --START--
INFO: Run Behavior\BuildLiteBehavior [ RunTime:0.000013s ]
INFO: [ app_init ] --END-- [ RunTime:0.000341s ]
INFO: [ app_begin ] --START--
INFO: Run Behavior\ReadHtmlCacheBehavior [ RunTime:0.000463s ]
INFO: [ app_begin ] --END-- [ RunTime:0.000509s ]
SQL: SHOW COLUMNS FROM `gamestype` [ RunTime:0.001476s ]
SQL: SHOW COLUMNS FROM `gamesnews` [ RunTime:0.001532s ]
SQL: UPDATE `gamesnews` SET `hints`=hints+1 WHERE ( id=13 ) [ RunTime:0.004215s ]
SQL: SHOW COLUMNS FROM `newsimg` [ RunTime:0.001387s ]
NOTIC: [8] Undefined offset: 2 /data/home/bxu2359300359/htdocs/application/Home/Controller/GamesnewsController.class.php 第 31 行.
INFO: [ view_parse ] --START--
INFO: [ template_filter ] --START--
INFO: Run Behavior\ContentReplaceBehavior [ RunTime:0.000039s ]
INFO: [ template_filter ] --END-- [ RunTime:0.000085s ]
NOTIC: [8] Undefined index: usermsg /data/home/bxu2359300359/htdocs/application/Runtime/Cache/Home/560da5e34cc660081ae9269f103ae089.php 第 16 行.
INFO: Run Behavior\ParseTemplateBehavior [ RunTime:0.007363s ]
INFO: [ view_parse ] --END-- [ RunTime:0.007406s ]
INFO: [ view_filter ] --START--
INFO: Run Behavior\WriteHtmlCacheBehavior [ RunTime:0.000232s ]
INFO: [ view_filter ] --END-- [ RunTime:0.000267s ]
INFO: [ app_end ] --START--
INFO: Run Behavior\ShowPageTraceBehavior [ RunTime:0.000517s ]
INFO: [ app_end ] --END-- [ RunTime:0.000556s ]

[ 2016-12-18T03:56:36+08:00 ] 220.181.108.112 /home.php/Gamesnews/index/newsId/10
INFO: [ app_init ] --START--
INFO: Run Behavior\BuildLiteBehavior [ RunTime:0.000015s ]
INFO: [ app_init ] --END-- [ RunTime:0.000384s ]
INFO: [ app_begin ] --START--
INFO: Run Behavior\ReadHtmlCacheBehavior [ RunTime:0.000475s ]
INFO: [ app_begin ] --END-- [ RunTime:0.000522s ]
SQL: SHOW COLUMNS FROM `gamestype` [ RunTime:0.001721s ]
SQL: SHOW COLUMNS FROM `gamesnews` [ RunTime:0.001513s ]
SQL: UPDATE `gamesnews` SET `hints`=hints+1 WHERE ( id=10 ) [ RunTime:0.007423s ]
SQL: SHOW COLUMNS FROM `newsimg` [ RunTime:0.001391s ]
NOTIC: [8] Undefined offset: 2 /data/home/bxu2359300359/htdocs/application/Home/Controller/GamesnewsController.class.php 第 31 行.
INFO: [ view_parse ] --START--
INFO: [ template_filter ] --START--
INFO: Run Behavior\ContentReplaceBehavior [ RunTime:0.000043s ]
INFO: [ template_filter ] --END-- [ RunTime:0.000086s ]
NOTIC: [8] Undefined index: usermsg /data/home/bxu2359300359/htdocs/application/Runtime/Cache/Home/560da5e34cc660081ae9269f103ae089.php 第 16 行.
INFO: Run Behavior\ParseTemplateBehavior [ RunTime:0.007988s ]
INFO: [ view_parse ] --END-- [ RunTime:0.008030s ]
INFO: [ view_filter ] --START--
INFO: Run Behavior\WriteHtmlCacheBehavior [ RunTime:0.000235s ]
INFO: [ view_filter ] --END-- [ RunTime:0.000271s ]
INFO: [ app_end ] --START--
INFO: Run Behavior\ShowPageTraceBehavior [ RunTime:0.000511s ]
INFO: [ app_end ] --END-- [ RunTime:0.000551s ]

[ 2016-12-18T04:10:42+08:00 ] 220.181.108.172 /home.php/Gamesnews/index/newsId/20
INFO: [ app_init ] --START--
INFO: Run Behavior\BuildLiteBehavior [ RunTime:0.000016s ]
INFO: [ app_init ] --END-- [ RunTime:0.000362s ]
INFO: [ app_begin ] --START--
INFO: Run Behavior\ReadHtmlCacheBehavior [ RunTime:0.000498s ]
INFO: [ app_begin ] --END-- [ RunTime:0.000551s ]
SQL: SHOW COLUMNS FROM `gamestype` [ RunTime:0.001641s ]
SQL: SHOW COLUMNS FROM `gamesnews` [ RunTime:0.001519s ]
SQL: UPDATE `gamesnews` SET `hints`=hints+1 WHERE ( id=20 ) [ RunTime:0.004360s ]
SQL: SHOW COLUMNS FROM `newsimg` [ RunTime:0.001510s ]
NOTIC: [8] Undefined offset: 5 /data/home/bxu2359300359/htdocs/application/Home/Controller/GamesnewsController.class.php 第 31 行.
INFO: [ view_parse ] --START--
INFO: [ template_filter ] --START--
INFO: Run Behavior\ContentReplaceBehavior [ RunTime:0.000033s ]
INFO: [ template_filter ] --END-- [ RunTime:0.000075s ]
NOTIC: [8] Undefined index: usermsg /data/home/bxu2359300359/htdocs/application/Runtime/Cache/Home/560da5e34cc660081ae9269f103ae089.php 第 16 行.
INFO: Run Behavior\ParseTemplateBehavior [ RunTime:0.007643s ]
INFO: [ view_parse ] --END-- [ RunTime:0.007684s ]
INFO: [ view_filter ] --START--
INFO: Run Behavior\WriteHtmlCacheBehavior [ RunTime:0.000224s ]
INFO: [ view_filter ] --END-- [ RunTime:0.000258s ]
INFO: [ app_end ] --START--
INFO: Run Behavior\ShowPageTraceBehavior [ RunTime:0.000530s ]
INFO: [ app_end ] --END-- [ RunTime:0.000573s ]

[ 2016-12-18T04:10:42+08:00 ] 123.125.71.89 /home.php/Gamesnews/index/newsId/6
INFO: [ app_init ] --START--
INFO: Run Behavior\BuildLiteBehavior [ RunTime:0.000012s ]
INFO: [ app_init ] --END-- [ RunTime:0.000349s ]
INFO: [ app_begin ] --START--
INFO: Run Behavior\ReadHtmlCacheBehavior [ RunTime:0.000459s ]
INFO: [ app_begin ] --END-- [ RunTime:0.000505s ]
SQL: SHOW COLUMNS FROM `gamestype` [ RunTime:0.002206s ]
SQL: SHOW COLUMNS FROM `gamesnews` [ RunTime:0.001381s ]
SQL: UPDATE `gamesnews` SET `hints`=hints+1 WHERE ( id=6 ) [ RunTime:0.005809s ]
SQL: SHOW COLUMNS FROM `newsimg` [ RunTime:0.001530s ]
NOTIC: [8] Undefined offset: 2 /data/home/bxu2359300359/htdocs/application/Home/Controller/GamesnewsController.class.php 第 31 行.
INFO: [ view_parse ] --START--
INFO: [ template_filter ] --START--
INFO: Run Behavior\ContentReplaceBehavior [ RunTime:0.000039s ]
INFO: [ template_filter ] --END-- [ RunTime:0.000088s ]
NOTIC: [8] Undefined index: usermsg /data/home/bxu2359300359/htdocs/application/Runtime/Cache/Home/560da5e34cc660081ae9269f103ae089.php 第 16 行.
INFO: Run Behavior\ParseTemplateBehavior [ RunTime:0.007494s ]
INFO: [ view_parse ] --END-- [ RunTime:0.007537s ]
INFO: [ view_filter ] --START--
INFO: Run Behavior\WriteHtmlCacheBehavior [ RunTime:0.000239s ]
INFO: [ view_filter ] --END-- [ RunTime:0.000278s ]
INFO: [ app_end ] --START--
INFO: Run Behavior\ShowPageTraceBehavior [ RunTime:0.000546s ]
INFO: [ app_end ] --END-- [ RunTime:0.000586s ]

[ 2016-12-18T04:11:02+08:00 ] 220.181.108.113 /home.php/Gamesnews/index/newsId/14
INFO: [ app_init ] --START--
INFO: Run Behavior\BuildLiteBehavior [ RunTime:0.000015s ]
INFO: [ app_init ] --END-- [ RunTime:0.000410s ]
INFO: [ app_begin ] --START--
INFO: Run Behavior\ReadHtmlCacheBehavior [ RunTime:0.000461s ]
INFO: [ app_begin ] --END-- [ RunTime:0.000508s ]
SQL: SHOW COLUMNS FROM `gamestype` [ RunTime:0.001528s ]
SQL: SHOW COLUMNS FROM `gamesnews` [ RunTime:0.001392s ]
SQL: UPDATE `gamesnews` SET `hints`=hints+1 WHERE ( id=14 ) [ RunTime:0.005238s ]
SQL: SHOW COLUMNS FROM `newsimg` [ RunTime:0.001377s ]
NOTIC: [8] Undefined offset: 2 /data/home/bxu2359300359/htdocs/application/Home/Controller/GamesnewsController.class.php 第 31 行.
INFO: [ view_parse ] --START--
INFO: [ template_filter ] --START--
INFO: Run Behavior\ContentReplaceBehavior [ RunTime:0.000037s ]
INFO: [ template_filter ] --END-- [ RunTime:0.000085s ]
NOTIC: [8] Undefined index: usermsg /data/home/bxu2359300359/htdocs/application/Runtime/Cache/Home/560da5e34cc660081ae9269f103ae089.php 第 16 行.
INFO: Run Behavior\ParseTemplateBehavior [ RunTime:0.007397s ]
INFO: [ view_parse ] --END-- [ RunTime:0.007442s ]
INFO: [ view_filter ] --START--
INFO: Run Behavior\WriteHtmlCacheBehavior [ RunTime:0.000288s ]
INFO: [ view_filter ] --END-- [ RunTime:0.000324s ]
INFO: [ app_end ] --START--
INFO: Run Behavior\ShowPageTraceBehavior [ RunTime:0.000516s ]
INFO: [ app_end ] --END-- [ RunTime:0.000559s ]

[ 2016-12-18T04:11:02+08:00 ] 123.125.71.113 /home.php/Gamesnews/index/newsId/18
INFO: [ app_init ] --START--
INFO: Run Behavior\BuildLiteBehavior [ RunTime:0.000015s ]
INFO: [ app_init ] --END-- [ RunTime:0.000355s ]
INFO: [ app_begin ] --START--
INFO: Run Behavior\ReadHtmlCacheBehavior [ RunTime:0.000512s ]
INFO: [ app_begin ] --END-- [ RunTime:0.000559s ]
SQL: SHOW COLUMNS FROM `gamestype` [ RunTime:0.001154s ]
SQL: SHOW COLUMNS FROM `gamesnews` [ RunTime:0.001155s ]
SQL: UPDATE `gamesnews` SET `hints`=hints+1 WHERE ( id=18 ) [ RunTime:0.003130s ]
SQL: SHOW COLUMNS FROM `newsimg` [ RunTime:0.001163s ]
NOTIC: [8] Undefined offset: 2 /data/home/bxu2359300359/htdocs/application/Home/Controller/GamesnewsController.class.php 第 31 行.
INFO: [ view_parse ] --START--
INFO: [ template_filter ] --START--
INFO: Run Behavior\ContentReplaceBehavior [ RunTime:0.000042s ]
INFO: [ template_filter ] --END-- [ RunTime:0.000085s ]
NOTIC: [8] Undefined index: usermsg /data/home/bxu2359300359/htdocs/application/Runtime/Cache/Home/560da5e34cc660081ae9269f103ae089.php 第 16 行.
INFO: Run Behavior\ParseTemplateBehavior [ RunTime:0.007338s ]
INFO: [ view_parse ] --END-- [ RunTime:0.007377s ]
INFO: [ view_filter ] --START--
INFO: Run Behavior\WriteHtmlCacheBehavior [ RunTime:0.000246s ]
INFO: [ view_filter ] --END-- [ RunTime:0.000278s ]
INFO: [ app_end ] --START--
INFO: Run Behavior\ShowPageTraceBehavior [ RunTime:0.000565s ]
INFO: [ app_end ] --END-- [ RunTime:0.000605s ]

[ 2016-12-18T04:11:21+08:00 ] 220.181.108.100 /home.php/Gamesnews/index/newsId/19
INFO: [ app_init ] --START--
INFO: Run Behavior\BuildLiteBehavior [ RunTime:0.000016s ]
INFO: [ app_init ] --END-- [ RunTime:0.000385s ]
INFO: [ app_begin ] --START--
INFO: Run Behavior\ReadHtmlCacheBehavior [ RunTime:0.000476s ]
INFO: [ app_begin ] --END-- [ RunTime:0.000521s ]
SQL: SHOW COLUMNS FROM `gamestype` [ RunTime:0.001431s ]
SQL: SHOW COLUMNS FROM `gamesnews` [ RunTime:0.001293s ]
SQL: UPDATE `gamesnews` SET `hints`=hints+1 WHERE ( id=19 ) [ RunTime:0.004439s ]
SQL: SHOW COLUMNS FROM `newsimg` [ RunTime:0.001313s ]
NOTIC: [8] Undefined offset: 3 /data/home/bxu2359300359/htdocs/application/Home/Controller/GamesnewsController.class.php 第 31 行.
INFO: [ view_parse ] --START--
INFO: [ template_filter ] --START--
INFO: Run Behavior\ContentReplaceBehavior [ RunTime:0.000033s ]
INFO: [ template_filter ] --END-- [ RunTime:0.000077s ]
NOTIC: [8] Undefined index: usermsg /data/home/bxu2359300359/htdocs/application/Runtime/Cache/Home/560da5e34cc660081ae9269f103ae089.php 第 16 行.
INFO: Run Behavior\ParseTemplateBehavior [ RunTime:0.007235s ]
INFO: [ view_parse ] --END-- [ RunTime:0.007278s ]
INFO: [ view_filter ] --START--
INFO: Run Behavior\WriteHtmlCacheBehavior [ RunTime:0.000246s ]
INFO: [ view_filter ] --END-- [ RunTime:0.000282s ]
INFO: [ app_end ] --START--
INFO: Run Behavior\ShowPageTraceBehavior [ RunTime:0.000507s ]
INFO: [ app_end ] --END-- [ RunTime:0.000549s ]

[ 2016-12-18T04:16:30+08:00 ] 123.125.71.71 /home.php/Home/index
INFO: [ app_init ] --START--
INFO: Run Behavior\BuildLiteBehavior [ RunTime:0.000034s ]
INFO: [ app_init ] --END-- [ RunTime:0.000394s ]
INFO: [ app_begin ] --START--
INFO: Run Behavior\ReadHtmlCacheBehavior [ RunTime:0.000488s ]
INFO: [ app_begin ] --END-- [ RunTime:0.000544s ]
SQL: SHOW COLUMNS FROM `gamesdetails` [ RunTime:0.002037s ]
SQL: SELECT `id` FROM `gamesdetails` WHERE ( gamesname='英雄联盟' ) LIMIT 1   [ RunTime:0.001063s ]
SQL: SELECT `id` FROM `gamesdetails` WHERE ( gamesname='地下城与勇士' ) LIMIT 1   [ RunTime:0.001064s ]
SQL: SELECT `id` FROM `gamesdetails` WHERE ( gamesname='阴阳师' ) LIMIT 1   [ RunTime:0.001052s ]
SQL: SELECT COUNT(*) AS tp_count FROM `gamesdetails` LIMIT 1   [ RunTime:0.001059s ]
SQL: SHOW COLUMNS FROM `lol_newsimg` [ RunTime:0.001398s ]
SQL: SHOW COLUMNS FROM `lol_freehero` [ RunTime:0.001289s ]
SQL: SHOW COLUMNS FROM `gamestype` [ RunTime:0.001242s ]
SQL: SELECT `gamesname`,`smalldesktop`,`gametype` FROM `gamesdetails` WHERE ( tid=1 ) ORDER BY gamehot desc LIMIT 0,10   [ RunTime:0.001113s ]
SQL: SELECT `gamesname`,`smalldesktop`,`gametype` FROM `gamesdetails` WHERE ( tid=2 ) ORDER BY gamehot desc LIMIT 0,10   [ RunTime:0.001065s ]
SQL: SELECT `gamesname`,`smalldesktop`,`gametype` FROM `gamesdetails` WHERE ( tid=3 ) ORDER BY gamehot desc LIMIT 0,10   [ RunTime:0.001038s ]
SQL: SELECT `gamesname`,`smalldesktop`,`gametype` FROM `gamesdetails` WHERE ( tid=4 ) ORDER BY gamehot desc LIMIT 0,10   [ RunTime:0.001051s ]
SQL: SELECT `id` FROM `gamestype` WHERE ( gamestypename='网络游戏' ) LIMIT 1   [ RunTime:0.001029s ]
SQL: SELECT `id` FROM `gamestype` WHERE ( gamestypename='单机游戏' ) LIMIT 1   [ RunTime:0.001025s ]
SQL: SELECT `id` FROM `gamestype` WHERE ( gamestypename='手机游戏' ) LIMIT 1   [ RunTime:0.001063s ]
SQL: SHOW COLUMNS FROM `gamesnews` [ RunTime:0.001737s ]
SQL: SELECT * FROM `gamesnews` ORDER BY hints desc LIMIT 0,4   [ RunTime:0.002828s ]
SQL: SHOW COLUMNS FROM `newsimg` [ RunTime:0.001271s ]
INFO: [ view_parse ] --START--
INFO: [ template_filter ] --START--
INFO: Run Behavior\ContentReplaceBehavior [ RunTime:0.000192s ]
INFO: [ template_filter ] --END-- [ RunTime:0.000250s ]
NOTIC: [8] Undefined index: usermsg /data/home/bxu2359300359/htdocs/application/Runtime/Cache/Home/7ab946f4f0f5a79245f9543582fd5300.php 第 92 行.
INFO: Run Behavior\ParseTemplateBehavior [ RunTime:0.032940s ]
INFO: [ view_parse ] --END-- [ RunTime:0.032985s ]
INFO: [ view_filter ] --START--
INFO: Run Behavior\WriteHtmlCacheBehavior [ RunTime:0.000265s ]
INFO: [ view_filter ] --END-- [ RunTime:0.000302s ]
INFO: [ app_end ] --START--
INFO: Run Behavior\ShowPageTraceBehavior [ RunTime:0.000517s ]
INFO: [ app_end ] --END-- [ RunTime:0.000576s ]

[ 2016-12-18T05:15:54+08:00 ] 173.236.168.104 /
INFO: [ app_init ] --START--
INFO: Run Behavior\BuildLiteBehavior [ RunTime:0.000015s ]
INFO: [ app_init ] --END-- [ RunTime:0.000411s ]
INFO: [ app_begin ] --START--
INFO: Run Behavior\ReadHtmlCacheBehavior [ RunTime:0.000576s ]
INFO: [ app_begin ] --END-- [ RunTime:0.000644s ]
SQL: SHOW COLUMNS FROM `gamesdetails` [ RunTime:0.001686s ]
SQL: SELECT `id` FROM `gamesdetails` WHERE ( gamesname='英雄联盟' ) LIMIT 1   [ RunTime:0.001393s ]
SQL: SELECT `id` FROM `gamesdetails` WHERE ( gamesname='地下城与勇士' ) LIMIT 1   [ RunTime:0.001162s ]
SQL: SELECT `id` FROM `gamesdetails` WHERE ( gamesname='阴阳师' ) LIMIT 1   [ RunTime:0.001119s ]
SQL: SELECT COUNT(*) AS tp_count FROM `gamesdetails` LIMIT 1   [ RunTime:0.001262s ]
SQL: SHOW COLUMNS FROM `lol_newsimg` [ RunTime:0.001383s ]
SQL: SHOW COLUMNS FROM `lol_freehero` [ RunTime:0.001306s ]
SQL: SHOW COLUMNS FROM `gamestype` [ RunTime:0.001262s ]
SQL: SELECT `gamesname`,`smalldesktop`,`gametype` FROM `gamesdetails` WHERE ( tid=1 ) ORDER BY gamehot desc LIMIT 0,10   [ RunTime:0.001375s ]
SQL: SELECT `gamesname`,`smalldesktop`,`gametype` FROM `gamesdetails` WHERE ( tid=2 ) ORDER BY gamehot desc LIMIT 0,10   [ RunTime:0.001221s ]
SQL: SELECT `gamesname`,`smalldesktop`,`gametype` FROM `gamesdetails` WHERE ( tid=3 ) ORDER BY gamehot desc LIMIT 0,10   [ RunTime:0.001198s ]
SQL: SELECT `gamesname`,`smalldesktop`,`gametype` FROM `gamesdetails` WHERE ( tid=4 ) ORDER BY gamehot desc LIMIT 0,10   [ RunTime:0.001212s ]
SQL: SELECT `id` FROM `gamestype` WHERE ( gamestypename='网络游戏' ) LIMIT 1   [ RunTime:0.001195s ]
SQL: SELECT `id` FROM `gamestype` WHERE ( gamestypename='单机游戏' ) LIMIT 1   [ RunTime:0.001100s ]
SQL: SELECT `id` FROM `gamestype` WHERE ( gamestypename='手机游戏' ) LIMIT 1   [ RunTime:0.001098s ]
SQL: SHOW COLUMNS FROM `gamesnews` [ RunTime:0.001374s ]
SQL: SELECT * FROM `gamesnews` ORDER BY hints desc LIMIT 0,4   [ RunTime:0.003059s ]
SQL: SHOW COLUMNS FROM `newsimg` [ RunTime:0.001324s ]
INFO: [ view_parse ] --START--
INFO: [ template_filter ] --START--
INFO: Run Behavior\ContentReplaceBehavior [ RunTime:0.000161s ]
INFO: [ template_filter ] --END-- [ RunTime:0.000212s ]
NOTIC: [8] Undefined index: usermsg /data/home/bxu2359300359/htdocs/application/Runtime/Cache/Home/7ab946f4f0f5a79245f9543582fd5300.php 第 92 行.
INFO: Run Behavior\ParseTemplateBehavior [ RunTime:0.032854s ]
INFO: [ view_parse ] --END-- [ RunTime:0.032900s ]
INFO: [ view_filter ] --START--
INFO: Run Behavior\WriteHtmlCacheBehavior [ RunTime:0.000242s ]
INFO: [ view_filter ] --END-- [ RunTime:0.000279s ]
INFO: [ app_end ] --START--
INFO: Run Behavior\ShowPageTraceBehavior [ RunTime:0.000559s ]
INFO: [ app_end ] --END-- [ RunTime:0.000606s ]

[ 2016-12-18T05:31:41+08:00 ] 203.208.60.240 /
INFO: [ app_init ] --START--
INFO: Run Behavior\BuildLiteBehavior [ RunTime:0.000016s ]
INFO: [ app_init ] --END-- [ RunTime:0.000382s ]
INFO: [ app_begin ] --START--
INFO: Run Behavior\ReadHtmlCacheBehavior [ RunTime:0.000498s ]
INFO: [ app_begin ] --END-- [ RunTime:0.000547s ]
SQL: SHOW COLUMNS FROM `gamesdetails` [ RunTime:0.001415s ]
SQL: SELECT `id` FROM `gamesdetails` WHERE ( gamesname='英雄联盟' ) LIMIT 1   [ RunTime:0.001814s ]
SQL: SELECT `id` FROM `gamesdetails` WHERE ( gamesname='地下城与勇士' ) LIMIT 1   [ RunTime:0.000918s ]
SQL: SELECT `id` FROM `gamesdetails` WHERE ( gamesname='阴阳师' ) LIMIT 1   [ RunTime:0.000912s ]
SQL: SELECT COUNT(*) AS tp_count FROM `gamesdetails` LIMIT 1   [ RunTime:0.000911s ]
SQL: SHOW COLUMNS FROM `lol_newsimg` [ RunTime:0.002194s ]
SQL: SHOW COLUMNS FROM `lol_freehero` [ RunTime:0.002305s ]
SQL: SHOW COLUMNS FROM `gamestype` [ RunTime:0.001785s ]
SQL: SELECT `gamesname`,`smalldesktop`,`gametype` FROM `gamesdetails` WHERE ( tid=1 ) ORDER BY gamehot desc LIMIT 0,10   [ RunTime:0.000962s ]
SQL: SELECT `gamesname`,`smalldesktop`,`gametype` FROM `gamesdetails` WHERE ( tid=2 ) ORDER BY gamehot desc LIMIT 0,10   [ RunTime:0.000946s ]
SQL: SELECT `gamesname`,`smalldesktop`,`gametype` FROM `gamesdetails` WHERE ( tid=3 ) ORDER BY gamehot desc LIMIT 0,10   [ RunTime:0.000934s ]
SQL: SELECT `gamesname`,`smalldesktop`,`gametype` FROM `gamesdetails` WHERE ( tid=4 ) ORDER BY gamehot desc LIMIT 0,10   [ RunTime:0.000945s ]
SQL: SELECT `id` FROM `gamestype` WHERE ( gamestypename='网络游戏' ) LIMIT 1   [ RunTime:0.000929s ]
SQL: SELECT `id` FROM `gamestype` WHERE ( gamestypename='单机游戏' ) LIMIT 1   [ RunTime:0.000924s ]
SQL: SELECT `id` FROM `gamestype` WHERE ( gamestypename='手机游戏' ) LIMIT 1   [ RunTime:0.000939s ]
SQL: SHOW COLUMNS FROM `gamesnews` [ RunTime:0.001195s ]
SQL: SELECT * FROM `gamesnews` ORDER BY hints desc LIMIT 0,4   [ RunTime:0.001914s ]
SQL: SHOW COLUMNS FROM `newsimg` [ RunTime:0.001309s ]
INFO: [ view_parse ] --START--
INFO: [ template_filter ] --START--
INFO: Run Behavior\ContentReplaceBehavior [ RunTime:0.000137s ]
INFO: [ template_filter ] --END-- [ RunTime:0.000181s ]
NOTIC: [8] Undefined index: usermsg /data/home/bxu2359300359/htdocs/application/Runtime/Cache/Home/7ab946f4f0f5a79245f9543582fd5300.php 第 92 行.
INFO: Run Behavior\ParseTemplateBehavior [ RunTime:0.032515s ]
INFO: [ view_parse ] --END-- [ RunTime:0.032564s ]
INFO: [ view_filter ] --START--
INFO: Run Behavior\WriteHtmlCacheBehavior [ RunTime:0.000237s ]
INFO: [ view_filter ] --END-- [ RunTime:0.000272s ]
INFO: [ app_end ] --START--
INFO: Run Behavior\ShowPageTraceBehavior [ RunTime:0.000550s ]
INFO: [ app_end ] --END-- [ RunTime:0.000594s ]

[ 2016-12-18T06:27:54+08:00 ] 185.127.10.41 /
INFO: [ app_init ] --START--
INFO: Run Behavior\BuildLiteBehavior [ RunTime:0.000016s ]
INFO: [ app_init ] --END-- [ RunTime:0.000375s ]
INFO: [ app_begin ] --START--
INFO: Run Behavior\ReadHtmlCacheBehavior [ RunTime:0.000475s ]
INFO: [ app_begin ] --END-- [ RunTime:0.000520s ]
SQL: SHOW COLUMNS FROM `gamesdetails` [ RunTime:0.001866s ]
SQL: SELECT `id` FROM `gamesdetails` WHERE ( gamesname='英雄联盟' ) LIMIT 1   [ RunTime:0.001475s ]
SQL: SELECT `id` FROM `gamesdetails` WHERE ( gamesname='地下城与勇士' ) LIMIT 1   [ RunTime:0.001225s ]
SQL: SELECT `id` FROM `gamesdetails` WHERE ( gamesname='阴阳师' ) LIMIT 1   [ RunTime:0.001219s ]
SQL: SELECT COUNT(*) AS tp_count FROM `gamesdetails` LIMIT 1   [ RunTime:0.001283s ]
SQL: SHOW COLUMNS FROM `lol_newsimg` [ RunTime:0.001519s ]
SQL: SHOW COLUMNS FROM `lol_freehero` [ RunTime:0.001427s ]
SQL: SHOW COLUMNS FROM `gamestype` [ RunTime:0.001381s ]
SQL: SELECT `gamesname`,`smalldesktop`,`gametype` FROM `gamesdetails` WHERE ( tid=1 ) ORDER BY gamehot desc LIMIT 0,10   [ RunTime:0.001381s ]
SQL: SELECT `gamesname`,`smalldesktop`,`gametype` FROM `gamesdetails` WHERE ( tid=2 ) ORDER BY gamehot desc LIMIT 0,10   [ RunTime:0.001375s ]
SQL: SELECT `gamesname`,`smalldesktop`,`gametype` FROM `gamesdetails` WHERE ( tid=3 ) ORDER BY gamehot desc LIMIT 0,10   [ RunTime:0.001299s ]
SQL: SELECT `gamesname`,`smalldesktop`,`gametype` FROM `gamesdetails` WHERE ( tid=4 ) ORDER BY gamehot desc LIMIT 0,10   [ RunTime:0.001292s ]
SQL: SELECT `id` FROM `gamestype` WHERE ( gamestypename='网络游戏' ) LIMIT 1   [ RunTime:0.001330s ]
SQL: SELECT `id` FROM `gamestype` WHERE ( gamestypename='单机游戏' ) LIMIT 1   [ RunTime:0.001215s ]
SQL: SELECT `id` FROM `gamestype` WHERE ( gamestypename='手机游戏' ) LIMIT 1   [ RunTime:0.001200s ]
SQL: SHOW COLUMNS FROM `gamesnews` [ RunTime:0.001536s ]
SQL: SELECT * FROM `gamesnews` ORDER BY hints desc LIMIT 0,4   [ RunTime:0.003271s ]
SQL: SHOW COLUMNS FROM `newsimg` [ RunTime:0.001432s ]
INFO: [ view_parse ] --START--
INFO: [ template_filter ] --START--
INFO: Run Behavior\ContentReplaceBehavior [ RunTime:0.000270s ]
INFO: [ template_filter ] --END-- [ RunTime:0.000353s ]
NOTIC: [8] Undefined index: usermsg /data/home/bxu2359300359/htdocs/application/Runtime/Cache/Home/7ab946f4f0f5a79245f9543582fd5300.php 第 92 行.
INFO: Run Behavior\ParseTemplateBehavior [ RunTime:0.032947s ]
INFO: [ view_parse ] --END-- [ RunTime:0.032992s ]
INFO: [ view_filter ] --START--
INFO: Run Behavior\WriteHtmlCacheBehavior [ RunTime:0.000267s ]
INFO: [ view_filter ] --END-- [ RunTime:0.000304s ]
INFO: [ app_end ] --START--
INFO: Run Behavior\ShowPageTraceBehavior [ RunTime:0.000629s ]
INFO: [ app_end ] --END-- [ RunTime:0.000676s ]

[ 2016-12-18T06:36:05+08:00 ] 42.156.251.187 /
INFO: [ app_init ] --START--
INFO: Run Behavior\BuildLiteBehavior [ RunTime:0.000018s ]
INFO: [ app_init ] --END-- [ RunTime:0.000380s ]
INFO: [ app_begin ] --START--
INFO: Run Behavior\ReadHtmlCacheBehavior [ RunTime:0.000480s ]
INFO: [ app_begin ] --END-- [ RunTime:0.000527s ]
SQL: SHOW COLUMNS FROM `gamesdetails` [ RunTime:0.001539s ]
SQL: SELECT `id` FROM `gamesdetails` WHERE ( gamesname='英雄联盟' ) LIMIT 1   [ RunTime:0.000948s ]
SQL: SELECT `id` FROM `gamesdetails` WHERE ( gamesname='地下城与勇士' ) LIMIT 1   [ RunTime:0.000937s ]
SQL: SELECT `id` FROM `gamesdetails` WHERE ( gamesname='阴阳师' ) LIMIT 1   [ RunTime:0.000925s ]
SQL: SELECT COUNT(*) AS tp_count FROM `gamesdetails` LIMIT 1   [ RunTime:0.000944s ]
SQL: SHOW COLUMNS FROM `lol_newsimg` [ RunTime:0.001170s ]
SQL: SHOW COLUMNS FROM `lol_freehero` [ RunTime:0.001170s ]
SQL: SHOW COLUMNS FROM `gamestype` [ RunTime:0.001163s ]
SQL: SELECT `gamesname`,`smalldesktop`,`gametype` FROM `gamesdetails` WHERE ( tid=1 ) ORDER BY gamehot desc LIMIT 0,10   [ RunTime:0.000962s ]
SQL: SELECT `gamesname`,`smalldesktop`,`gametype` FROM `gamesdetails` WHERE ( tid=2 ) ORDER BY gamehot desc LIMIT 0,10   [ RunTime:0.000941s ]
SQL: SELECT `gamesname`,`smalldesktop`,`gametype` FROM `gamesdetails` WHERE ( tid=3 ) ORDER BY gamehot desc LIMIT 0,10   [ RunTime:0.000963s ]
SQL: SELECT `gamesname`,`smalldesktop`,`gametype` FROM `gamesdetails` WHERE ( tid=4 ) ORDER BY gamehot desc LIMIT 0,10   [ RunTime:0.000940s ]
SQL: SELECT `id` FROM `gamestype` WHERE ( gamestypename='网络游戏' ) LIMIT 1   [ RunTime:0.000916s ]
SQL: SELECT `id` FROM `gamestype` WHERE ( gamestypename='单机游戏' ) LIMIT 1   [ RunTime:0.000922s ]
SQL: SELECT `id` FROM `gamestype` WHERE ( gamestypename='手机游戏' ) LIMIT 1   [ RunTime:0.001822s ]
SQL: SHOW COLUMNS FROM `gamesnews` [ RunTime:0.001277s ]
SQL: SELECT * FROM `gamesnews` ORDER BY hints desc LIMIT 0,4   [ RunTime:0.002084s ]
SQL: SHOW COLUMNS FROM `newsimg` [ RunTime:0.001184s ]
INFO: [ view_parse ] --START--
INFO: [ template_filter ] --START--
INFO: Run Behavior\ContentReplaceBehavior [ RunTime:0.000143s ]
INFO: [ template_filter ] --END-- [ RunTime:0.000188s ]
NOTIC: [8] Undefined index: usermsg /data/home/bxu2359300359/htdocs/application/Runtime/Cache/Home/7ab946f4f0f5a79245f9543582fd5300.php 第 92 行.
INFO: Run Behavior\ParseTemplateBehavior [ RunTime:0.033378s ]
INFO: [ view_parse ] --END-- [ RunTime:0.033424s ]
INFO: [ view_filter ] --START--
INFO: Run Behavior\WriteHtmlCacheBehavior [ RunTime:0.000304s ]
INFO: [ view_filter ] --END-- [ RunTime:0.000345s ]
INFO: [ app_end ] --START--
INFO: Run Behavior\ShowPageTraceBehavior [ RunTime:0.000599s ]
INFO: [ app_end ] --END-- [ RunTime:0.000644s ]

[ 2016-12-18T06:58:32+08:00 ] 185.127.10.41 /
INFO: [ app_init ] --START--
INFO: Run Behavior\BuildLiteBehavior [ RunTime:0.000015s ]
INFO: [ app_init ] --END-- [ RunTime:0.000388s ]
INFO: [ app_begin ] --START--
INFO: Run Behavior\ReadHtmlCacheBehavior [ RunTime:0.000486s ]
INFO: [ app_begin ] --END-- [ RunTime:0.000532s ]
SQL: SHOW COLUMNS FROM `gamesdetails` [ RunTime:0.001555s ]
SQL: SELECT `id` FROM `gamesdetails` WHERE ( gamesname='英雄联盟' ) LIMIT 1   [ RunTime:0.001043s ]
SQL: SELECT `id` FROM `gamesdetails` WHERE ( gamesname='地下城与勇士' ) LIMIT 1   [ RunTime:0.000966s ]
SQL: SELECT `id` FROM `gamesdetails` WHERE ( gamesname='阴阳师' ) LIMIT 1   [ RunTime:0.000962s ]
SQL: SELECT COUNT(*) AS tp_count FROM `gamesdetails` LIMIT 1   [ RunTime:0.000990s ]
SQL: SHOW COLUMNS FROM `lol_newsimg` [ RunTime:0.001284s ]
SQL: SHOW COLUMNS FROM `lol_freehero` [ RunTime:0.001245s ]
SQL: SHOW COLUMNS FROM `gamestype` [ RunTime:0.001217s ]
SQL: SELECT `gamesname`,`smalldesktop`,`gametype` FROM `gamesdetails` WHERE ( tid=1 ) ORDER BY gamehot desc LIMIT 0,10   [ RunTime:0.000995s ]
SQL: SELECT `gamesname`,`smalldesktop`,`gametype` FROM `gamesdetails` WHERE ( tid=2 ) ORDER BY gamehot desc LIMIT 0,10   [ RunTime:0.000965s ]
SQL: SELECT `gamesname`,`smalldesktop`,`gametype` FROM `gamesdetails` WHERE ( tid=3 ) ORDER BY gamehot desc LIMIT 0,10   [ RunTime:0.000950s ]
SQL: SELECT `gamesname`,`smalldesktop`,`gametype` FROM `gamesdetails` WHERE ( tid=4 ) ORDER BY gamehot desc LIMIT 0,10   [ RunTime:0.000966s ]
SQL: SELECT `id` FROM `gamestype` WHERE ( gamestypename='网络游戏' ) LIMIT 1   [ RunTime:0.000932s ]
SQL: SELECT `id` FROM `gamestype` WHERE ( gamestypename='单机游戏' ) LIMIT 1   [ RunTime:0.000950s ]
SQL: SELECT `id` FROM `gamestype` WHERE ( gamestypename='手机游戏' ) LIMIT 1   [ RunTime:0.000941s ]
SQL: SHOW COLUMNS FROM `gamesnews` [ RunTime:0.001337s ]
SQL: SELECT * FROM `gamesnews` ORDER BY hints desc LIMIT 0,4   [ RunTime:0.001955s ]
SQL: SHOW COLUMNS FROM `newsimg` [ RunTime:0.001207s ]
INFO: [ view_parse ] --START--
INFO: [ template_filter ] --START--
INFO: Run Behavior\ContentReplaceBehavior [ RunTime:0.000194s ]
INFO: [ template_filter ] --END-- [ RunTime:0.000250s ]
NOTIC: [8] Undefined index: usermsg /data/home/bxu2359300359/htdocs/application/Runtime/Cache/Home/7ab946f4f0f5a79245f9543582fd5300.php 第 92 行.
INFO: Run Behavior\ParseTemplateBehavior [ RunTime:0.034118s ]
INFO: [ view_parse ] --END-- [ RunTime:0.034164s ]
INFO: [ view_filter ] --START--
INFO: Run Behavior\WriteHtmlCacheBehavior [ RunTime:0.000243s ]
INFO: [ view_filter ] --END-- [ RunTime:0.000280s ]
INFO: [ app_end ] --START--
INFO: Run Behavior\ShowPageTraceBehavior [ RunTime:0.000526s ]
INFO: [ app_end ] --END-- [ RunTime:0.000571s ]

[ 2016-12-18T10:04:28+08:00 ] 103.59.156.16 /
INFO: [ app_init ] --START--
INFO: Run Behavior\BuildLiteBehavior [ RunTime:0.000017s ]
INFO: [ app_init ] --END-- [ RunTime:0.000378s ]
INFO: [ app_begin ] --START--
INFO: Run Behavior\ReadHtmlCacheBehavior [ RunTime:0.000526s ]
INFO: [ app_begin ] --END-- [ RunTime:0.000578s ]
SQL: SHOW COLUMNS FROM `gamesdetails` [ RunTime:0.001676s ]
SQL: SELECT `id` FROM `gamesdetails` WHERE ( gamesname='英雄联盟' ) LIMIT 1   [ RunTime:0.001303s ]
SQL: SELECT `id` FROM `gamesdetails` WHERE ( gamesname='地下城与勇士' ) LIMIT 1   [ RunTime:0.001372s ]
SQL: SELECT `id` FROM `gamesdetails` WHERE ( gamesname='阴阳师' ) LIMIT 1   [ RunTime:0.001204s ]
SQL: SELECT COUNT(*) AS tp_count FROM `gamesdetails` LIMIT 1   [ RunTime:0.001200s ]
SQL: SHOW COLUMNS FROM `lol_newsimg` [ RunTime:0.001476s ]
SQL: SHOW COLUMNS FROM `lol_freehero` [ RunTime:0.001414s ]
SQL: SHOW COLUMNS FROM `gamestype` [ RunTime:0.001419s ]
SQL: SELECT `gamesname`,`smalldesktop`,`gametype` FROM `gamesdetails` WHERE ( tid=1 ) ORDER BY gamehot desc LIMIT 0,10   [ RunTime:0.001404s ]
SQL: SELECT `gamesname`,`smalldesktop`,`gametype` FROM `gamesdetails` WHERE ( tid=2 ) ORDER BY gamehot desc LIMIT 0,10   [ RunTime:0.002867s ]
SQL: SELECT `gamesname`,`smalldesktop`,`gametype` FROM `gamesdetails` WHERE ( tid=3 ) ORDER BY gamehot desc LIMIT 0,10   [ RunTime:0.001294s ]
SQL: SELECT `gamesname`,`smalldesktop`,`gametype` FROM `gamesdetails` WHERE ( tid=4 ) ORDER BY gamehot desc LIMIT 0,10   [ RunTime:0.001499s ]
SQL: SELECT `id` FROM `gamestype` WHERE ( gamestypename='网络游戏' ) LIMIT 1   [ RunTime:0.001292s ]
SQL: SELECT `id` FROM `gamestype` WHERE ( gamestypename='单机游戏' ) LIMIT 1   [ RunTime:0.001195s ]
SQL: SELECT `id` FROM `gamestype` WHERE ( gamestypename='手机游戏' ) LIMIT 1   [ RunTime:0.001197s ]
SQL: SHOW COLUMNS FROM `gamesnews` [ RunTime:0.001450s ]
SQL: SELECT * FROM `gamesnews` ORDER BY hints desc LIMIT 0,4   [ RunTime:0.002657s ]
SQL: SHOW COLUMNS FROM `newsimg` [ RunTime:0.002814s ]
INFO: [ view_parse ] --START--
INFO: [ template_filter ] --START--
INFO: Run Behavior\ContentReplaceBehavior [ RunTime:0.000144s ]
INFO: [ template_filter ] --END-- [ RunTime:0.000203s ]
NOTIC: [8] Undefined index: usermsg /data/home/bxu2359300359/htdocs/application/Runtime/Cache/Home/7ab946f4f0f5a79245f9543582fd5300.php 第 92 行.
INFO: Run Behavior\ParseTemplateBehavior [ RunTime:0.065255s ]
INFO: [ view_parse ] --END-- [ RunTime:0.065313s ]
INFO: [ view_filter ] --START--
INFO: Run Behavior\WriteHtmlCacheBehavior [ RunTime:0.000270s ]
INFO: [ view_filter ] --END-- [ RunTime:0.000310s ]
INFO: [ app_end ] --START--
INFO: Run Behavior\ShowPageTraceBehavior [ RunTime:0.000537s ]
INFO: [ app_end ] --END-- [ RunTime:0.000579s ]

[ 2016-12-18T13:15:15+08:00 ] 103.59.156.16 /
INFO: [ app_init ] --START--
INFO: Run Behavior\BuildLiteBehavior [ RunTime:0.000015s ]
INFO: [ app_init ] --END-- [ RunTime:0.000351s ]
INFO: [ app_begin ] --START--
INFO: Run Behavior\ReadHtmlCacheBehavior [ RunTime:0.000470s ]
INFO: [ app_begin ] --END-- [ RunTime:0.000515s ]
SQL: SHOW COLUMNS FROM `gamesdetails` [ RunTime:0.001819s ]
SQL: SELECT `id` FROM `gamesdetails` WHERE ( gamesname='英雄联盟' ) LIMIT 1   [ RunTime:0.001362s ]
SQL: SELECT `id` FROM `gamesdetails` WHERE ( gamesname='地下城与勇士' ) LIMIT 1   [ RunTime:0.001203s ]
SQL: SELECT `id` FROM `gamesdetails` WHERE ( gamesname='阴阳师' ) LIMIT 1   [ RunTime:0.001219s ]
SQL: SELECT COUNT(*) AS tp_count FROM `gamesdetails` LIMIT 1   [ RunTime:0.001339s ]
SQL: SHOW COLUMNS FROM `lol_newsimg` [ RunTime:0.001475s ]
SQL: SHOW COLUMNS FROM `lol_freehero` [ RunTime:0.001378s ]
SQL: SHOW COLUMNS FROM `gamestype` [ RunTime:0.001388s ]
SQL: SELECT `gamesname`,`smalldesktop`,`gametype` FROM `gamesdetails` WHERE ( tid=1 ) ORDER BY gamehot desc LIMIT 0,10   [ RunTime:0.001385s ]
SQL: SELECT `gamesname`,`smalldesktop`,`gametype` FROM `gamesdetails` WHERE ( tid=2 ) ORDER BY gamehot desc LIMIT 0,10   [ RunTime:0.001309s ]
SQL: SELECT `gamesname`,`smalldesktop`,`gametype` FROM `gamesdetails` WHERE ( tid=3 ) ORDER BY gamehot desc LIMIT 0,10   [ RunTime:0.001305s ]
SQL: SELECT `gamesname`,`smalldesktop`,`gametype` FROM `gamesdetails` WHERE ( tid=4 ) ORDER BY gamehot desc LIMIT 0,10   [ RunTime:0.001291s ]
SQL: SELECT `id` FROM `gamestype` WHERE ( gamestypename='网络游戏' ) LIMIT 1   [ RunTime:0.001354s ]
SQL: SELECT `id` FROM `gamestype` WHERE ( gamestypename='单机游戏' ) LIMIT 1   [ RunTime:0.001325s ]
SQL: SELECT `id` FROM `gamestype` WHERE ( gamestypename='手机游戏' ) LIMIT 1   [ RunTime:0.001218s ]
SQL: SHOW COLUMNS FROM `gamesnews` [ RunTime:0.001550s ]
SQL: SELECT * FROM `gamesnews` ORDER BY hints desc LIMIT 0,4   [ RunTime:0.003212s ]
SQL: SHOW COLUMNS FROM `newsimg` [ RunTime:0.001584s ]
INFO: [ view_parse ] --START--
INFO: [ template_filter ] --START--
INFO: Run Behavior\ContentReplaceBehavior [ RunTime:0.000159s ]
INFO: [ template_filter ] --END-- [ RunTime:0.000203s ]
NOTIC: [8] Undefined index: usermsg /data/home/bxu2359300359/htdocs/application/Runtime/Cache/Home/7ab946f4f0f5a79245f9543582fd5300.php 第 92 行.
INFO: Run Behavior\ParseTemplateBehavior [ RunTime:0.069904s ]
INFO: [ view_parse ] --END-- [ RunTime:0.069962s ]
INFO: [ view_filter ] --START--
INFO: Run Behavior\WriteHtmlCacheBehavior [ RunTime:0.000274s ]
INFO: [ view_filter ] --END-- [ RunTime:0.000313s ]
INFO: [ app_end ] --START--
INFO: Run Behavior\ShowPageTraceBehavior [ RunTime:0.000520s ]
INFO: [ app_end ] --END-- [ RunTime:0.000562s ]

[ 2016-12-18T17:41:35+08:00 ] 203.208.60.242 /home.php/Gamesnews/index/newsId/3
INFO: [ app_init ] --START--
INFO: Run Behavior\BuildLiteBehavior [ RunTime:0.000018s ]
INFO: [ app_init ] --END-- [ RunTime:0.000697s ]
INFO: [ app_begin ] --START--
INFO: Run Behavior\ReadHtmlCacheBehavior [ RunTime:0.000478s ]
INFO: [ app_begin ] --END-- [ RunTime:0.000526s ]
SQL: SHOW COLUMNS FROM `gamestype` [ RunTime:0.004667s ]
SQL: SHOW COLUMNS FROM `gamesnews` [ RunTime:0.001370s ]
SQL: UPDATE `gamesnews` SET `hints`=hints+1 WHERE ( id=3 ) [ RunTime:0.003962s ]
SQL: SHOW COLUMNS FROM `newsimg` [ RunTime:0.001280s ]
INFO: [ view_parse ] --START--
INFO: [ template_filter ] --START--
INFO: Run Behavior\ContentReplaceBehavior [ RunTime:0.000045s ]
INFO: [ template_filter ] --END-- [ RunTime:0.000105s ]
NOTIC: [8] Undefined index: usermsg /data/home/bxu2359300359/htdocs/application/Runtime/Cache/Home/560da5e34cc660081ae9269f103ae089.php 第 16 行.
INFO: Run Behavior\ParseTemplateBehavior [ RunTime:0.010447s ]
INFO: [ view_parse ] --END-- [ RunTime:0.010489s ]
INFO: [ view_filter ] --START--
INFO: Run Behavior\WriteHtmlCacheBehavior [ RunTime:0.000237s ]
INFO: [ view_filter ] --END-- [ RunTime:0.000274s ]
INFO: [ app_end ] --START--
INFO: Run Behavior\ShowPageTraceBehavior [ RunTime:0.000650s ]
INFO: [ app_end ] --END-- [ RunTime:0.000697s ]

[ 2016-12-18T17:50:19+08:00 ] 180.159.72.68 /
INFO: [ app_init ] --START--
INFO: Run Behavior\BuildLiteBehavior [ RunTime:0.000015s ]
INFO: [ app_init ] --END-- [ RunTime:0.000387s ]
INFO: [ app_begin ] --START--
INFO: Run Behavior\ReadHtmlCacheBehavior [ RunTime:0.000507s ]
INFO: [ app_begin ] --END-- [ RunTime:0.000553s ]
SQL: SHOW COLUMNS FROM `gamesdetails` [ RunTime:0.001591s ]
SQL: SELECT * FROM `gamesdetails` WHERE ( tid=2 ) ORDER BY gamehot desc LIMIT 0,5   [ RunTime:0.001475s ]
SQL: SELECT * FROM `gamesdetails` WHERE ( tid=1 ) ORDER BY gamehot desc LIMIT 0,5   [ RunTime:0.001178s ]
SQL: SELECT * FROM `gamesdetails` WHERE ( tid=3 ) ORDER BY gamehot desc LIMIT 0,5   [ RunTime:0.001189s ]
SQL: SELECT * FROM `gamesdetails` WHERE ( tid=4 ) ORDER BY gamehot desc LIMIT 0,5   [ RunTime:0.001087s ]
SQL: SELECT `id` FROM `gamesdetails` WHERE ( gamesname='英雄联盟' ) LIMIT 1   [ RunTime:0.001000s ]
SQL: SELECT `id` FROM `gamesdetails` WHERE ( gamesname='地下城与勇士' ) LIMIT 1   [ RunTime:0.000978s ]
SQL: SELECT `id` FROM `gamesdetails` WHERE ( gamesname='阴阳师' ) LIMIT 1   [ RunTime:0.000991s ]
SQL: SELECT `gamesname`,`gamehot` FROM `gamesdetails` WHERE ( tid=1 ) LIMIT 0,12   [ RunTime:0.001076s ]
SQL: SELECT `gamesname`,`gamehot` FROM `gamesdetails` WHERE ( tid=3 ) LIMIT 0,12   [ RunTime:0.001070s ]
SQL: SELECT `gamesname`,`gamehot` FROM `gamesdetails` WHERE ( tid=2 ) LIMIT 0,12   [ RunTime:0.001035s ]
SQL: SELECT `gamesname`,`gamehot` FROM `gamesdetails` WHERE ( tid=4 ) LIMIT 0,13   [ RunTime:0.001045s ]
SQL: SELECT COUNT(*) AS tp_count FROM `gamesdetails` LIMIT 1   [ RunTime:0.001040s ]
SQL: SHOW COLUMNS FROM `lol_newsimg` [ RunTime:0.001351s ]
SQL: SELECT * FROM `lol_newsimg` ORDER BY dateandtime desc LIMIT 0,4   [ RunTime:0.001183s ]
SQL: SHOW COLUMNS FROM `lol_freehero` [ RunTime:0.001184s ]
SQL: SHOW COLUMNS FROM `gamestype` [ RunTime:0.001104s ]
SQL: SELECT * FROM `gamestype`  [ RunTime:0.001177s ]
SQL: SELECT `gamesname`,`smalldesktop`,`gametype` FROM `gamesdetails` WHERE ( tid=1 ) ORDER BY gamehot desc LIMIT 0,10   [ RunTime:0.001065s ]
SQL: SELECT `gamesname`,`smalldesktop`,`gametype` FROM `gamesdetails` WHERE ( tid=2 ) ORDER BY gamehot desc LIMIT 0,10   [ RunTime:0.001085s ]
SQL: SELECT `gamesname`,`smalldesktop`,`gametype` FROM `gamesdetails` WHERE ( tid=3 ) ORDER BY gamehot desc LIMIT 0,10   [ RunTime:0.001069s ]
SQL: SELECT `gamesname`,`smalldesktop`,`gametype` FROM `gamesdetails` WHERE ( tid=4 ) ORDER BY gamehot desc LIMIT 0,10   [ RunTime:0.001064s ]
SQL: SELECT `id` FROM `gamestype` WHERE ( gamestypename='网络游戏' ) LIMIT 1   [ RunTime:0.001125s ]
SQL: SELECT `id` FROM `gamestype` WHERE ( gamestypename='单机游戏' ) LIMIT 1   [ RunTime:0.001014s ]
SQL: SELECT `id` FROM `gamestype` WHERE ( gamestypename='手机游戏' ) LIMIT 1   [ RunTime:0.000985s ]
SQL: SHOW COLUMNS FROM `gamesnews` [ RunTime:0.001224s ]
SQL: SELECT * FROM `gamesnews` ORDER BY hints desc LIMIT 0,4   [ RunTime:0.002455s ]
SQL: SELECT `id`,`title` FROM `gamesnews` WHERE ( nid=3 ) ORDER BY hints desc LIMIT 0,2   [ RunTime:0.021263s ]
SQL: SHOW COLUMNS FROM `newsimg` [ RunTime:0.001324s ]
SQL: SELECT `imgname` FROM `newsimg` WHERE ( newsid=5 && special=1 ) LIMIT 1   [ RunTime:0.001144s ]
SQL: SELECT `imgname` FROM `newsimg` WHERE ( newsid=6 && special=1 ) LIMIT 1   [ RunTime:0.001007s ]
SQL: SELECT `id`,`title` FROM `gamesnews` WHERE ( nid=1 && hints<1000 ) ORDER BY hints desc LIMIT 0,2   [ RunTime:0.001150s ]
SQL: SELECT `imgname` FROM `newsimg` WHERE ( newsid=9 && special=1 ) LIMIT 1   [ RunTime:0.001001s ]
SQL: SELECT `imgname` FROM `newsimg` WHERE ( newsid=10 && special=1 ) LIMIT 1   [ RunTime:0.000985s ]
SQL: SELECT `id`,`title` FROM `gamesnews` WHERE ( nid=2 && hints<1000 ) ORDER BY hints desc LIMIT 0,2   [ RunTime:0.001083s ]
SQL: SELECT `imgname` FROM `newsimg` WHERE ( newsid=17 && special=1 ) LIMIT 1   [ RunTime:0.001023s ]
SQL: SELECT `imgname` FROM `newsimg` WHERE ( newsid=18 && special=1 ) LIMIT 1   [ RunTime:0.001017s ]
SQL: SELECT `id`,`title` FROM `gamesnews` WHERE ( nid=4 && hints<1000 ) ORDER BY hints desc LIMIT 0,2   [ RunTime:0.001115s ]
SQL: SELECT `imgname` FROM `newsimg` WHERE ( newsid=13 && special=1 ) LIMIT 1   [ RunTime:0.001015s ]
SQL: SELECT `imgname` FROM `newsimg` WHERE ( newsid=14 && special=1 ) LIMIT 1   [ RunTime:0.001097s ]
SQL: SELECT `id`,`title`,`time` FROM `gamesnews` WHERE ( nid=3 && hints<=600 ) ORDER BY hints desc LIMIT 0,2   [ RunTime:0.001070s ]
SQL: SELECT `id`,`title`,`time` FROM `gamesnews` WHERE ( nid=1 && hints<=600 ) ORDER BY hints desc LIMIT 0,2   [ RunTime:0.001040s ]
SQL: SELECT `id`,`title`,`time` FROM `gamesnews` WHERE ( nid=2 && hints<=600 ) ORDER BY hints desc LIMIT 0,2   [ RunTime:0.001042s ]
SQL: SELECT `id`,`title`,`time` FROM `gamesnews` WHERE ( nid=4 && hints<=600 ) ORDER BY hints desc LIMIT 0,2   [ RunTime:0.001048s ]
INFO: [ view_parse ] --START--
INFO: [ template_filter ] --START--
INFO: Run Behavior\ContentReplaceBehavior [ RunTime:0.000207s ]
INFO: [ template_filter ] --END-- [ RunTime:0.000268s ]
NOTIC: [8] Undefined index: usermsg /data/home/bxu2359300359/htdocs/application/Runtime/Cache/Home/7ab946f4f0f5a79245f9543582fd5300.php 第 92 行.
INFO: Run Behavior\ParseTemplateBehavior [ RunTime:0.033679s ]
INFO: [ view_parse ] --END-- [ RunTime:0.033727s ]
INFO: [ view_filter ] --START--
INFO: Run Behavior\WriteHtmlCacheBehavior [ RunTime:0.000257s ]
INFO: [ view_filter ] --END-- [ RunTime:0.000293s ]
INFO: [ app_end ] --START--
INFO: Run Behavior\ShowPageTraceBehavior [ RunTime:0.000541s ]
INFO: [ app_end ] --END-- [ RunTime:0.000586s ]

[ 2016-12-18T18:57:22+08:00 ] 203.208.60.240 /home.php/Gamesnews/index/newsId/9
INFO: [ app_init ] --START--
INFO: Run Behavior\BuildLiteBehavior [ RunTime:0.000019s ]
INFO: [ app_init ] --END-- [ RunTime:0.000406s ]
INFO: [ app_begin ] --START--
INFO: Run Behavior\ReadHtmlCacheBehavior [ RunTime:0.000477s ]
INFO: [ app_begin ] --END-- [ RunTime:0.000531s ]
SQL: SHOW COLUMNS FROM `gamestype` [ RunTime:0.001559s ]
SQL: SHOW COLUMNS FROM `gamesnews` [ RunTime:0.001409s ]
SQL: UPDATE `gamesnews` SET `hints`=hints+1 WHERE ( id=9 ) [ RunTime:0.004699s ]
SQL: SHOW COLUMNS FROM `newsimg` [ RunTime:0.001329s ]
NOTIC: [8] Undefined offset: 4 /data/home/bxu2359300359/htdocs/application/Home/Controller/GamesnewsController.class.php 第 31 行.
INFO: [ view_parse ] --START--
INFO: [ template_filter ] --START--
INFO: Run Behavior\ContentReplaceBehavior [ RunTime:0.000039s ]
INFO: [ template_filter ] --END-- [ RunTime:0.000103s ]
NOTIC: [8] Undefined index: usermsg /data/home/bxu2359300359/htdocs/application/Runtime/Cache/Home/560da5e34cc660081ae9269f103ae089.php 第 16 行.
INFO: Run Behavior\ParseTemplateBehavior [ RunTime:0.007813s ]
INFO: [ view_parse ] --END-- [ RunTime:0.007856s ]
INFO: [ view_filter ] --START--
INFO: Run Behavior\WriteHtmlCacheBehavior [ RunTime:0.000235s ]
INFO: [ view_filter ] --END-- [ RunTime:0.000271s ]
INFO: [ app_end ] --START--
INFO: Run Behavior\ShowPageTraceBehavior [ RunTime:0.000570s ]
INFO: [ app_end ] --END-- [ RunTime:0.000618s ]

[ 2016-12-18T20:13:09+08:00 ] 203.208.60.238 /home.php/Gamesnews/index/newsId/2
INFO: [ app_init ] --START--
INFO: Run Behavior\BuildLiteBehavior [ RunTime:0.000016s ]
INFO: [ app_init ] --END-- [ RunTime:0.000366s ]
INFO: [ app_begin ] --START--
INFO: Run Behavior\ReadHtmlCacheBehavior [ RunTime:0.000511s ]
INFO: [ app_begin ] --END-- [ RunTime:0.000557s ]
SQL: SHOW COLUMNS FROM `gamestype` [ RunTime:0.001586s ]
SQL: SHOW COLUMNS FROM `gamesnews` [ RunTime:0.001387s ]
SQL: UPDATE `gamesnews` SET `hints`=hints+1 WHERE ( id=2 ) [ RunTime:0.004121s ]
SQL: SHOW COLUMNS FROM `newsimg` [ RunTime:0.001355s ]
INFO: [ view_parse ] --START--
INFO: [ template_filter ] --START--
INFO: Run Behavior\ContentReplaceBehavior [ RunTime:0.000057s ]
INFO: [ template_filter ] --END-- [ RunTime:0.000112s ]
NOTIC: [8] Undefined index: usermsg /data/home/bxu2359300359/htdocs/application/Runtime/Cache/Home/560da5e34cc660081ae9269f103ae089.php 第 16 行.
INFO: Run Behavior\ParseTemplateBehavior [ RunTime:0.007709s ]
INFO: [ view_parse ] --END-- [ RunTime:0.007758s ]
INFO: [ view_filter ] --START--
INFO: Run Behavior\WriteHtmlCacheBehavior [ RunTime:0.000269s ]
INFO: [ view_filter ] --END-- [ RunTime:0.000313s ]
INFO: [ app_end ] --START--
INFO: Run Behavior\ShowPageTraceBehavior [ RunTime:0.000532s ]
INFO: [ app_end ] --END-- [ RunTime:0.000617s ]

[ 2016-12-18T20:47:25+08:00 ] 180.159.72.68 /
INFO: [ app_init ] --START--
INFO: Run Behavior\BuildLiteBehavior [ RunTime:0.000017s ]
INFO: [ app_init ] --END-- [ RunTime:0.000388s ]
INFO: [ app_begin ] --START--
INFO: Run Behavior\ReadHtmlCacheBehavior [ RunTime:0.000613s ]
INFO: [ app_begin ] --END-- [ RunTime:0.000684s ]
SQL: SHOW COLUMNS FROM `gamesdetails` [ RunTime:0.001645s ]
SQL: SELECT `id` FROM `gamesdetails` WHERE ( gamesname='英雄联盟' ) LIMIT 1   [ RunTime:0.001255s ]
SQL: SELECT `id` FROM `gamesdetails` WHERE ( gamesname='地下城与勇士' ) LIMIT 1   [ RunTime:0.001101s ]
SQL: SELECT `id` FROM `gamesdetails` WHERE ( gamesname='阴阳师' ) LIMIT 1   [ RunTime:0.001082s ]
SQL: SELECT COUNT(*) AS tp_count FROM `gamesdetails` LIMIT 1   [ RunTime:0.001198s ]
SQL: SHOW COLUMNS FROM `lol_newsimg` [ RunTime:0.001314s ]
SQL: SHOW COLUMNS FROM `lol_freehero` [ RunTime:0.001272s ]
SQL: SHOW COLUMNS FROM `gamestype` [ RunTime:0.001250s ]
SQL: SELECT `gamesname`,`smalldesktop`,`gametype` FROM `gamesdetails` WHERE ( tid=1 ) ORDER BY gamehot desc LIMIT 0,10   [ RunTime:0.001241s ]
SQL: SELECT `gamesname`,`smalldesktop`,`gametype` FROM `gamesdetails` WHERE ( tid=2 ) ORDER BY gamehot desc LIMIT 0,10   [ RunTime:0.001172s ]
SQL: SELECT `gamesname`,`smalldesktop`,`gametype` FROM `gamesdetails` WHERE ( tid=3 ) ORDER BY gamehot desc LIMIT 0,10   [ RunTime:0.001238s ]
SQL: SELECT `gamesname`,`smalldesktop`,`gametype` FROM `gamesdetails` WHERE ( tid=4 ) ORDER BY gamehot desc LIMIT 0,10   [ RunTime:0.001209s ]
SQL: SELECT `id` FROM `gamestype` WHERE ( gamestypename='网络游戏' ) LIMIT 1   [ RunTime:0.001234s ]
SQL: SELECT `id` FROM `gamestype` WHERE ( gamestypename='单机游戏' ) LIMIT 1   [ RunTime:0.001172s ]
SQL: SELECT `id` FROM `gamestype` WHERE ( gamestypename='手机游戏' ) LIMIT 1   [ RunTime:0.001082s ]
SQL: SHOW COLUMNS FROM `gamesnews` [ RunTime:0.001372s ]
SQL: SELECT * FROM `gamesnews` ORDER BY hints desc LIMIT 0,4   [ RunTime:0.002823s ]
SQL: SHOW COLUMNS FROM `newsimg` [ RunTime:0.001332s ]
INFO: [ view_parse ] --START--
INFO: [ template_filter ] --START--
INFO: Run Behavior\ContentReplaceBehavior [ RunTime:0.000161s ]
INFO: [ template_filter ] --END-- [ RunTime:0.000215s ]
NOTIC: [8] Undefined index: usermsg /data/home/bxu2359300359/htdocs/application/Runtime/Cache/Home/7ab946f4f0f5a79245f9543582fd5300.php 第 92 行.
INFO: Run Behavior\ParseTemplateBehavior [ RunTime:0.032769s ]
INFO: [ view_parse ] --END-- [ RunTime:0.032815s ]
INFO: [ view_filter ] --START--
INFO: Run Behavior\WriteHtmlCacheBehavior [ RunTime:0.000255s ]
INFO: [ view_filter ] --END-- [ RunTime:0.000293s ]
INFO: [ app_end ] --START--
INFO: Run Behavior\ShowPageTraceBehavior [ RunTime:0.000591s ]
INFO: [ app_end ] --END-- [ RunTime:0.000635s ]

[ 2016-12-18T20:47:47+08:00 ] 42.196.49.120 /
INFO: [ app_init ] --START--
INFO: Run Behavior\BuildLiteBehavior [ RunTime:0.000015s ]
INFO: [ app_init ] --END-- [ RunTime:0.000357s ]
INFO: [ app_begin ] --START--
INFO: Run Behavior\ReadHtmlCacheBehavior [ RunTime:0.000462s ]
INFO: [ app_begin ] --END-- [ RunTime:0.000512s ]
SQL: SHOW COLUMNS FROM `gamesdetails` [ RunTime:0.001790s ]
SQL: SELECT `id` FROM `gamesdetails` WHERE ( gamesname='英雄联盟' ) LIMIT 1   [ RunTime:0.001164s ]
SQL: SELECT `id` FROM `gamesdetails` WHERE ( gamesname='地下城与勇士' ) LIMIT 1   [ RunTime:0.001156s ]
SQL: SELECT `id` FROM `gamesdetails` WHERE ( gamesname='阴阳师' ) LIMIT 1   [ RunTime:0.001126s ]
SQL: SELECT COUNT(*) AS tp_count FROM `gamesdetails` LIMIT 1   [ RunTime:0.001153s ]
SQL: SHOW COLUMNS FROM `lol_newsimg` [ RunTime:0.001410s ]
SQL: SHOW COLUMNS FROM `lol_freehero` [ RunTime:0.001364s ]
SQL: SHOW COLUMNS FROM `gamestype` [ RunTime:0.001342s ]
SQL: SELECT `gamesname`,`smalldesktop`,`gametype` FROM `gamesdetails` WHERE ( tid=1 ) ORDER BY gamehot desc LIMIT 0,10   [ RunTime:0.001164s ]
SQL: SELECT `gamesname`,`smalldesktop`,`gametype` FROM `gamesdetails` WHERE ( tid=2 ) ORDER BY gamehot desc LIMIT 0,10   [ RunTime:0.001166s ]
SQL: SELECT `gamesname`,`smalldesktop`,`gametype` FROM `gamesdetails` WHERE ( tid=3 ) ORDER BY gamehot desc LIMIT 0,10   [ RunTime:0.001226s ]
SQL: SELECT `gamesname`,`smalldesktop`,`gametype` FROM `gamesdetails` WHERE ( tid=4 ) ORDER BY gamehot desc LIMIT 0,10   [ RunTime:0.001164s ]
SQL: SELECT `id` FROM `gamestype` WHERE ( gamestypename='网络游戏' ) LIMIT 1   [ RunTime:0.001164s ]
SQL: SELECT `id` FROM `gamestype` WHERE ( gamestypename='单机游戏' ) LIMIT 1   [ RunTime:0.001171s ]
SQL: SELECT `id` FROM `gamestype` WHERE ( gamestypename='手机游戏' ) LIMIT 1   [ RunTime:0.001154s ]
SQL: SHOW COLUMNS FROM `gamesnews` [ RunTime:0.001440s ]
SQL: SELECT * FROM `gamesnews` ORDER BY hints desc LIMIT 0,4   [ RunTime:0.002516s ]
SQL: SHOW COLUMNS FROM `newsimg` [ RunTime:0.001654s ]
INFO: [ view_parse ] --START--
INFO: [ template_filter ] --START--
INFO: Run Behavior\ContentReplaceBehavior [ RunTime:0.000143s ]
INFO: [ template_filter ] --END-- [ RunTime:0.000187s ]
NOTIC: [8] Undefined index: usermsg /data/home/bxu2359300359/htdocs/application/Runtime/Cache/Home/7ab946f4f0f5a79245f9543582fd5300.php 第 92 行.
INFO: Run Behavior\ParseTemplateBehavior [ RunTime:0.032101s ]
INFO: [ view_parse ] --END-- [ RunTime:0.032143s ]
INFO: [ view_filter ] --START--
INFO: Run Behavior\WriteHtmlCacheBehavior [ RunTime:0.000244s ]
INFO: [ view_filter ] --END-- [ RunTime:0.000280s ]
INFO: [ app_end ] --START--
INFO: Run Behavior\ShowPageTraceBehavior [ RunTime:0.000497s ]
INFO: [ app_end ] --END-- [ RunTime:0.000541s ]

[ 2016-12-18T21:28:56+08:00 ] 203.208.60.240 /home.php/Gamesnews/index/newsId/5
INFO: [ app_init ] --START--
INFO: Run Behavior\BuildLiteBehavior [ RunTime:0.000015s ]
INFO: [ app_init ] --END-- [ RunTime:0.000405s ]
INFO: [ app_begin ] --START--
INFO: Run Behavior\ReadHtmlCacheBehavior [ RunTime:0.000476s ]
INFO: [ app_begin ] --END-- [ RunTime:0.000522s ]
SQL: SHOW COLUMNS FROM `gamestype` [ RunTime:0.001799s ]
SQL: SHOW COLUMNS FROM `gamesnews` [ RunTime:0.001617s ]
SQL: UPDATE `gamesnews` SET `hints`=hints+1 WHERE ( id=5 ) [ RunTime:0.005764s ]
SQL: SHOW COLUMNS FROM `newsimg` [ RunTime:0.001638s ]
NOTIC: [8] Undefined offset: 2 /data/home/bxu2359300359/htdocs/application/Home/Controller/GamesnewsController.class.php 第 31 行.
INFO: [ view_parse ] --START--
INFO: [ template_filter ] --START--
INFO: Run Behavior\ContentReplaceBehavior [ RunTime:0.000042s ]
INFO: [ template_filter ] --END-- [ RunTime:0.000090s ]
NOTIC: [8] Undefined index: usermsg /data/home/bxu2359300359/htdocs/application/Runtime/Cache/Home/560da5e34cc660081ae9269f103ae089.php 第 16 行.
INFO: Run Behavior\ParseTemplateBehavior [ RunTime:0.007555s ]
INFO: [ view_parse ] --END-- [ RunTime:0.007599s ]
INFO: [ view_filter ] --START--
INFO: Run Behavior\WriteHtmlCacheBehavior [ RunTime:0.000267s ]
INFO: [ view_filter ] --END-- [ RunTime:0.000304s ]
INFO: [ app_end ] --START--
INFO: Run Behavior\ShowPageTraceBehavior [ RunTime:0.000512s ]
INFO: [ app_end ] --END-- [ RunTime:0.000552s ]

[ 2016-12-18T22:44:43+08:00 ] 203.208.60.242 /home.php/Gamesnews/index/newsId/17
INFO: [ app_init ] --START--
INFO: Run Behavior\BuildLiteBehavior [ RunTime:0.000016s ]
INFO: [ app_init ] --END-- [ RunTime:0.000384s ]
INFO: [ app_begin ] --START--
INFO: Run Behavior\ReadHtmlCacheBehavior [ RunTime:0.000466s ]
INFO: [ app_begin ] --END-- [ RunTime:0.000512s ]
SQL: SHOW COLUMNS FROM `gamestype` [ RunTime:0.001698s ]
SQL: SELECT * FROM `gamestype` LIMIT 0,3   [ RunTime:0.001473s ]
SQL: SHOW COLUMNS FROM `gamesnews` [ RunTime:0.001648s ]
SQL: UPDATE `gamesnews` SET `hints`=hints+1 WHERE ( id=17 ) [ RunTime:0.004498s ]
SQL: SELECT * FROM `gamesnews` WHERE ( id=17 ) LIMIT 1   [ RunTime:0.001294s ]
SQL: SHOW COLUMNS FROM `newsimg` [ RunTime:0.001516s ]
SQL: SELECT COUNT(*) AS tp_count FROM `newsimg` WHERE ( newsid=17 ) LIMIT 1   [ RunTime:0.001375s ]
SQL: SELECT * FROM `newsimg` WHERE ( newsid=17 ) ORDER BY shunxu  [ RunTime:0.001255s ]
NOTIC: [8] Undefined offset: 2 /data/home/bxu2359300359/htdocs/application/Home/Controller/GamesnewsController.class.php 第 31 行.
INFO: [ view_parse ] --START--
INFO: [ template_filter ] --START--
INFO: Run Behavior\ContentReplaceBehavior [ RunTime:0.000043s ]
INFO: [ template_filter ] --END-- [ RunTime:0.000090s ]
NOTIC: [8] Undefined index: usermsg /data/home/bxu2359300359/htdocs/application/Runtime/Cache/Home/560da5e34cc660081ae9269f103ae089.php 第 16 行.
INFO: Run Behavior\ParseTemplateBehavior [ RunTime:0.007678s ]
INFO: [ view_parse ] --END-- [ RunTime:0.007746s ]
INFO: [ view_filter ] --START--
INFO: Run Behavior\WriteHtmlCacheBehavior [ RunTime:0.000266s ]
INFO: [ view_filter ] --END-- [ RunTime:0.000300s ]
INFO: [ app_end ] --START--
INFO: Run Behavior\ShowPageTraceBehavior [ RunTime:0.000565s ]
INFO: [ app_end ] --END-- [ RunTime:0.000610s ]

