[ 2017-08-06T05:24:24+08:00 ] 123.125.71.115 /home.php/Regist/index
INFO: [ app_init ] --START--
INFO: Run Behavior\BuildLiteBehavior [ RunTime:0.000015s ]
INFO: [ app_init ] --END-- [ RunTime:0.000394s ]
INFO: [ app_begin ] --START--
INFO: Run Behavior\ReadHtmlCacheBehavior [ RunTime:0.000505s ]
INFO: [ app_begin ] --END-- [ RunTime:0.000551s ]
NOTIC: [8] Use of undefined constant HTTP_REFERER - assumed 'HTTP_REFERER' /data/home/bxu2359300359/htdocs/application/Home/Controller/RegistController.class.php 第 7 行.
NOTIC: [8] Undefined index: HTTP_REFERER /data/home/bxu2359300359/htdocs/application/Home/Controller/RegistController.class.php 第 7 行.
INFO: [ view_parse ] --START--
INFO: [ template_filter ] --START--
INFO: Run Behavior\ContentReplaceBehavior [ RunTime:0.000047s ]
INFO: [ template_filter ] --END-- [ RunTime:0.000097s ]
INFO: Run Behavior\ParseTemplateBehavior [ RunTime:0.006649s ]
INFO: [ view_parse ] --END-- [ RunTime:0.006698s ]
INFO: [ view_filter ] --START--
INFO: Run Behavior\WriteHtmlCacheBehavior [ RunTime:0.000456s ]
INFO: [ view_filter ] --END-- [ RunTime:0.000488s ]
INFO: [ app_end ] --START--
INFO: Run Behavior\ShowPageTraceBehavior [ RunTime:0.000530s ]
INFO: [ app_end ] --END-- [ RunTime:0.000572s ]

[ 2017-08-06T06:19:35+08:00 ] 140.205.205.3 /
INFO: [ app_init ] --START--
INFO: Run Behavior\BuildLiteBehavior [ RunTime:0.000015s ]
INFO: [ app_init ] --END-- [ RunTime:0.000389s ]
INFO: [ app_begin ] --START--
INFO: Run Behavior\ReadHtmlCacheBehavior [ RunTime:0.000590s ]
INFO: [ app_begin ] --END-- [ RunTime:0.000636s ]
SQL: SHOW COLUMNS FROM `gamesdetails` [ RunTime:0.002665s ]
SQL: SELECT `id` FROM `gamesdetails` WHERE ( gamesname='英雄联盟' ) LIMIT 1   [ RunTime:0.001476s ]
SQL: SELECT `id` FROM `gamesdetails` WHERE ( gamesname='地下城与勇士' ) LIMIT 1   [ RunTime:0.001280s ]
SQL: SELECT `id` FROM `gamesdetails` WHERE ( gamesname='阴阳师' ) LIMIT 1   [ RunTime:0.002111s ]
SQL: SELECT COUNT(*) AS tp_count FROM `gamesdetails` LIMIT 1   [ RunTime:0.002151s ]
SQL: SHOW COLUMNS FROM `lol_newsimg` [ RunTime:0.001465s ]
SQL: SHOW COLUMNS FROM `lol_freehero` [ RunTime:0.001326s ]
SQL: SHOW COLUMNS FROM `gamestype` [ RunTime:0.001329s ]
SQL: SELECT `gamesname`,`smalldesktop`,`gametype` FROM `gamesdetails` WHERE ( tid=1 ) ORDER BY gamehot desc LIMIT 0,10   [ RunTime:0.001324s ]
SQL: SELECT `gamesname`,`smalldesktop`,`gametype` FROM `gamesdetails` WHERE ( tid=2 ) ORDER BY gamehot desc LIMIT 0,10   [ RunTime:0.001379s ]
SQL: SELECT `gamesname`,`smalldesktop`,`gametype` FROM `gamesdetails` WHERE ( tid=3 ) ORDER BY gamehot desc LIMIT 0,10   [ RunTime:0.001253s ]
SQL: SELECT `gamesname`,`smalldesktop`,`gametype` FROM `gamesdetails` WHERE ( tid=4 ) ORDER BY gamehot desc LIMIT 0,10   [ RunTime:0.001245s ]
SQL: SELECT `id` FROM `gamestype` WHERE ( gamestypename='网络游戏' ) LIMIT 1   [ RunTime:0.001286s ]
SQL: SELECT `id` FROM `gamestype` WHERE ( gamestypename='单机游戏' ) LIMIT 1   [ RunTime:0.001171s ]
SQL: SELECT `id` FROM `gamestype` WHERE ( gamestypename='手机游戏' ) LIMIT 1   [ RunTime:0.001168s ]
SQL: SHOW COLUMNS FROM `gamesnews` [ RunTime:0.001452s ]
SQL: SELECT * FROM `gamesnews` ORDER BY hints desc LIMIT 0,4   [ RunTime:0.003156s ]
SQL: SHOW COLUMNS FROM `newsimg` [ RunTime:0.001364s ]
INFO: [ view_parse ] --START--
INFO: [ template_filter ] --START--
INFO: Run Behavior\ContentReplaceBehavior [ RunTime:0.000173s ]
INFO: [ template_filter ] --END-- [ RunTime:0.000240s ]
NOTIC: [8] Undefined index: usermsg /data/home/bxu2359300359/htdocs/application/Runtime/Cache/Home/7ab946f4f0f5a79245f9543582fd5300.php 第 92 行.
INFO: Run Behavior\ParseTemplateBehavior [ RunTime:0.034570s ]
INFO: [ view_parse ] --END-- [ RunTime:0.034617s ]
INFO: [ view_filter ] --START--
INFO: Run Behavior\WriteHtmlCacheBehavior [ RunTime:0.000365s ]
INFO: [ view_filter ] --END-- [ RunTime:0.000403s ]
INFO: [ app_end ] --START--
INFO: Run Behavior\ShowPageTraceBehavior [ RunTime:0.000584s ]
INFO: [ app_end ] --END-- [ RunTime:0.000641s ]

[ 2017-08-06T06:24:53+08:00 ] 140.205.205.3 /
INFO: [ app_init ] --START--
INFO: Run Behavior\BuildLiteBehavior [ RunTime:0.000015s ]
INFO: [ app_init ] --END-- [ RunTime:0.000419s ]
INFO: [ app_begin ] --START--
INFO: Run Behavior\ReadHtmlCacheBehavior [ RunTime:0.000540s ]
INFO: [ app_begin ] --END-- [ RunTime:0.000587s ]
SQL: SHOW COLUMNS FROM `gamesdetails` [ RunTime:0.004971s ]
SQL: SELECT `id` FROM `gamesdetails` WHERE ( gamesname='英雄联盟' ) LIMIT 1   [ RunTime:0.001205s ]
SQL: SELECT `id` FROM `gamesdetails` WHERE ( gamesname='地下城与勇士' ) LIMIT 1   [ RunTime:0.001174s ]
SQL: SELECT `id` FROM `gamesdetails` WHERE ( gamesname='阴阳师' ) LIMIT 1   [ RunTime:0.004706s ]
SQL: SELECT COUNT(*) AS tp_count FROM `gamesdetails` LIMIT 1   [ RunTime:0.001211s ]
SQL: SHOW COLUMNS FROM `lol_newsimg` [ RunTime:0.001405s ]
SQL: SHOW COLUMNS FROM `lol_freehero` [ RunTime:0.001366s ]
SQL: SHOW COLUMNS FROM `gamestype` [ RunTime:0.001354s ]
SQL: SELECT `gamesname`,`smalldesktop`,`gametype` FROM `gamesdetails` WHERE ( tid=1 ) ORDER BY gamehot desc LIMIT 0,10   [ RunTime:0.001205s ]
SQL: SELECT `gamesname`,`smalldesktop`,`gametype` FROM `gamesdetails` WHERE ( tid=2 ) ORDER BY gamehot desc LIMIT 0,10   [ RunTime:0.001217s ]
SQL: SELECT `gamesname`,`smalldesktop`,`gametype` FROM `gamesdetails` WHERE ( tid=3 ) ORDER BY gamehot desc LIMIT 0,10   [ RunTime:0.001202s ]
SQL: SELECT `gamesname`,`smalldesktop`,`gametype` FROM `gamesdetails` WHERE ( tid=4 ) ORDER BY gamehot desc LIMIT 0,10   [ RunTime:0.001195s ]
SQL: SELECT `id` FROM `gamestype` WHERE ( gamestypename='网络游戏' ) LIMIT 1   [ RunTime:0.001175s ]
SQL: SELECT `id` FROM `gamestype` WHERE ( gamestypename='单机游戏' ) LIMIT 1   [ RunTime:0.001179s ]
SQL: SELECT `id` FROM `gamestype` WHERE ( gamestypename='手机游戏' ) LIMIT 1   [ RunTime:0.001183s ]
SQL: SHOW COLUMNS FROM `gamesnews` [ RunTime:0.001450s ]
SQL: SELECT * FROM `gamesnews` ORDER BY hints desc LIMIT 0,4   [ RunTime:0.002383s ]
SQL: SHOW COLUMNS FROM `newsimg` [ RunTime:0.001526s ]
INFO: [ view_parse ] --START--
INFO: [ template_filter ] --START--
INFO: Run Behavior\ContentReplaceBehavior [ RunTime:0.000162s ]
INFO: [ template_filter ] --END-- [ RunTime:0.000207s ]
NOTIC: [8] Undefined index: usermsg /data/home/bxu2359300359/htdocs/application/Runtime/Cache/Home/7ab946f4f0f5a79245f9543582fd5300.php 第 92 行.
INFO: Run Behavior\ParseTemplateBehavior [ RunTime:0.033188s ]
INFO: [ view_parse ] --END-- [ RunTime:0.033238s ]
INFO: [ view_filter ] --START--
INFO: Run Behavior\WriteHtmlCacheBehavior [ RunTime:0.000307s ]
INFO: [ view_filter ] --END-- [ RunTime:0.000344s ]
INFO: [ app_end ] --START--
INFO: Run Behavior\ShowPageTraceBehavior [ RunTime:0.000514s ]
INFO: [ app_end ] --END-- [ RunTime:0.000553s ]

[ 2017-08-06T08:27:41+08:00 ] 140.205.205.4 /
INFO: [ app_init ] --START--
INFO: Run Behavior\BuildLiteBehavior [ RunTime:0.000015s ]
INFO: [ app_init ] --END-- [ RunTime:0.000393s ]
INFO: [ app_begin ] --START--
INFO: Run Behavior\ReadHtmlCacheBehavior [ RunTime:0.000507s ]
INFO: [ app_begin ] --END-- [ RunTime:0.000552s ]
SQL: SHOW COLUMNS FROM `gamesdetails` [ RunTime:0.001673s ]
SQL: SELECT `id` FROM `gamesdetails` WHERE ( gamesname='英雄联盟' ) LIMIT 1   [ RunTime:0.001288s ]
SQL: SELECT `id` FROM `gamesdetails` WHERE ( gamesname='地下城与勇士' ) LIMIT 1   [ RunTime:0.001101s ]
SQL: SELECT `id` FROM `gamesdetails` WHERE ( gamesname='阴阳师' ) LIMIT 1   [ RunTime:0.001055s ]
SQL: SELECT COUNT(*) AS tp_count FROM `gamesdetails` LIMIT 1   [ RunTime:0.001206s ]
SQL: SHOW COLUMNS FROM `lol_newsimg` [ RunTime:0.001290s ]
SQL: SHOW COLUMNS FROM `lol_freehero` [ RunTime:0.001267s ]
SQL: SHOW COLUMNS FROM `gamestype` [ RunTime:0.001279s ]
SQL: SELECT `gamesname`,`smalldesktop`,`gametype` FROM `gamesdetails` WHERE ( tid=1 ) ORDER BY gamehot desc LIMIT 0,10   [ RunTime:0.001194s ]
SQL: SELECT `gamesname`,`smalldesktop`,`gametype` FROM `gamesdetails` WHERE ( tid=2 ) ORDER BY gamehot desc LIMIT 0,10   [ RunTime:0.001209s ]
SQL: SELECT `gamesname`,`smalldesktop`,`gametype` FROM `gamesdetails` WHERE ( tid=3 ) ORDER BY gamehot desc LIMIT 0,10   [ RunTime:0.001142s ]
SQL: SELECT `gamesname`,`smalldesktop`,`gametype` FROM `gamesdetails` WHERE ( tid=4 ) ORDER BY gamehot desc LIMIT 0,10   [ RunTime:0.001138s ]
SQL: SELECT `id` FROM `gamestype` WHERE ( gamestypename='网络游戏' ) LIMIT 1   [ RunTime:0.001163s ]
SQL: SELECT `id` FROM `gamestype` WHERE ( gamestypename='单机游戏' ) LIMIT 1   [ RunTime:0.001233s ]
SQL: SELECT `id` FROM `gamestype` WHERE ( gamestypename='手机游戏' ) LIMIT 1   [ RunTime:0.001097s ]
SQL: SHOW COLUMNS FROM `gamesnews` [ RunTime:0.001330s ]
SQL: SELECT * FROM `gamesnews` ORDER BY hints desc LIMIT 0,4   [ RunTime:0.002866s ]
SQL: SHOW COLUMNS FROM `newsimg` [ RunTime:0.001282s ]
INFO: [ view_parse ] --START--
INFO: [ template_filter ] --START--
INFO: Run Behavior\ContentReplaceBehavior [ RunTime:0.000192s ]
INFO: [ template_filter ] --END-- [ RunTime:0.000238s ]
NOTIC: [8] Undefined index: usermsg /data/home/bxu2359300359/htdocs/application/Runtime/Cache/Home/7ab946f4f0f5a79245f9543582fd5300.php 第 92 行.
INFO: Run Behavior\ParseTemplateBehavior [ RunTime:0.035175s ]
INFO: [ view_parse ] --END-- [ RunTime:0.035223s ]
INFO: [ view_filter ] --START--
INFO: Run Behavior\WriteHtmlCacheBehavior [ RunTime:0.000292s ]
INFO: [ view_filter ] --END-- [ RunTime:0.000328s ]
INFO: [ app_end ] --START--
INFO: Run Behavior\ShowPageTraceBehavior [ RunTime:0.000905s ]
INFO: [ app_end ] --END-- [ RunTime:0.000974s ]

[ 2017-08-06T08:36:48+08:00 ] 140.205.205.4 /
INFO: [ app_init ] --START--
INFO: Run Behavior\BuildLiteBehavior [ RunTime:0.000017s ]
INFO: [ app_init ] --END-- [ RunTime:0.000410s ]
INFO: [ app_begin ] --START--
INFO: Run Behavior\ReadHtmlCacheBehavior [ RunTime:0.000809s ]
INFO: [ app_begin ] --END-- [ RunTime:0.000854s ]
SQL: SHOW COLUMNS FROM `gamesdetails` [ RunTime:0.001724s ]
SQL: SELECT `id` FROM `gamesdetails` WHERE ( gamesname='英雄联盟' ) LIMIT 1   [ RunTime:0.001277s ]
SQL: SELECT `id` FROM `gamesdetails` WHERE ( gamesname='地下城与勇士' ) LIMIT 1   [ RunTime:0.001206s ]
SQL: SELECT `id` FROM `gamesdetails` WHERE ( gamesname='阴阳师' ) LIMIT 1   [ RunTime:0.001193s ]
SQL: SELECT COUNT(*) AS tp_count FROM `gamesdetails` LIMIT 1   [ RunTime:0.001200s ]
SQL: SHOW COLUMNS FROM `lol_newsimg` [ RunTime:0.001416s ]
SQL: SHOW COLUMNS FROM `lol_freehero` [ RunTime:0.001363s ]
SQL: SHOW COLUMNS FROM `gamestype` [ RunTime:0.001372s ]
SQL: SELECT `gamesname`,`smalldesktop`,`gametype` FROM `gamesdetails` WHERE ( tid=1 ) ORDER BY gamehot desc LIMIT 0,10   [ RunTime:0.001260s ]
SQL: SELECT `gamesname`,`smalldesktop`,`gametype` FROM `gamesdetails` WHERE ( tid=2 ) ORDER BY gamehot desc LIMIT 0,10   [ RunTime:0.001275s ]
SQL: SELECT `gamesname`,`smalldesktop`,`gametype` FROM `gamesdetails` WHERE ( tid=3 ) ORDER BY gamehot desc LIMIT 0,10   [ RunTime:0.001178s ]
SQL: SELECT `gamesname`,`smalldesktop`,`gametype` FROM `gamesdetails` WHERE ( tid=4 ) ORDER BY gamehot desc LIMIT 0,10   [ RunTime:0.001186s ]
SQL: SELECT `id` FROM `gamestype` WHERE ( gamestypename='网络游戏' ) LIMIT 1   [ RunTime:0.001188s ]
SQL: SELECT `id` FROM `gamestype` WHERE ( gamestypename='单机游戏' ) LIMIT 1   [ RunTime:0.001185s ]
SQL: SELECT `id` FROM `gamestype` WHERE ( gamestypename='手机游戏' ) LIMIT 1   [ RunTime:0.001182s ]
SQL: SHOW COLUMNS FROM `gamesnews` [ RunTime:0.001454s ]
SQL: SELECT * FROM `gamesnews` ORDER BY hints desc LIMIT 0,4   [ RunTime:0.002456s ]
SQL: SHOW COLUMNS FROM `newsimg` [ RunTime:0.001397s ]
INFO: [ view_parse ] --START--
INFO: [ template_filter ] --START--
INFO: Run Behavior\ContentReplaceBehavior [ RunTime:0.000139s ]
INFO: [ template_filter ] --END-- [ RunTime:0.000179s ]
NOTIC: [8] Undefined index: usermsg /data/home/bxu2359300359/htdocs/application/Runtime/Cache/Home/7ab946f4f0f5a79245f9543582fd5300.php 第 92 行.
INFO: Run Behavior\ParseTemplateBehavior [ RunTime:0.032192s ]
INFO: [ view_parse ] --END-- [ RunTime:0.032235s ]
INFO: [ view_filter ] --START--
INFO: Run Behavior\WriteHtmlCacheBehavior [ RunTime:0.000299s ]
INFO: [ view_filter ] --END-- [ RunTime:0.000335s ]
INFO: [ app_end ] --START--
INFO: Run Behavior\ShowPageTraceBehavior [ RunTime:0.000739s ]
INFO: [ app_end ] --END-- [ RunTime:0.000817s ]

[ 2017-08-06T12:49:01+08:00 ] 115.239.212.195 /
INFO: [ app_init ] --START--
INFO: Run Behavior\BuildLiteBehavior [ RunTime:0.000016s ]
INFO: [ app_init ] --END-- [ RunTime:0.000430s ]
INFO: [ app_begin ] --START--
INFO: Run Behavior\ReadHtmlCacheBehavior [ RunTime:0.000505s ]
INFO: [ app_begin ] --END-- [ RunTime:0.000552s ]
SQL: SHOW COLUMNS FROM `gamesdetails` [ RunTime:0.001686s ]
SQL: SELECT `id` FROM `gamesdetails` WHERE ( gamesname='英雄联盟' ) LIMIT 1   [ RunTime:0.001253s ]
SQL: SELECT `id` FROM `gamesdetails` WHERE ( gamesname='地下城与勇士' ) LIMIT 1   [ RunTime:0.001872s ]
SQL: SELECT `id` FROM `gamesdetails` WHERE ( gamesname='阴阳师' ) LIMIT 1   [ RunTime:0.001033s ]
SQL: SELECT COUNT(*) AS tp_count FROM `gamesdetails` LIMIT 1   [ RunTime:0.001123s ]
SQL: SHOW COLUMNS FROM `lol_newsimg` [ RunTime:0.001337s ]
SQL: SHOW COLUMNS FROM `lol_freehero` [ RunTime:0.001224s ]
SQL: SHOW COLUMNS FROM `gamestype` [ RunTime:0.001260s ]
SQL: SELECT `gamesname`,`smalldesktop`,`gametype` FROM `gamesdetails` WHERE ( tid=1 ) ORDER BY gamehot desc LIMIT 0,10   [ RunTime:0.001233s ]
SQL: SELECT `gamesname`,`smalldesktop`,`gametype` FROM `gamesdetails` WHERE ( tid=2 ) ORDER BY gamehot desc LIMIT 0,10   [ RunTime:0.001124s ]
SQL: SELECT `gamesname`,`smalldesktop`,`gametype` FROM `gamesdetails` WHERE ( tid=3 ) ORDER BY gamehot desc LIMIT 0,10   [ RunTime:0.001179s ]
SQL: SELECT `gamesname`,`smalldesktop`,`gametype` FROM `gamesdetails` WHERE ( tid=4 ) ORDER BY gamehot desc LIMIT 0,10   [ RunTime:0.001120s ]
SQL: SELECT `id` FROM `gamestype` WHERE ( gamestypename='网络游戏' ) LIMIT 1   [ RunTime:0.001234s ]
SQL: SELECT `id` FROM `gamestype` WHERE ( gamestypename='单机游戏' ) LIMIT 1   [ RunTime:0.001073s ]
SQL: SELECT `id` FROM `gamestype` WHERE ( gamestypename='手机游戏' ) LIMIT 1   [ RunTime:0.001046s ]
SQL: SHOW COLUMNS FROM `gamesnews` [ RunTime:0.001321s ]
SQL: SELECT * FROM `gamesnews` ORDER BY hints desc LIMIT 0,4   [ RunTime:0.002957s ]
SQL: SHOW COLUMNS FROM `newsimg` [ RunTime:0.001317s ]
INFO: [ view_parse ] --START--
INFO: [ template_filter ] --START--
INFO: Run Behavior\ContentReplaceBehavior [ RunTime:0.000138s ]
INFO: [ template_filter ] --END-- [ RunTime:0.000181s ]
NOTIC: [8] Undefined index: usermsg /data/home/bxu2359300359/htdocs/application/Runtime/Cache/Home/7ab946f4f0f5a79245f9543582fd5300.php 第 92 行.
INFO: Run Behavior\ParseTemplateBehavior [ RunTime:0.033857s ]
INFO: [ view_parse ] --END-- [ RunTime:0.033902s ]
INFO: [ view_filter ] --START--
INFO: Run Behavior\WriteHtmlCacheBehavior [ RunTime:0.000304s ]
INFO: [ view_filter ] --END-- [ RunTime:0.000340s ]
INFO: [ app_end ] --START--
INFO: Run Behavior\ShowPageTraceBehavior [ RunTime:0.000843s ]
INFO: [ app_end ] --END-- [ RunTime:0.000883s ]

[ 2017-08-06T12:58:44+08:00 ] 207.46.13.16 /
INFO: [ app_init ] --START--
INFO: Run Behavior\BuildLiteBehavior [ RunTime:0.000015s ]
INFO: [ app_init ] --END-- [ RunTime:0.000406s ]
INFO: [ app_begin ] --START--
INFO: Run Behavior\ReadHtmlCacheBehavior [ RunTime:0.000504s ]
INFO: [ app_begin ] --END-- [ RunTime:0.000552s ]
SQL: SHOW COLUMNS FROM `gamesdetails` [ RunTime:0.001703s ]
SQL: SELECT `id` FROM `gamesdetails` WHERE ( gamesname='英雄联盟' ) LIMIT 1   [ RunTime:0.001008s ]
SQL: SELECT `id` FROM `gamesdetails` WHERE ( gamesname='地下城与勇士' ) LIMIT 1   [ RunTime:0.001007s ]
SQL: SELECT `id` FROM `gamesdetails` WHERE ( gamesname='阴阳师' ) LIMIT 1   [ RunTime:0.001001s ]
SQL: SELECT COUNT(*) AS tp_count FROM `gamesdetails` LIMIT 1   [ RunTime:0.000999s ]
SQL: SHOW COLUMNS FROM `lol_newsimg` [ RunTime:0.001306s ]
SQL: SHOW COLUMNS FROM `lol_freehero` [ RunTime:0.001281s ]
SQL: SHOW COLUMNS FROM `gamestype` [ RunTime:0.001248s ]
SQL: SELECT `gamesname`,`smalldesktop`,`gametype` FROM `gamesdetails` WHERE ( tid=1 ) ORDER BY gamehot desc LIMIT 0,10   [ RunTime:0.001128s ]
SQL: SELECT `gamesname`,`smalldesktop`,`gametype` FROM `gamesdetails` WHERE ( tid=2 ) ORDER BY gamehot desc LIMIT 0,10   [ RunTime:0.001044s ]
SQL: SELECT `gamesname`,`smalldesktop`,`gametype` FROM `gamesdetails` WHERE ( tid=3 ) ORDER BY gamehot desc LIMIT 0,10   [ RunTime:0.001037s ]
SQL: SELECT `gamesname`,`smalldesktop`,`gametype` FROM `gamesdetails` WHERE ( tid=4 ) ORDER BY gamehot desc LIMIT 0,10   [ RunTime:0.001023s ]
SQL: SELECT `id` FROM `gamestype` WHERE ( gamestypename='网络游戏' ) LIMIT 1   [ RunTime:0.001024s ]
SQL: SELECT `id` FROM `gamestype` WHERE ( gamestypename='单机游戏' ) LIMIT 1   [ RunTime:0.001011s ]
SQL: SELECT `id` FROM `gamestype` WHERE ( gamestypename='手机游戏' ) LIMIT 1   [ RunTime:0.001061s ]
SQL: SHOW COLUMNS FROM `gamesnews` [ RunTime:0.001548s ]
SQL: SELECT * FROM `gamesnews` ORDER BY hints desc LIMIT 0,4   [ RunTime:0.002100s ]
SQL: SHOW COLUMNS FROM `newsimg` [ RunTime:0.001296s ]
INFO: [ view_parse ] --START--
INFO: [ template_filter ] --START--
INFO: Run Behavior\ContentReplaceBehavior [ RunTime:0.000144s ]
INFO: [ template_filter ] --END-- [ RunTime:0.000203s ]
NOTIC: [8] Undefined index: usermsg /data/home/bxu2359300359/htdocs/application/Runtime/Cache/Home/7ab946f4f0f5a79245f9543582fd5300.php 第 92 行.
INFO: Run Behavior\ParseTemplateBehavior [ RunTime:0.033777s ]
INFO: [ view_parse ] --END-- [ RunTime:0.033824s ]
INFO: [ view_filter ] --START--
INFO: Run Behavior\WriteHtmlCacheBehavior [ RunTime:0.000252s ]
INFO: [ view_filter ] --END-- [ RunTime:0.000288s ]
INFO: [ app_end ] --START--
INFO: Run Behavior\ShowPageTraceBehavior [ RunTime:0.000546s ]
INFO: [ app_end ] --END-- [ RunTime:0.000586s ]

[ 2017-08-06T13:07:11+08:00 ] 220.181.108.120 /home.php/Home/
INFO: [ app_init ] --START--
INFO: Run Behavior\BuildLiteBehavior [ RunTime:0.000015s ]
INFO: [ app_init ] --END-- [ RunTime:0.000381s ]
INFO: [ app_begin ] --START--
INFO: Run Behavior\ReadHtmlCacheBehavior [ RunTime:0.000477s ]
INFO: [ app_begin ] --END-- [ RunTime:0.000523s ]
SQL: SHOW COLUMNS FROM `gamesdetails` [ RunTime:0.001753s ]
SQL: SELECT `id` FROM `gamesdetails` WHERE ( gamesname='英雄联盟' ) LIMIT 1   [ RunTime:0.001124s ]
SQL: SELECT `id` FROM `gamesdetails` WHERE ( gamesname='地下城与勇士' ) LIMIT 1   [ RunTime:0.001107s ]
SQL: SELECT `id` FROM `gamesdetails` WHERE ( gamesname='阴阳师' ) LIMIT 1   [ RunTime:0.001216s ]
SQL: SELECT COUNT(*) AS tp_count FROM `gamesdetails` LIMIT 1   [ RunTime:0.001103s ]
SQL: SHOW COLUMNS FROM `lol_newsimg` [ RunTime:0.001490s ]
SQL: SHOW COLUMNS FROM `lol_freehero` [ RunTime:0.001337s ]
SQL: SHOW COLUMNS FROM `gamestype` [ RunTime:0.001333s ]
SQL: SELECT `gamesname`,`smalldesktop`,`gametype` FROM `gamesdetails` WHERE ( tid=1 ) ORDER BY gamehot desc LIMIT 0,10   [ RunTime:0.001129s ]
SQL: SELECT `gamesname`,`smalldesktop`,`gametype` FROM `gamesdetails` WHERE ( tid=2 ) ORDER BY gamehot desc LIMIT 0,10   [ RunTime:0.001100s ]
SQL: SELECT `gamesname`,`smalldesktop`,`gametype` FROM `gamesdetails` WHERE ( tid=3 ) ORDER BY gamehot desc LIMIT 0,10   [ RunTime:0.001100s ]
SQL: SELECT `gamesname`,`smalldesktop`,`gametype` FROM `gamesdetails` WHERE ( tid=4 ) ORDER BY gamehot desc LIMIT 0,10   [ RunTime:0.001655s ]
SQL: SELECT `id` FROM `gamestype` WHERE ( gamestypename='网络游戏' ) LIMIT 1   [ RunTime:0.001141s ]
SQL: SELECT `id` FROM `gamestype` WHERE ( gamestypename='单机游戏' ) LIMIT 1   [ RunTime:0.001125s ]
SQL: SELECT `id` FROM `gamestype` WHERE ( gamestypename='手机游戏' ) LIMIT 1   [ RunTime:0.001101s ]
SQL: SHOW COLUMNS FROM `gamesnews` [ RunTime:0.001449s ]
SQL: SELECT * FROM `gamesnews` ORDER BY hints desc LIMIT 0,4   [ RunTime:0.002291s ]
SQL: SHOW COLUMNS FROM `newsimg` [ RunTime:0.001399s ]
INFO: [ view_parse ] --START--
INFO: [ template_filter ] --START--
INFO: Run Behavior\ContentReplaceBehavior [ RunTime:0.000146s ]
INFO: [ template_filter ] --END-- [ RunTime:0.000212s ]
NOTIC: [8] Undefined index: usermsg /data/home/bxu2359300359/htdocs/application/Runtime/Cache/Home/7ab946f4f0f5a79245f9543582fd5300.php 第 92 行.
INFO: Run Behavior\ParseTemplateBehavior [ RunTime:0.037187s ]
INFO: [ view_parse ] --END-- [ RunTime:0.037235s ]
INFO: [ view_filter ] --START--
INFO: Run Behavior\WriteHtmlCacheBehavior [ RunTime:0.000302s ]
INFO: [ view_filter ] --END-- [ RunTime:0.000340s ]
INFO: [ app_end ] --START--
INFO: Run Behavior\ShowPageTraceBehavior [ RunTime:0.000720s ]
INFO: [ app_end ] --END-- [ RunTime:0.000799s ]

[ 2017-08-06T15:36:45+08:00 ] 54.164.18.228 /
INFO: [ app_init ] --START--
INFO: Run Behavior\BuildLiteBehavior [ RunTime:0.000016s ]
INFO: [ app_init ] --END-- [ RunTime:0.000372s ]
INFO: [ app_begin ] --START--
INFO: Run Behavior\ReadHtmlCacheBehavior [ RunTime:0.000495s ]
INFO: [ app_begin ] --END-- [ RunTime:0.000540s ]
SQL: SHOW COLUMNS FROM `gamesdetails` [ RunTime:0.001802s ]
SQL: SELECT `id` FROM `gamesdetails` WHERE ( gamesname='英雄联盟' ) LIMIT 1   [ RunTime:0.001335s ]
SQL: SELECT `id` FROM `gamesdetails` WHERE ( gamesname='地下城与勇士' ) LIMIT 1   [ RunTime:0.001188s ]
SQL: SELECT `id` FROM `gamesdetails` WHERE ( gamesname='阴阳师' ) LIMIT 1   [ RunTime:0.001159s ]
SQL: SELECT COUNT(*) AS tp_count FROM `gamesdetails` LIMIT 1   [ RunTime:0.001299s ]
SQL: SHOW COLUMNS FROM `lol_newsimg` [ RunTime:0.001414s ]
SQL: SHOW COLUMNS FROM `lol_freehero` [ RunTime:0.001378s ]
SQL: SHOW COLUMNS FROM `gamestype` [ RunTime:0.001335s ]
SQL: SELECT `gamesname`,`smalldesktop`,`gametype` FROM `gamesdetails` WHERE ( tid=1 ) ORDER BY gamehot desc LIMIT 0,10   [ RunTime:0.001303s ]
SQL: SELECT `gamesname`,`smalldesktop`,`gametype` FROM `gamesdetails` WHERE ( tid=2 ) ORDER BY gamehot desc LIMIT 0,10   [ RunTime:0.001246s ]
SQL: SELECT `gamesname`,`smalldesktop`,`gametype` FROM `gamesdetails` WHERE ( tid=3 ) ORDER BY gamehot desc LIMIT 0,10   [ RunTime:0.001237s ]
SQL: SELECT `gamesname`,`smalldesktop`,`gametype` FROM `gamesdetails` WHERE ( tid=4 ) ORDER BY gamehot desc LIMIT 0,10   [ RunTime:0.001256s ]
SQL: SELECT `id` FROM `gamestype` WHERE ( gamestypename='网络游戏' ) LIMIT 1   [ RunTime:0.001294s ]
SQL: SELECT `id` FROM `gamestype` WHERE ( gamestypename='单机游戏' ) LIMIT 1   [ RunTime:0.001163s ]
SQL: SELECT `id` FROM `gamestype` WHERE ( gamestypename='手机游戏' ) LIMIT 1   [ RunTime:0.001155s ]
SQL: SHOW COLUMNS FROM `gamesnews` [ RunTime:0.001456s ]
SQL: SELECT * FROM `gamesnews` ORDER BY hints desc LIMIT 0,4   [ RunTime:0.003164s ]
SQL: SHOW COLUMNS FROM `newsimg` [ RunTime:0.001409s ]
INFO: [ view_parse ] --START--
INFO: [ template_filter ] --START--
INFO: Run Behavior\ContentReplaceBehavior [ RunTime:0.000161s ]
INFO: [ template_filter ] --END-- [ RunTime:0.000203s ]
NOTIC: [8] Undefined index: usermsg /data/home/bxu2359300359/htdocs/application/Runtime/Cache/Home/7ab946f4f0f5a79245f9543582fd5300.php 第 92 行.
INFO: Run Behavior\ParseTemplateBehavior [ RunTime:0.035425s ]
INFO: [ view_parse ] --END-- [ RunTime:0.035483s ]
INFO: [ view_filter ] --START--
INFO: Run Behavior\WriteHtmlCacheBehavior [ RunTime:0.000351s ]
INFO: [ view_filter ] --END-- [ RunTime:0.000391s ]
INFO: [ app_end ] --START--
INFO: Run Behavior\ShowPageTraceBehavior [ RunTime:0.000568s ]
INFO: [ app_end ] --END-- [ RunTime:0.000624s ]

[ 2017-08-06T17:08:20+08:00 ] 220.181.108.183 /home.php/Gamesdetails/index/typeId/www.miitbeian.gov.cn
INFO: [ app_init ] --START--
INFO: Run Behavior\BuildLiteBehavior [ RunTime:0.000015s ]
INFO: [ app_init ] --END-- [ RunTime:0.000379s ]
INFO: [ app_begin ] --START--
INFO: Run Behavior\ReadHtmlCacheBehavior [ RunTime:0.000487s ]
INFO: [ app_begin ] --END-- [ RunTime:0.000535s ]
SQL: SHOW COLUMNS FROM `gamestype` [ RunTime:0.001920s ]
SQL: SELECT * FROM `gamestype` LIMIT 0,3   [ RunTime:0.001533s ]
SQL: SHOW COLUMNS FROM `gamesdetails` [ RunTime:0.001671s ]
SQL: SELECT COUNT(*) AS tp_count FROM `gamesdetails` WHERE ( tid=www.miitbeian.gov.cn ) LIMIT 1   [ RunTime:0.001240s ]
ERR: 1064:You have an error in your SQL syntax; check the manual that corresponds to your MySQL server version for the right syntax to use near '.cn ) LIMIT 1' at line 1
 [ SQL语句 ] : SELECT COUNT(*) AS tp_count FROM `gamesdetails` WHERE ( tid=www.miitbeian.gov.cn ) LIMIT 1  
SQL: SELECT * FROM `gamesdetails` WHERE ( tid=www.miitbeian.gov.cn ) ORDER BY gamehot desc LIMIT 0,4   [ RunTime:0.001253s ]
ERR: 1064:You have an error in your SQL syntax; check the manual that corresponds to your MySQL server version for the right syntax to use near '.cn ) ORDER BY gamehot desc LIMIT 0,4' at line 1
 [ SQL语句 ] : SELECT * FROM `gamesdetails` WHERE ( tid=www.miitbeian.gov.cn ) ORDER BY gamehot desc LIMIT 0,4  
INFO: [ view_parse ] --START--
INFO: [ template_filter ] --START--
INFO: Run Behavior\ContentReplaceBehavior [ RunTime:0.000043s ]
INFO: [ template_filter ] --END-- [ RunTime:0.000089s ]
NOTIC: [8] Undefined index: usermsg /data/home/bxu2359300359/htdocs/application/Runtime/Cache/Home/cff27e63c4e56700283b6a48118f6b99.php 第 16 行.
INFO: Run Behavior\ParseTemplateBehavior [ RunTime:0.008922s ]
INFO: [ view_parse ] --END-- [ RunTime:0.008971s ]
INFO: [ view_filter ] --START--
INFO: Run Behavior\WriteHtmlCacheBehavior [ RunTime:0.000239s ]
INFO: [ view_filter ] --END-- [ RunTime:0.000271s ]
INFO: [ app_end ] --START--
INFO: Run Behavior\ShowPageTraceBehavior [ RunTime:0.000534s ]
INFO: [ app_end ] --END-- [ RunTime:0.000576s ]

[ 2017-08-06T17:29:50+08:00 ] 61.135.165.9 /
INFO: [ app_init ] --START--
INFO: Run Behavior\BuildLiteBehavior [ RunTime:0.000015s ]
INFO: [ app_init ] --END-- [ RunTime:0.000402s ]
INFO: [ app_begin ] --START--
INFO: Run Behavior\ReadHtmlCacheBehavior [ RunTime:0.000528s ]
INFO: [ app_begin ] --END-- [ RunTime:0.000574s ]
SQL: SHOW COLUMNS FROM `gamesdetails` [ RunTime:0.001639s ]
SQL: SELECT * FROM `gamesdetails` WHERE ( tid=2 ) ORDER BY gamehot desc LIMIT 0,5   [ RunTime:0.001472s ]
SQL: SELECT * FROM `gamesdetails` WHERE ( tid=1 ) ORDER BY gamehot desc LIMIT 0,5   [ RunTime:0.001164s ]
SQL: SELECT * FROM `gamesdetails` WHERE ( tid=3 ) ORDER BY gamehot desc LIMIT 0,5   [ RunTime:0.001226s ]
SQL: SELECT * FROM `gamesdetails` WHERE ( tid=4 ) ORDER BY gamehot desc LIMIT 0,5   [ RunTime:0.001161s ]
SQL: SELECT `id` FROM `gamesdetails` WHERE ( gamesname='英雄联盟' ) LIMIT 1   [ RunTime:0.001019s ]
SQL: SELECT `id` FROM `gamesdetails` WHERE ( gamesname='地下城与勇士' ) LIMIT 1   [ RunTime:0.001029s ]
SQL: SELECT `id` FROM `gamesdetails` WHERE ( gamesname='阴阳师' ) LIMIT 1   [ RunTime:0.001181s ]
SQL: SELECT `gamesname`,`gamehot` FROM `gamesdetails` WHERE ( tid=1 ) LIMIT 0,12   [ RunTime:0.001073s ]
SQL: SELECT `gamesname`,`gamehot` FROM `gamesdetails` WHERE ( tid=3 ) LIMIT 0,12   [ RunTime:0.001077s ]
SQL: SELECT `gamesname`,`gamehot` FROM `gamesdetails` WHERE ( tid=2 ) LIMIT 0,12   [ RunTime:0.001087s ]
SQL: SELECT `gamesname`,`gamehot` FROM `gamesdetails` WHERE ( tid=4 ) LIMIT 0,13   [ RunTime:0.001069s ]
SQL: SELECT COUNT(*) AS tp_count FROM `gamesdetails` LIMIT 1   [ RunTime:0.001406s ]
SQL: SHOW COLUMNS FROM `lol_newsimg` [ RunTime:0.001298s ]
SQL: SELECT * FROM `lol_newsimg` ORDER BY dateandtime desc LIMIT 0,4   [ RunTime:0.001213s ]
SQL: SHOW COLUMNS FROM `lol_freehero` [ RunTime:0.001239s ]
SQL: SHOW COLUMNS FROM `gamestype` [ RunTime:0.001306s ]
SQL: SELECT * FROM `gamestype`  [ RunTime:0.001087s ]
SQL: SELECT `gamesname`,`smalldesktop`,`gametype` FROM `gamesdetails` WHERE ( tid=1 ) ORDER BY gamehot desc LIMIT 0,10   [ RunTime:0.001177s ]
SQL: SELECT `gamesname`,`smalldesktop`,`gametype` FROM `gamesdetails` WHERE ( tid=2 ) ORDER BY gamehot desc LIMIT 0,10   [ RunTime:0.001180s ]
SQL: SELECT `gamesname`,`smalldesktop`,`gametype` FROM `gamesdetails` WHERE ( tid=3 ) ORDER BY gamehot desc LIMIT 0,10   [ RunTime:0.001140s ]
SQL: SELECT `gamesname`,`smalldesktop`,`gametype` FROM `gamesdetails` WHERE ( tid=4 ) ORDER BY gamehot desc LIMIT 0,10   [ RunTime:0.001150s ]
SQL: SELECT `id` FROM `gamestype` WHERE ( gamestypename='网络游戏' ) LIMIT 1   [ RunTime:0.001040s ]
SQL: SELECT `id` FROM `gamestype` WHERE ( gamestypename='单机游戏' ) LIMIT 1   [ RunTime:0.001071s ]
SQL: SELECT `id` FROM `gamestype` WHERE ( gamestypename='手机游戏' ) LIMIT 1   [ RunTime:0.001048s ]
SQL: SHOW COLUMNS FROM `gamesnews` [ RunTime:0.001364s ]
SQL: SELECT * FROM `gamesnews` ORDER BY hints desc LIMIT 0,4   [ RunTime:0.002918s ]
SQL: SELECT `id`,`title` FROM `gamesnews` WHERE ( nid=3 ) ORDER BY hints desc LIMIT 0,2   [ RunTime:0.001146s ]
SQL: SHOW COLUMNS FROM `newsimg` [ RunTime:0.001258s ]
SQL: SELECT `imgname` FROM `newsimg` WHERE ( newsid=6 && special=1 ) LIMIT 1   [ RunTime:0.001497s ]
SQL: SELECT `imgname` FROM `newsimg` WHERE ( newsid=5 && special=1 ) LIMIT 1   [ RunTime:0.001045s ]
SQL: SELECT `id`,`title` FROM `gamesnews` WHERE ( nid=1 && hints<1000 ) ORDER BY hints desc LIMIT 0,2   [ RunTime:0.001130s ]
SQL: SELECT `imgname` FROM `newsimg` WHERE ( newsid=10 && special=1 ) LIMIT 1   [ RunTime:0.001030s ]
SQL: SELECT `imgname` FROM `newsimg` WHERE ( newsid=9 && special=1 ) LIMIT 1   [ RunTime:0.001061s ]
SQL: SELECT `id`,`title` FROM `gamesnews` WHERE ( nid=2 && hints<1000 ) ORDER BY hints desc LIMIT 0,2   [ RunTime:0.001264s ]
SQL: SELECT `imgname` FROM `newsimg` WHERE ( newsid=17 && special=1 ) LIMIT 1   [ RunTime:0.001073s ]
SQL: SELECT `imgname` FROM `newsimg` WHERE ( newsid=18 && special=1 ) LIMIT 1   [ RunTime:0.001082s ]
SQL: SELECT `id`,`title` FROM `gamesnews` WHERE ( nid=4 && hints<1000 ) ORDER BY hints desc LIMIT 0,2   [ RunTime:0.001154s ]
SQL: SELECT `imgname` FROM `newsimg` WHERE ( newsid=13 && special=1 ) LIMIT 1   [ RunTime:0.001099s ]
SQL: SELECT `imgname` FROM `newsimg` WHERE ( newsid=14 && special=1 ) LIMIT 1   [ RunTime:0.001092s ]
SQL: SELECT `id`,`title`,`time` FROM `gamesnews` WHERE ( nid=3 && hints<700 ) ORDER BY hints desc LIMIT 0,2   [ RunTime:0.001194s ]
SQL: SELECT `id`,`title`,`time` FROM `gamesnews` WHERE ( nid=1 && hints<700 ) ORDER BY hints desc LIMIT 0,2   [ RunTime:0.001167s ]
SQL: SELECT `id`,`title`,`time` FROM `gamesnews` WHERE ( nid=2 && hints<700 ) ORDER BY hints desc LIMIT 0,2   [ RunTime:0.001141s ]
SQL: SELECT `id`,`title`,`time` FROM `gamesnews` WHERE ( nid=4 && hints<700 ) ORDER BY hints desc LIMIT 0,2   [ RunTime:0.001152s ]
INFO: [ view_parse ] --START--
INFO: [ template_filter ] --START--
INFO: Run Behavior\ContentReplaceBehavior [ RunTime:0.000199s ]
INFO: [ template_filter ] --END-- [ RunTime:0.000247s ]
NOTIC: [8] Undefined index: usermsg /data/home/bxu2359300359/htdocs/application/Runtime/Cache/Home/7ab946f4f0f5a79245f9543582fd5300.php 第 92 行.
INFO: Run Behavior\ParseTemplateBehavior [ RunTime:0.035334s ]
INFO: [ view_parse ] --END-- [ RunTime:0.035402s ]
INFO: [ view_filter ] --START--
INFO: Run Behavior\WriteHtmlCacheBehavior [ RunTime:0.000288s ]
INFO: [ view_filter ] --END-- [ RunTime:0.000333s ]
INFO: [ app_end ] --START--
INFO: Run Behavior\ShowPageTraceBehavior [ RunTime:0.000597s ]
INFO: [ app_end ] --END-- [ RunTime:0.000639s ]

[ 2017-08-06T18:07:17+08:00 ] 64.246.165.210 /
INFO: [ app_init ] --START--
INFO: Run Behavior\BuildLiteBehavior [ RunTime:0.000015s ]
INFO: [ app_init ] --END-- [ RunTime:0.000357s ]
INFO: [ app_begin ] --START--
INFO: Run Behavior\ReadHtmlCacheBehavior [ RunTime:0.000466s ]
INFO: [ app_begin ] --END-- [ RunTime:0.000512s ]
SQL: SHOW COLUMNS FROM `gamesdetails` [ RunTime:0.001822s ]
SQL: SELECT `id` FROM `gamesdetails` WHERE ( gamesname='英雄联盟' ) LIMIT 1   [ RunTime:0.001423s ]
SQL: SELECT `id` FROM `gamesdetails` WHERE ( gamesname='地下城与勇士' ) LIMIT 1   [ RunTime:0.001167s ]
SQL: SELECT `id` FROM `gamesdetails` WHERE ( gamesname='阴阳师' ) LIMIT 1   [ RunTime:0.001153s ]
SQL: SELECT COUNT(*) AS tp_count FROM `gamesdetails` LIMIT 1   [ RunTime:0.001222s ]
SQL: SHOW COLUMNS FROM `lol_newsimg` [ RunTime:0.001440s ]
SQL: SHOW COLUMNS FROM `lol_freehero` [ RunTime:0.001327s ]
SQL: SHOW COLUMNS FROM `gamestype` [ RunTime:0.001440s ]
SQL: SELECT `gamesname`,`smalldesktop`,`gametype` FROM `gamesdetails` WHERE ( tid=1 ) ORDER BY gamehot desc LIMIT 0,10   [ RunTime:0.001391s ]
SQL: SELECT `gamesname`,`smalldesktop`,`gametype` FROM `gamesdetails` WHERE ( tid=2 ) ORDER BY gamehot desc LIMIT 0,10   [ RunTime:0.001259s ]
SQL: SELECT `gamesname`,`smalldesktop`,`gametype` FROM `gamesdetails` WHERE ( tid=3 ) ORDER BY gamehot desc LIMIT 0,10   [ RunTime:0.001248s ]
SQL: SELECT `gamesname`,`smalldesktop`,`gametype` FROM `gamesdetails` WHERE ( tid=4 ) ORDER BY gamehot desc LIMIT 0,10   [ RunTime:0.001328s ]
SQL: SELECT `id` FROM `gamestype` WHERE ( gamestypename='网络游戏' ) LIMIT 1   [ RunTime:0.001296s ]
SQL: SELECT `id` FROM `gamestype` WHERE ( gamestypename='单机游戏' ) LIMIT 1   [ RunTime:0.001158s ]
SQL: SELECT `id` FROM `gamestype` WHERE ( gamestypename='手机游戏' ) LIMIT 1   [ RunTime:0.001184s ]
SQL: SHOW COLUMNS FROM `gamesnews` [ RunTime:0.001474s ]
SQL: SELECT * FROM `gamesnews` ORDER BY hints desc LIMIT 0,4   [ RunTime:0.003144s ]
SQL: SHOW COLUMNS FROM `newsimg` [ RunTime:0.001393s ]
INFO: [ view_parse ] --START--
INFO: [ template_filter ] --START--
INFO: Run Behavior\ContentReplaceBehavior [ RunTime:0.000139s ]
INFO: [ template_filter ] --END-- [ RunTime:0.000180s ]
NOTIC: [8] Undefined index: usermsg /data/home/bxu2359300359/htdocs/application/Runtime/Cache/Home/7ab946f4f0f5a79245f9543582fd5300.php 第 92 行.
INFO: Run Behavior\ParseTemplateBehavior [ RunTime:0.031982s ]
INFO: [ view_parse ] --END-- [ RunTime:0.032026s ]
INFO: [ view_filter ] --START--
INFO: Run Behavior\WriteHtmlCacheBehavior [ RunTime:0.000240s ]
INFO: [ view_filter ] --END-- [ RunTime:0.000276s ]
INFO: [ app_end ] --START--
INFO: Run Behavior\ShowPageTraceBehavior [ RunTime:0.000688s ]
INFO: [ app_end ] --END-- [ RunTime:0.000749s ]

[ 2017-08-06T23:49:56+08:00 ] 203.208.60.227 /
INFO: [ app_init ] --START--
INFO: Run Behavior\BuildLiteBehavior [ RunTime:0.000016s ]
INFO: [ app_init ] --END-- [ RunTime:0.000412s ]
INFO: [ app_begin ] --START--
INFO: Run Behavior\ReadHtmlCacheBehavior [ RunTime:0.000499s ]
INFO: [ app_begin ] --END-- [ RunTime:0.000547s ]
SQL: SHOW COLUMNS FROM `gamesdetails` [ RunTime:0.001847s ]
SQL: SELECT `id` FROM `gamesdetails` WHERE ( gamesname='英雄联盟' ) LIMIT 1   [ RunTime:0.001415s ]
SQL: SELECT `id` FROM `gamesdetails` WHERE ( gamesname='地下城与勇士' ) LIMIT 1   [ RunTime:0.001359s ]
SQL: SELECT `id` FROM `gamesdetails` WHERE ( gamesname='阴阳师' ) LIMIT 1   [ RunTime:0.001396s ]
SQL: SELECT COUNT(*) AS tp_count FROM `gamesdetails` LIMIT 1   [ RunTime:0.001243s ]
SQL: SHOW COLUMNS FROM `lol_newsimg` [ RunTime:0.001501s ]
SQL: SHOW COLUMNS FROM `lol_freehero` [ RunTime:0.001481s ]
SQL: SHOW COLUMNS FROM `gamestype` [ RunTime:0.001457s ]
SQL: SELECT `gamesname`,`smalldesktop`,`gametype` FROM `gamesdetails` WHERE ( tid=1 ) ORDER BY gamehot desc LIMIT 0,10   [ RunTime:0.001369s ]
SQL: SELECT `gamesname`,`smalldesktop`,`gametype` FROM `gamesdetails` WHERE ( tid=2 ) ORDER BY gamehot desc LIMIT 0,10   [ RunTime:0.001405s ]
SQL: SELECT `gamesname`,`smalldesktop`,`gametype` FROM `gamesdetails` WHERE ( tid=3 ) ORDER BY gamehot desc LIMIT 0,10   [ RunTime:0.001261s ]
SQL: SELECT `gamesname`,`smalldesktop`,`gametype` FROM `gamesdetails` WHERE ( tid=4 ) ORDER BY gamehot desc LIMIT 0,10   [ RunTime:0.001230s ]
SQL: SELECT `id` FROM `gamestype` WHERE ( gamestypename='网络游戏' ) LIMIT 1   [ RunTime:0.001355s ]
SQL: SELECT `id` FROM `gamestype` WHERE ( gamestypename='单机游戏' ) LIMIT 1   [ RunTime:0.001232s ]
SQL: SELECT `id` FROM `gamestype` WHERE ( gamestypename='手机游戏' ) LIMIT 1   [ RunTime:0.001163s ]
SQL: SHOW COLUMNS FROM `gamesnews` [ RunTime:0.001432s ]
SQL: SELECT * FROM `gamesnews` ORDER BY hints desc LIMIT 0,4   [ RunTime:0.003178s ]
SQL: SHOW COLUMNS FROM `newsimg` [ RunTime:0.001345s ]
INFO: [ view_parse ] --START--
INFO: [ template_filter ] --START--
INFO: Run Behavior\ContentReplaceBehavior [ RunTime:0.000162s ]
INFO: [ template_filter ] --END-- [ RunTime:0.000218s ]
NOTIC: [8] Undefined index: usermsg /data/home/bxu2359300359/htdocs/application/Runtime/Cache/Home/7ab946f4f0f5a79245f9543582fd5300.php 第 92 行.
INFO: Run Behavior\ParseTemplateBehavior [ RunTime:0.032966s ]
INFO: [ view_parse ] --END-- [ RunTime:0.033012s ]
INFO: [ view_filter ] --START--
INFO: Run Behavior\WriteHtmlCacheBehavior [ RunTime:0.000259s ]
INFO: [ view_filter ] --END-- [ RunTime:0.000295s ]
INFO: [ app_end ] --START--
INFO: Run Behavior\ShowPageTraceBehavior [ RunTime:0.000555s ]
INFO: [ app_end ] --END-- [ RunTime:0.000632s ]

