[ 2017-06-22T01:05:25+08:00 ] 66.249.75.16 /
INFO: [ app_init ] --START--
INFO: Run Behavior\BuildLiteBehavior [ RunTime:0.000016s ]
INFO: [ app_init ] --END-- [ RunTime:0.000368s ]
INFO: [ app_begin ] --START--
INFO: Run Behavior\ReadHtmlCacheBehavior [ RunTime:0.000567s ]
INFO: [ app_begin ] --END-- [ RunTime:0.000615s ]
SQL: SHOW COLUMNS FROM `gamesdetails` [ RunTime:0.001654s ]
SQL: SELECT `id` FROM `gamesdetails` WHERE ( gamesname='英雄联盟' ) LIMIT 1   [ RunTime:0.001379s ]
SQL: SELECT `id` FROM `gamesdetails` WHERE ( gamesname='地下城与勇士' ) LIMIT 1   [ RunTime:0.001164s ]
SQL: SELECT `id` FROM `gamesdetails` WHERE ( gamesname='阴阳师' ) LIMIT 1   [ RunTime:0.001146s ]
SQL: SELECT COUNT(*) AS tp_count FROM `gamesdetails` LIMIT 1   [ RunTime:0.001275s ]
SQL: SHOW COLUMNS FROM `lol_newsimg` [ RunTime:0.001403s ]
SQL: SHOW COLUMNS FROM `lol_freehero` [ RunTime:0.001349s ]
SQL: SHOW COLUMNS FROM `gamestype` [ RunTime:0.001618s ]
SQL: SELECT `gamesname`,`smalldesktop`,`gametype` FROM `gamesdetails` WHERE ( tid=1 ) ORDER BY gamehot desc LIMIT 0,10   [ RunTime:0.001374s ]
SQL: SELECT `gamesname`,`smalldesktop`,`gametype` FROM `gamesdetails` WHERE ( tid=2 ) ORDER BY gamehot desc LIMIT 0,10   [ RunTime:0.001244s ]
SQL: SELECT `gamesname`,`smalldesktop`,`gametype` FROM `gamesdetails` WHERE ( tid=3 ) ORDER BY gamehot desc LIMIT 0,10   [ RunTime:0.001310s ]
SQL: SELECT `gamesname`,`smalldesktop`,`gametype` FROM `gamesdetails` WHERE ( tid=4 ) ORDER BY gamehot desc LIMIT 0,10   [ RunTime:0.001962s ]
SQL: SELECT `id` FROM `gamestype` WHERE ( gamestypename='网络游戏' ) LIMIT 1   [ RunTime:0.001324s ]
SQL: SELECT `id` FROM `gamestype` WHERE ( gamestypename='单机游戏' ) LIMIT 1   [ RunTime:0.001149s ]
SQL: SELECT `id` FROM `gamestype` WHERE ( gamestypename='手机游戏' ) LIMIT 1   [ RunTime:0.001157s ]
SQL: SHOW COLUMNS FROM `gamesnews` [ RunTime:0.001423s ]
SQL: SELECT * FROM `gamesnews` ORDER BY hints desc LIMIT 0,4   [ RunTime:0.003178s ]
SQL: SHOW COLUMNS FROM `newsimg` [ RunTime:0.001411s ]
INFO: [ view_parse ] --START--
INFO: [ template_filter ] --START--
INFO: Run Behavior\ContentReplaceBehavior [ RunTime:0.000163s ]
INFO: [ template_filter ] --END-- [ RunTime:0.000217s ]
NOTIC: [8] Undefined index: usermsg /data/home/bxu2359300359/htdocs/application/Runtime/Cache/Home/7ab946f4f0f5a79245f9543582fd5300.php 第 92 行.
INFO: Run Behavior\ParseTemplateBehavior [ RunTime:0.032336s ]
INFO: [ view_parse ] --END-- [ RunTime:0.032380s ]
INFO: [ view_filter ] --START--
INFO: Run Behavior\WriteHtmlCacheBehavior [ RunTime:0.000246s ]
INFO: [ view_filter ] --END-- [ RunTime:0.000283s ]
INFO: [ app_end ] --START--
INFO: Run Behavior\ShowPageTraceBehavior [ RunTime:0.000528s ]
INFO: [ app_end ] --END-- [ RunTime:0.000573s ]

[ 2017-06-22T01:30:46+08:00 ] 66.249.75.31 /home.php/Gamesnews/index/newsId/5
INFO: [ app_init ] --START--
INFO: Run Behavior\BuildLiteBehavior [ RunTime:0.000019s ]
INFO: [ app_init ] --END-- [ RunTime:0.000419s ]
INFO: [ app_begin ] --START--
INFO: Run Behavior\ReadHtmlCacheBehavior [ RunTime:0.000560s ]
INFO: [ app_begin ] --END-- [ RunTime:0.000609s ]
SQL: SHOW COLUMNS FROM `gamestype` [ RunTime:0.001601s ]
SQL: SHOW COLUMNS FROM `gamesnews` [ RunTime:0.001531s ]
SQL: UPDATE `gamesnews` SET `hints`=hints+1 WHERE ( id=5 ) [ RunTime:0.004572s ]
SQL: SELECT * FROM `gamesnews` WHERE ( id=5 ) LIMIT 1   [ RunTime:0.001378s ]
SQL: SHOW COLUMNS FROM `newsimg` [ RunTime:0.001576s ]
SQL: SELECT COUNT(*) AS tp_count FROM `newsimg` WHERE ( newsid=5 ) LIMIT 1   [ RunTime:0.001517s ]
SQL: SELECT * FROM `newsimg` WHERE ( newsid=5 ) ORDER BY shunxu  [ RunTime:0.001381s ]
NOTIC: [8] Undefined offset: 2 /data/home/bxu2359300359/htdocs/application/Home/Controller/GamesnewsController.class.php 第 31 行.
INFO: [ view_parse ] --START--
INFO: [ template_filter ] --START--
INFO: Run Behavior\ContentReplaceBehavior [ RunTime:0.000043s ]
INFO: [ template_filter ] --END-- [ RunTime:0.000087s ]
NOTIC: [8] Undefined index: usermsg /data/home/bxu2359300359/htdocs/application/Runtime/Cache/Home/560da5e34cc660081ae9269f103ae089.php 第 16 行.
INFO: Run Behavior\ParseTemplateBehavior [ RunTime:0.009184s ]
INFO: [ view_parse ] --END-- [ RunTime:0.009229s ]
INFO: [ view_filter ] --START--
INFO: Run Behavior\WriteHtmlCacheBehavior [ RunTime:0.000251s ]
INFO: [ view_filter ] --END-- [ RunTime:0.000283s ]
INFO: [ app_end ] --START--
INFO: Run Behavior\ShowPageTraceBehavior [ RunTime:0.000518s ]
INFO: [ app_end ] --END-- [ RunTime:0.000562s ]

[ 2017-06-22T06:29:24+08:00 ] 141.8.132.69 /
INFO: [ app_init ] --START--
INFO: Run Behavior\BuildLiteBehavior [ RunTime:0.000018s ]
INFO: [ app_init ] --END-- [ RunTime:0.000382s ]
INFO: [ app_begin ] --START--
INFO: Run Behavior\ReadHtmlCacheBehavior [ RunTime:0.000483s ]
INFO: [ app_begin ] --END-- [ RunTime:0.000530s ]
SQL: SHOW COLUMNS FROM `gamesdetails` [ RunTime:0.001624s ]
SQL: SELECT `id` FROM `gamesdetails` WHERE ( gamesname='英雄联盟' ) LIMIT 1   [ RunTime:0.001393s ]
SQL: SELECT `id` FROM `gamesdetails` WHERE ( gamesname='地下城与勇士' ) LIMIT 1   [ RunTime:0.001172s ]
SQL: SELECT `id` FROM `gamesdetails` WHERE ( gamesname='阴阳师' ) LIMIT 1   [ RunTime:0.001195s ]
SQL: SELECT COUNT(*) AS tp_count FROM `gamesdetails` LIMIT 1   [ RunTime:0.001211s ]
SQL: SHOW COLUMNS FROM `lol_newsimg` [ RunTime:0.001401s ]
SQL: SHOW COLUMNS FROM `lol_freehero` [ RunTime:0.001316s ]
SQL: SHOW COLUMNS FROM `gamestype` [ RunTime:0.001335s ]
SQL: SELECT `gamesname`,`smalldesktop`,`gametype` FROM `gamesdetails` WHERE ( tid=1 ) ORDER BY gamehot desc LIMIT 0,10   [ RunTime:0.001301s ]
SQL: SELECT `gamesname`,`smalldesktop`,`gametype` FROM `gamesdetails` WHERE ( tid=2 ) ORDER BY gamehot desc LIMIT 0,10   [ RunTime:0.001251s ]
SQL: SELECT `gamesname`,`smalldesktop`,`gametype` FROM `gamesdetails` WHERE ( tid=3 ) ORDER BY gamehot desc LIMIT 0,10   [ RunTime:0.001271s ]
SQL: SELECT `gamesname`,`smalldesktop`,`gametype` FROM `gamesdetails` WHERE ( tid=4 ) ORDER BY gamehot desc LIMIT 0,10   [ RunTime:0.001227s ]
SQL: SELECT `id` FROM `gamestype` WHERE ( gamestypename='网络游戏' ) LIMIT 1   [ RunTime:0.001266s ]
SQL: SELECT `id` FROM `gamestype` WHERE ( gamestypename='单机游戏' ) LIMIT 1   [ RunTime:0.001145s ]
SQL: SELECT `id` FROM `gamestype` WHERE ( gamestypename='手机游戏' ) LIMIT 1   [ RunTime:0.001161s ]
SQL: SHOW COLUMNS FROM `gamesnews` [ RunTime:0.001643s ]
SQL: SELECT * FROM `gamesnews` ORDER BY hints desc LIMIT 0,4   [ RunTime:0.003209s ]
SQL: SHOW COLUMNS FROM `newsimg` [ RunTime:0.001394s ]
INFO: [ view_parse ] --START--
INFO: [ template_filter ] --START--
INFO: Run Behavior\ContentReplaceBehavior [ RunTime:0.000142s ]
INFO: [ template_filter ] --END-- [ RunTime:0.000181s ]
NOTIC: [8] Undefined index: usermsg /data/home/bxu2359300359/htdocs/application/Runtime/Cache/Home/7ab946f4f0f5a79245f9543582fd5300.php 第 92 行.
INFO: Run Behavior\ParseTemplateBehavior [ RunTime:0.032106s ]
INFO: [ view_parse ] --END-- [ RunTime:0.032152s ]
INFO: [ view_filter ] --START--
INFO: Run Behavior\WriteHtmlCacheBehavior [ RunTime:0.000245s ]
INFO: [ view_filter ] --END-- [ RunTime:0.000281s ]
INFO: [ app_end ] --START--
INFO: Run Behavior\ShowPageTraceBehavior [ RunTime:0.000552s ]
INFO: [ app_end ] --END-- [ RunTime:0.000600s ]

[ 2017-06-22T06:30:53+08:00 ] 87.250.224.2 /home.php/Gamesnews/index/newsId/11
INFO: [ app_init ] --START--
INFO: Run Behavior\BuildLiteBehavior [ RunTime:0.000015s ]
INFO: [ app_init ] --END-- [ RunTime:0.000374s ]
INFO: [ app_begin ] --START--
INFO: Run Behavior\ReadHtmlCacheBehavior [ RunTime:0.000495s ]
INFO: [ app_begin ] --END-- [ RunTime:0.000541s ]
SQL: SHOW COLUMNS FROM `gamestype` [ RunTime:0.002879s ]
SQL: SELECT * FROM `gamestype` LIMIT 0,3   [ RunTime:0.001517s ]
SQL: SHOW COLUMNS FROM `gamesnews` [ RunTime:0.001466s ]
SQL: UPDATE `gamesnews` SET `hints`=hints+1 WHERE ( id=11 ) [ RunTime:0.003697s ]
SQL: SELECT * FROM `gamesnews` WHERE ( id=11 ) LIMIT 1   [ RunTime:0.001230s ]
SQL: SHOW COLUMNS FROM `newsimg` [ RunTime:0.001405s ]
SQL: SELECT COUNT(*) AS tp_count FROM `newsimg` WHERE ( newsid=11 ) LIMIT 1   [ RunTime:0.001275s ]
SQL: SELECT * FROM `newsimg` WHERE ( newsid=11 ) ORDER BY shunxu  [ RunTime:0.001102s ]
NOTIC: [8] Undefined offset: 2 /data/home/bxu2359300359/htdocs/application/Home/Controller/GamesnewsController.class.php 第 31 行.
INFO: [ view_parse ] --START--
INFO: [ template_filter ] --START--
INFO: Run Behavior\ContentReplaceBehavior [ RunTime:0.000041s ]
INFO: [ template_filter ] --END-- [ RunTime:0.000102s ]
NOTIC: [8] Undefined index: usermsg /data/home/bxu2359300359/htdocs/application/Runtime/Cache/Home/560da5e34cc660081ae9269f103ae089.php 第 16 行.
INFO: Run Behavior\ParseTemplateBehavior [ RunTime:0.007824s ]
INFO: [ view_parse ] --END-- [ RunTime:0.007867s ]
INFO: [ view_filter ] --START--
INFO: Run Behavior\WriteHtmlCacheBehavior [ RunTime:0.000260s ]
INFO: [ view_filter ] --END-- [ RunTime:0.000296s ]
INFO: [ app_end ] --START--
INFO: Run Behavior\ShowPageTraceBehavior [ RunTime:0.000552s ]
INFO: [ app_end ] --END-- [ RunTime:0.000595s ]

[ 2017-06-22T06:32:48+08:00 ] 141.8.142.81 /home.php/Gamesnews/index/newsId/14
INFO: [ app_init ] --START--
INFO: Run Behavior\BuildLiteBehavior [ RunTime:0.000019s ]
INFO: [ app_init ] --END-- [ RunTime:0.000408s ]
INFO: [ app_begin ] --START--
INFO: Run Behavior\ReadHtmlCacheBehavior [ RunTime:0.000821s ]
INFO: [ app_begin ] --END-- [ RunTime:0.000892s ]
SQL: SHOW COLUMNS FROM `gamestype` [ RunTime:0.001350s ]
SQL: SHOW COLUMNS FROM `gamesnews` [ RunTime:0.001256s ]
SQL: UPDATE `gamesnews` SET `hints`=hints+1 WHERE ( id=14 ) [ RunTime:0.003975s ]
SQL: SELECT * FROM `gamesnews` WHERE ( id=14 ) LIMIT 1   [ RunTime:0.001219s ]
SQL: SHOW COLUMNS FROM `newsimg` [ RunTime:0.001394s ]
SQL: SELECT COUNT(*) AS tp_count FROM `newsimg` WHERE ( newsid=14 ) LIMIT 1   [ RunTime:0.001285s ]
SQL: SELECT * FROM `newsimg` WHERE ( newsid=14 ) ORDER BY shunxu  [ RunTime:0.001161s ]
NOTIC: [8] Undefined offset: 2 /data/home/bxu2359300359/htdocs/application/Home/Controller/GamesnewsController.class.php 第 31 行.
INFO: [ view_parse ] --START--
INFO: [ template_filter ] --START--
INFO: Run Behavior\ContentReplaceBehavior [ RunTime:0.000053s ]
INFO: [ template_filter ] --END-- [ RunTime:0.000123s ]
NOTIC: [8] Undefined index: usermsg /data/home/bxu2359300359/htdocs/application/Runtime/Cache/Home/560da5e34cc660081ae9269f103ae089.php 第 16 行.
INFO: Run Behavior\ParseTemplateBehavior [ RunTime:0.008420s ]
INFO: [ view_parse ] --END-- [ RunTime:0.008466s ]
INFO: [ view_filter ] --START--
INFO: Run Behavior\WriteHtmlCacheBehavior [ RunTime:0.000246s ]
INFO: [ view_filter ] --END-- [ RunTime:0.000282s ]
INFO: [ app_end ] --START--
INFO: Run Behavior\ShowPageTraceBehavior [ RunTime:0.000556s ]
INFO: [ app_end ] --END-- [ RunTime:0.000603s ]

[ 2017-06-22T06:33:47+08:00 ] 141.8.142.33 /home.php/Login/index
INFO: [ app_init ] --START--
INFO: Run Behavior\BuildLiteBehavior [ RunTime:0.000015s ]
INFO: [ app_init ] --END-- [ RunTime:0.000375s ]
INFO: [ app_begin ] --START--
INFO: Run Behavior\ReadHtmlCacheBehavior [ RunTime:0.000462s ]
INFO: [ app_begin ] --END-- [ RunTime:0.000528s ]
NOTIC: [8] Use of undefined constant HTTP_REFERER - assumed 'HTTP_REFERER' /data/home/bxu2359300359/htdocs/application/Home/Controller/LoginController.class.php 第 9 行.
NOTIC: [8] Undefined index: HTTP_REFERER /data/home/bxu2359300359/htdocs/application/Home/Controller/LoginController.class.php 第 9 行.
INFO: [ view_parse ] --START--
INFO: [ template_filter ] --START--
INFO: Run Behavior\ContentReplaceBehavior [ RunTime:0.000061s ]
INFO: [ template_filter ] --END-- [ RunTime:0.000123s ]
INFO: Run Behavior\ParseTemplateBehavior [ RunTime:0.049407s ]
INFO: [ view_parse ] --END-- [ RunTime:0.049496s ]
INFO: [ view_filter ] --START--
INFO: Run Behavior\WriteHtmlCacheBehavior [ RunTime:0.000337s ]
INFO: [ view_filter ] --END-- [ RunTime:0.000394s ]
INFO: [ app_end ] --START--
INFO: Run Behavior\ShowPageTraceBehavior [ RunTime:0.000575s ]
INFO: [ app_end ] --END-- [ RunTime:0.000614s ]

[ 2017-06-22T08:17:11+08:00 ] 66.249.69.211 /
INFO: [ app_init ] --START--
INFO: Run Behavior\BuildLiteBehavior [ RunTime:0.000015s ]
INFO: [ app_init ] --END-- [ RunTime:0.000393s ]
INFO: [ app_begin ] --START--
INFO: Run Behavior\ReadHtmlCacheBehavior [ RunTime:0.000490s ]
INFO: [ app_begin ] --END-- [ RunTime:0.000537s ]
SQL: SHOW COLUMNS FROM `gamesdetails` [ RunTime:0.001673s ]
SQL: SELECT `id` FROM `gamesdetails` WHERE ( gamesname='英雄联盟' ) LIMIT 1   [ RunTime:0.001289s ]
SQL: SELECT `id` FROM `gamesdetails` WHERE ( gamesname='地下城与勇士' ) LIMIT 1   [ RunTime:0.001062s ]
SQL: SELECT `id` FROM `gamesdetails` WHERE ( gamesname='阴阳师' ) LIMIT 1   [ RunTime:0.001095s ]
SQL: SELECT COUNT(*) AS tp_count FROM `gamesdetails` LIMIT 1   [ RunTime:0.001406s ]
SQL: SHOW COLUMNS FROM `lol_newsimg` [ RunTime:0.001431s ]
SQL: SHOW COLUMNS FROM `lol_freehero` [ RunTime:0.001226s ]
SQL: SHOW COLUMNS FROM `gamestype` [ RunTime:0.001215s ]
SQL: SELECT `gamesname`,`smalldesktop`,`gametype` FROM `gamesdetails` WHERE ( tid=1 ) ORDER BY gamehot desc LIMIT 0,10   [ RunTime:0.001247s ]
SQL: SELECT `gamesname`,`smalldesktop`,`gametype` FROM `gamesdetails` WHERE ( tid=2 ) ORDER BY gamehot desc LIMIT 0,10   [ RunTime:0.001160s ]
SQL: SELECT `gamesname`,`smalldesktop`,`gametype` FROM `gamesdetails` WHERE ( tid=3 ) ORDER BY gamehot desc LIMIT 0,10   [ RunTime:0.001127s ]
SQL: SELECT `gamesname`,`smalldesktop`,`gametype` FROM `gamesdetails` WHERE ( tid=4 ) ORDER BY gamehot desc LIMIT 0,10   [ RunTime:0.001146s ]
SQL: SELECT `id` FROM `gamestype` WHERE ( gamestypename='网络游戏' ) LIMIT 1   [ RunTime:0.001334s ]
SQL: SELECT `id` FROM `gamestype` WHERE ( gamestypename='单机游戏' ) LIMIT 1   [ RunTime:0.001065s ]
SQL: SELECT `id` FROM `gamestype` WHERE ( gamestypename='手机游戏' ) LIMIT 1   [ RunTime:0.001104s ]
SQL: SHOW COLUMNS FROM `gamesnews` [ RunTime:0.001443s ]
SQL: SELECT * FROM `gamesnews` ORDER BY hints desc LIMIT 0,4   [ RunTime:0.003065s ]
SQL: SHOW COLUMNS FROM `newsimg` [ RunTime:0.001375s ]
INFO: [ view_parse ] --START--
INFO: [ template_filter ] --START--
INFO: Run Behavior\ContentReplaceBehavior [ RunTime:0.000145s ]
INFO: [ template_filter ] --END-- [ RunTime:0.000210s ]
NOTIC: [8] Undefined index: usermsg /data/home/bxu2359300359/htdocs/application/Runtime/Cache/Home/7ab946f4f0f5a79245f9543582fd5300.php 第 92 行.
INFO: Run Behavior\ParseTemplateBehavior [ RunTime:0.034349s ]
INFO: [ view_parse ] --END-- [ RunTime:0.034394s ]
INFO: [ view_filter ] --START--
INFO: Run Behavior\WriteHtmlCacheBehavior [ RunTime:0.000263s ]
INFO: [ view_filter ] --END-- [ RunTime:0.000299s ]
INFO: [ app_end ] --START--
INFO: Run Behavior\ShowPageTraceBehavior [ RunTime:0.000798s ]
INFO: [ app_end ] --END-- [ RunTime:0.000867s ]

[ 2017-06-22T08:22:13+08:00 ] 66.249.75.29 /
INFO: [ app_init ] --START--
INFO: Run Behavior\BuildLiteBehavior [ RunTime:0.000016s ]
INFO: [ app_init ] --END-- [ RunTime:0.000449s ]
INFO: [ app_begin ] --START--
INFO: Run Behavior\ReadHtmlCacheBehavior [ RunTime:0.000521s ]
INFO: [ app_begin ] --END-- [ RunTime:0.000567s ]
SQL: SHOW COLUMNS FROM `gamesdetails` [ RunTime:0.001608s ]
SQL: SELECT `id` FROM `gamesdetails` WHERE ( gamesname='英雄联盟' ) LIMIT 1   [ RunTime:0.001148s ]
SQL: SELECT `id` FROM `gamesdetails` WHERE ( gamesname='地下城与勇士' ) LIMIT 1   [ RunTime:0.001092s ]
SQL: SELECT `id` FROM `gamesdetails` WHERE ( gamesname='阴阳师' ) LIMIT 1   [ RunTime:0.001091s ]
SQL: SELECT COUNT(*) AS tp_count FROM `gamesdetails` LIMIT 1   [ RunTime:0.001116s ]
SQL: SHOW COLUMNS FROM `lol_newsimg` [ RunTime:0.001309s ]
SQL: SHOW COLUMNS FROM `lol_freehero` [ RunTime:0.001253s ]
SQL: SHOW COLUMNS FROM `gamestype` [ RunTime:0.001287s ]
SQL: SELECT `gamesname`,`smalldesktop`,`gametype` FROM `gamesdetails` WHERE ( tid=1 ) ORDER BY gamehot desc LIMIT 0,10   [ RunTime:0.001095s ]
SQL: SELECT `gamesname`,`smalldesktop`,`gametype` FROM `gamesdetails` WHERE ( tid=2 ) ORDER BY gamehot desc LIMIT 0,10   [ RunTime:0.001163s ]
SQL: SELECT `gamesname`,`smalldesktop`,`gametype` FROM `gamesdetails` WHERE ( tid=3 ) ORDER BY gamehot desc LIMIT 0,10   [ RunTime:0.001095s ]
SQL: SELECT `gamesname`,`smalldesktop`,`gametype` FROM `gamesdetails` WHERE ( tid=4 ) ORDER BY gamehot desc LIMIT 0,10   [ RunTime:0.001263s ]
SQL: SELECT `id` FROM `gamestype` WHERE ( gamestypename='网络游戏' ) LIMIT 1   [ RunTime:0.001174s ]
SQL: SELECT `id` FROM `gamestype` WHERE ( gamestypename='单机游戏' ) LIMIT 1   [ RunTime:0.001993s ]
SQL: SELECT `id` FROM `gamestype` WHERE ( gamestypename='手机游戏' ) LIMIT 1   [ RunTime:0.001089s ]
SQL: SHOW COLUMNS FROM `gamesnews` [ RunTime:0.001358s ]
SQL: SELECT * FROM `gamesnews` ORDER BY hints desc LIMIT 0,4   [ RunTime:0.002896s ]
SQL: SHOW COLUMNS FROM `newsimg` [ RunTime:0.001311s ]
INFO: [ view_parse ] --START--
INFO: [ template_filter ] --START--
INFO: Run Behavior\ContentReplaceBehavior [ RunTime:0.000146s ]
INFO: [ template_filter ] --END-- [ RunTime:0.000221s ]
NOTIC: [8] Undefined index: usermsg /data/home/bxu2359300359/htdocs/application/Runtime/Cache/Home/7ab946f4f0f5a79245f9543582fd5300.php 第 92 行.
INFO: Run Behavior\ParseTemplateBehavior [ RunTime:0.036375s ]
INFO: [ view_parse ] --END-- [ RunTime:0.036422s ]
INFO: [ view_filter ] --START--
INFO: Run Behavior\WriteHtmlCacheBehavior [ RunTime:0.000272s ]
INFO: [ view_filter ] --END-- [ RunTime:0.000309s ]
INFO: [ app_end ] --START--
INFO: Run Behavior\ShowPageTraceBehavior [ RunTime:0.000586s ]
INFO: [ app_end ] --END-- [ RunTime:0.000627s ]

[ 2017-06-22T08:56:50+08:00 ] 42.156.251.187 /
INFO: [ app_init ] --START--
INFO: Run Behavior\BuildLiteBehavior [ RunTime:0.000015s ]
INFO: [ app_init ] --END-- [ RunTime:0.000413s ]
INFO: [ app_begin ] --START--
INFO: Run Behavior\ReadHtmlCacheBehavior [ RunTime:0.000547s ]
INFO: [ app_begin ] --END-- [ RunTime:0.000595s ]
SQL: SHOW COLUMNS FROM `gamesdetails` [ RunTime:0.001694s ]
SQL: SELECT `id` FROM `gamesdetails` WHERE ( gamesname='英雄联盟' ) LIMIT 1   [ RunTime:0.001347s ]
SQL: SELECT `id` FROM `gamesdetails` WHERE ( gamesname='地下城与勇士' ) LIMIT 1   [ RunTime:0.001211s ]
SQL: SELECT `id` FROM `gamesdetails` WHERE ( gamesname='阴阳师' ) LIMIT 1   [ RunTime:0.001163s ]
SQL: SELECT COUNT(*) AS tp_count FROM `gamesdetails` LIMIT 1   [ RunTime:0.001259s ]
SQL: SHOW COLUMNS FROM `lol_newsimg` [ RunTime:0.001388s ]
SQL: SHOW COLUMNS FROM `lol_freehero` [ RunTime:0.001350s ]
SQL: SHOW COLUMNS FROM `gamestype` [ RunTime:0.001305s ]
SQL: SELECT `gamesname`,`smalldesktop`,`gametype` FROM `gamesdetails` WHERE ( tid=1 ) ORDER BY gamehot desc LIMIT 0,10   [ RunTime:0.001282s ]
SQL: SELECT `gamesname`,`smalldesktop`,`gametype` FROM `gamesdetails` WHERE ( tid=2 ) ORDER BY gamehot desc LIMIT 0,10   [ RunTime:0.001247s ]
SQL: SELECT `gamesname`,`smalldesktop`,`gametype` FROM `gamesdetails` WHERE ( tid=3 ) ORDER BY gamehot desc LIMIT 0,10   [ RunTime:0.001233s ]
SQL: SELECT `gamesname`,`smalldesktop`,`gametype` FROM `gamesdetails` WHERE ( tid=4 ) ORDER BY gamehot desc LIMIT 0,10   [ RunTime:0.001226s ]
SQL: SELECT `id` FROM `gamestype` WHERE ( gamestypename='网络游戏' ) LIMIT 1   [ RunTime:0.001422s ]
SQL: SELECT `id` FROM `gamestype` WHERE ( gamestypename='单机游戏' ) LIMIT 1   [ RunTime:0.002765s ]
SQL: SELECT `id` FROM `gamestype` WHERE ( gamestypename='手机游戏' ) LIMIT 1   [ RunTime:0.001124s ]
SQL: SHOW COLUMNS FROM `gamesnews` [ RunTime:0.001385s ]
SQL: SELECT * FROM `gamesnews` ORDER BY hints desc LIMIT 0,4   [ RunTime:0.003153s ]
SQL: SHOW COLUMNS FROM `newsimg` [ RunTime:0.001549s ]
INFO: [ view_parse ] --START--
INFO: [ template_filter ] --START--
INFO: Run Behavior\ContentReplaceBehavior [ RunTime:0.000143s ]
INFO: [ template_filter ] --END-- [ RunTime:0.000206s ]
NOTIC: [8] Undefined index: usermsg /data/home/bxu2359300359/htdocs/application/Runtime/Cache/Home/7ab946f4f0f5a79245f9543582fd5300.php 第 92 行.
INFO: Run Behavior\ParseTemplateBehavior [ RunTime:0.033600s ]
INFO: [ view_parse ] --END-- [ RunTime:0.033649s ]
INFO: [ view_filter ] --START--
INFO: Run Behavior\WriteHtmlCacheBehavior [ RunTime:0.000262s ]
INFO: [ view_filter ] --END-- [ RunTime:0.000300s ]
INFO: [ app_end ] --START--
INFO: Run Behavior\ShowPageTraceBehavior [ RunTime:0.000583s ]
INFO: [ app_end ] --END-- [ RunTime:0.000645s ]

[ 2017-06-22T08:57:04+08:00 ] 42.156.251.187 /
INFO: [ app_init ] --START--
INFO: Run Behavior\BuildLiteBehavior [ RunTime:0.000020s ]
INFO: [ app_init ] --END-- [ RunTime:0.000410s ]
INFO: [ app_begin ] --START--
INFO: Run Behavior\ReadHtmlCacheBehavior [ RunTime:0.000540s ]
INFO: [ app_begin ] --END-- [ RunTime:0.000587s ]
SQL: SHOW COLUMNS FROM `gamesdetails` [ RunTime:0.001486s ]
SQL: SELECT `id` FROM `gamesdetails` WHERE ( gamesname='英雄联盟' ) LIMIT 1   [ RunTime:0.000987s ]
SQL: SELECT `id` FROM `gamesdetails` WHERE ( gamesname='地下城与勇士' ) LIMIT 1   [ RunTime:0.000969s ]
SQL: SELECT `id` FROM `gamesdetails` WHERE ( gamesname='阴阳师' ) LIMIT 1   [ RunTime:0.001020s ]
SQL: SELECT COUNT(*) AS tp_count FROM `gamesdetails` LIMIT 1   [ RunTime:0.001025s ]
SQL: SHOW COLUMNS FROM `lol_newsimg` [ RunTime:0.001192s ]
SQL: SHOW COLUMNS FROM `lol_freehero` [ RunTime:0.001913s ]
SQL: SHOW COLUMNS FROM `gamestype` [ RunTime:0.001159s ]
SQL: SELECT `gamesname`,`smalldesktop`,`gametype` FROM `gamesdetails` WHERE ( tid=1 ) ORDER BY gamehot desc LIMIT 0,10   [ RunTime:0.001130s ]
SQL: SELECT `gamesname`,`smalldesktop`,`gametype` FROM `gamesdetails` WHERE ( tid=2 ) ORDER BY gamehot desc LIMIT 0,10   [ RunTime:0.001022s ]
SQL: SELECT `gamesname`,`smalldesktop`,`gametype` FROM `gamesdetails` WHERE ( tid=3 ) ORDER BY gamehot desc LIMIT 0,10   [ RunTime:0.008611s ]
SQL: SELECT `gamesname`,`smalldesktop`,`gametype` FROM `gamesdetails` WHERE ( tid=4 ) ORDER BY gamehot desc LIMIT 0,10   [ RunTime:0.001910s ]
SQL: SELECT `id` FROM `gamestype` WHERE ( gamestypename='网络游戏' ) LIMIT 1   [ RunTime:0.001960s ]
SQL: SELECT `id` FROM `gamestype` WHERE ( gamestypename='单机游戏' ) LIMIT 1   [ RunTime:0.001103s ]
SQL: SELECT `id` FROM `gamestype` WHERE ( gamestypename='手机游戏' ) LIMIT 1   [ RunTime:0.001050s ]
SQL: SHOW COLUMNS FROM `gamesnews` [ RunTime:0.001390s ]
SQL: SELECT * FROM `gamesnews` ORDER BY hints desc LIMIT 0,4   [ RunTime:0.002068s ]
SQL: SHOW COLUMNS FROM `newsimg` [ RunTime:0.001264s ]
INFO: [ view_parse ] --START--
INFO: [ template_filter ] --START--
INFO: Run Behavior\ContentReplaceBehavior [ RunTime:0.000145s ]
INFO: [ template_filter ] --END-- [ RunTime:0.000211s ]
NOTIC: [8] Undefined index: usermsg /data/home/bxu2359300359/htdocs/application/Runtime/Cache/Home/7ab946f4f0f5a79245f9543582fd5300.php 第 92 行.
INFO: Run Behavior\ParseTemplateBehavior [ RunTime:0.033838s ]
INFO: [ view_parse ] --END-- [ RunTime:0.033897s ]
INFO: [ view_filter ] --START--
INFO: Run Behavior\WriteHtmlCacheBehavior [ RunTime:0.000411s ]
INFO: [ view_filter ] --END-- [ RunTime:0.000466s ]
INFO: [ app_end ] --START--
INFO: Run Behavior\ShowPageTraceBehavior [ RunTime:0.000555s ]
INFO: [ app_end ] --END-- [ RunTime:0.000604s ]

[ 2017-06-22T12:27:15+08:00 ] 202.108.211.56 /
INFO: [ app_init ] --START--
INFO: Run Behavior\BuildLiteBehavior [ RunTime:0.000015s ]
INFO: [ app_init ] --END-- [ RunTime:0.000365s ]
INFO: [ app_begin ] --START--
INFO: Run Behavior\ReadHtmlCacheBehavior [ RunTime:0.000460s ]
INFO: [ app_begin ] --END-- [ RunTime:0.000505s ]
SQL: SHOW COLUMNS FROM `gamesdetails` [ RunTime:0.001853s ]
SQL: SELECT `id` FROM `gamesdetails` WHERE ( gamesname='英雄联盟' ) LIMIT 1   [ RunTime:0.002318s ]
SQL: SELECT `id` FROM `gamesdetails` WHERE ( gamesname='地下城与勇士' ) LIMIT 1   [ RunTime:0.001285s ]
SQL: SELECT `id` FROM `gamesdetails` WHERE ( gamesname='阴阳师' ) LIMIT 1   [ RunTime:0.001254s ]
SQL: SELECT COUNT(*) AS tp_count FROM `gamesdetails` LIMIT 1   [ RunTime:0.001588s ]
SQL: SHOW COLUMNS FROM `lol_newsimg` [ RunTime:0.001485s ]
SQL: SHOW COLUMNS FROM `lol_freehero` [ RunTime:0.001461s ]
SQL: SHOW COLUMNS FROM `gamestype` [ RunTime:0.002005s ]
SQL: SELECT `gamesname`,`smalldesktop`,`gametype` FROM `gamesdetails` WHERE ( tid=1 ) ORDER BY gamehot desc LIMIT 0,10   [ RunTime:0.001496s ]
SQL: SELECT `gamesname`,`smalldesktop`,`gametype` FROM `gamesdetails` WHERE ( tid=2 ) ORDER BY gamehot desc LIMIT 0,10   [ RunTime:0.001398s ]
SQL: SELECT `gamesname`,`smalldesktop`,`gametype` FROM `gamesdetails` WHERE ( tid=3 ) ORDER BY gamehot desc LIMIT 0,10   [ RunTime:0.001366s ]
SQL: SELECT `gamesname`,`smalldesktop`,`gametype` FROM `gamesdetails` WHERE ( tid=4 ) ORDER BY gamehot desc LIMIT 0,10   [ RunTime:0.001365s ]
SQL: SELECT `id` FROM `gamestype` WHERE ( gamestypename='网络游戏' ) LIMIT 1   [ RunTime:0.001639s ]
SQL: SELECT `id` FROM `gamestype` WHERE ( gamestypename='单机游戏' ) LIMIT 1   [ RunTime:0.001429s ]
SQL: SELECT `id` FROM `gamestype` WHERE ( gamestypename='手机游戏' ) LIMIT 1   [ RunTime:0.001269s ]
SQL: SHOW COLUMNS FROM `gamesnews` [ RunTime:0.001536s ]
SQL: SELECT * FROM `gamesnews` ORDER BY hints desc LIMIT 0,4   [ RunTime:0.003480s ]
SQL: SHOW COLUMNS FROM `newsimg` [ RunTime:0.001520s ]
INFO: [ view_parse ] --START--
INFO: [ template_filter ] --START--
INFO: Run Behavior\ContentReplaceBehavior [ RunTime:0.000144s ]
INFO: [ template_filter ] --END-- [ RunTime:0.000204s ]
NOTIC: [8] Undefined index: usermsg /data/home/bxu2359300359/htdocs/application/Runtime/Cache/Home/7ab946f4f0f5a79245f9543582fd5300.php 第 92 行.
INFO: Run Behavior\ParseTemplateBehavior [ RunTime:0.034923s ]
INFO: [ view_parse ] --END-- [ RunTime:0.034976s ]
INFO: [ view_filter ] --START--
INFO: Run Behavior\WriteHtmlCacheBehavior [ RunTime:0.000265s ]
INFO: [ view_filter ] --END-- [ RunTime:0.000303s ]
INFO: [ app_end ] --START--
INFO: Run Behavior\ShowPageTraceBehavior [ RunTime:0.000571s ]
INFO: [ app_end ] --END-- [ RunTime:0.000618s ]

[ 2017-06-22T14:10:09+08:00 ] 52.87.86.158 /
INFO: [ app_init ] --START--
INFO: Run Behavior\BuildLiteBehavior [ RunTime:0.000017s ]
INFO: [ app_init ] --END-- [ RunTime:0.000368s ]
INFO: [ app_begin ] --START--
INFO: Run Behavior\ReadHtmlCacheBehavior [ RunTime:0.000493s ]
INFO: [ app_begin ] --END-- [ RunTime:0.000538s ]
SQL: SHOW COLUMNS FROM `gamesdetails` [ RunTime:0.001847s ]
SQL: SELECT `id` FROM `gamesdetails` WHERE ( gamesname='英雄联盟' ) LIMIT 1   [ RunTime:0.001443s ]
SQL: SELECT `id` FROM `gamesdetails` WHERE ( gamesname='地下城与勇士' ) LIMIT 1   [ RunTime:0.001349s ]
SQL: SELECT `id` FROM `gamesdetails` WHERE ( gamesname='阴阳师' ) LIMIT 1   [ RunTime:0.001275s ]
SQL: SELECT COUNT(*) AS tp_count FROM `gamesdetails` LIMIT 1   [ RunTime:0.001345s ]
SQL: SHOW COLUMNS FROM `lol_newsimg` [ RunTime:0.001461s ]
SQL: SHOW COLUMNS FROM `lol_freehero` [ RunTime:0.001436s ]
SQL: SHOW COLUMNS FROM `gamestype` [ RunTime:0.001454s ]
SQL: SELECT `gamesname`,`smalldesktop`,`gametype` FROM `gamesdetails` WHERE ( tid=1 ) ORDER BY gamehot desc LIMIT 0,10   [ RunTime:0.001525s ]
SQL: SELECT `gamesname`,`smalldesktop`,`gametype` FROM `gamesdetails` WHERE ( tid=2 ) ORDER BY gamehot desc LIMIT 0,10   [ RunTime:0.001357s ]
SQL: SELECT `gamesname`,`smalldesktop`,`gametype` FROM `gamesdetails` WHERE ( tid=3 ) ORDER BY gamehot desc LIMIT 0,10   [ RunTime:0.001380s ]
SQL: SELECT `gamesname`,`smalldesktop`,`gametype` FROM `gamesdetails` WHERE ( tid=4 ) ORDER BY gamehot desc LIMIT 0,10   [ RunTime:0.001337s ]
SQL: SELECT `id` FROM `gamestype` WHERE ( gamestypename='网络游戏' ) LIMIT 1   [ RunTime:0.001371s ]
SQL: SELECT `id` FROM `gamestype` WHERE ( gamestypename='单机游戏' ) LIMIT 1   [ RunTime:0.001239s ]
SQL: SELECT `id` FROM `gamestype` WHERE ( gamestypename='手机游戏' ) LIMIT 1   [ RunTime:0.001252s ]
SQL: SHOW COLUMNS FROM `gamesnews` [ RunTime:0.001506s ]
SQL: SELECT * FROM `gamesnews` ORDER BY hints desc LIMIT 0,4   [ RunTime:0.003222s ]
SQL: SHOW COLUMNS FROM `newsimg` [ RunTime:0.001488s ]
INFO: [ view_parse ] --START--
INFO: [ template_filter ] --START--
INFO: Run Behavior\ContentReplaceBehavior [ RunTime:0.000169s ]
INFO: [ template_filter ] --END-- [ RunTime:0.000233s ]
NOTIC: [8] Undefined index: usermsg /data/home/bxu2359300359/htdocs/application/Runtime/Cache/Home/7ab946f4f0f5a79245f9543582fd5300.php 第 92 行.
INFO: Run Behavior\ParseTemplateBehavior [ RunTime:0.035413s ]
INFO: [ view_parse ] --END-- [ RunTime:0.035459s ]
INFO: [ view_filter ] --START--
INFO: Run Behavior\WriteHtmlCacheBehavior [ RunTime:0.000308s ]
INFO: [ view_filter ] --END-- [ RunTime:0.000346s ]
INFO: [ app_end ] --START--
INFO: Run Behavior\ShowPageTraceBehavior [ RunTime:0.000602s ]
INFO: [ app_end ] --END-- [ RunTime:0.000660s ]

[ 2017-06-22T15:33:59+08:00 ] 123.125.71.90 /home.php/gamesdetails/index/typeId/1/p/5.html
INFO: [ app_init ] --START--
INFO: Run Behavior\BuildLiteBehavior [ RunTime:0.000014s ]
INFO: [ app_init ] --END-- [ RunTime:0.000397s ]
INFO: [ app_begin ] --START--
INFO: Run Behavior\ReadHtmlCacheBehavior [ RunTime:0.000486s ]
INFO: [ app_begin ] --END-- [ RunTime:0.000534s ]
SQL: SHOW COLUMNS FROM `gamestype` [ RunTime:0.001670s ]
SQL: SELECT * FROM `gamestype` LIMIT 0,3   [ RunTime:0.001627s ]
SQL: SHOW COLUMNS FROM `gamesdetails` [ RunTime:0.001515s ]
SQL: SELECT COUNT(*) AS tp_count FROM `gamesdetails` WHERE ( tid=1 ) LIMIT 1   [ RunTime:0.001455s ]
SQL: SELECT * FROM `gamesdetails` WHERE ( tid=1 ) ORDER BY gamehot desc LIMIT 16,4   [ RunTime:0.001420s ]
INFO: [ view_parse ] --START--
INFO: [ template_filter ] --START--
INFO: Run Behavior\ContentReplaceBehavior [ RunTime:0.000038s ]
INFO: [ template_filter ] --END-- [ RunTime:0.000083s ]
NOTIC: [8] Undefined index: usermsg /data/home/bxu2359300359/htdocs/application/Runtime/Cache/Home/cff27e63c4e56700283b6a48118f6b99.php 第 16 行.
INFO: Run Behavior\ParseTemplateBehavior [ RunTime:0.009279s ]
INFO: [ view_parse ] --END-- [ RunTime:0.009325s ]
INFO: [ view_filter ] --START--
INFO: Run Behavior\WriteHtmlCacheBehavior [ RunTime:0.000247s ]
INFO: [ view_filter ] --END-- [ RunTime:0.000280s ]
INFO: [ app_end ] --START--
INFO: Run Behavior\ShowPageTraceBehavior [ RunTime:0.000574s ]
INFO: [ app_end ] --END-- [ RunTime:0.000617s ]

[ 2017-06-22T16:12:10+08:00 ] 66.249.69.209 /
INFO: [ app_init ] --START--
INFO: Run Behavior\BuildLiteBehavior [ RunTime:0.000015s ]
INFO: [ app_init ] --END-- [ RunTime:0.000392s ]
INFO: [ app_begin ] --START--
INFO: Run Behavior\ReadHtmlCacheBehavior [ RunTime:0.000469s ]
INFO: [ app_begin ] --END-- [ RunTime:0.000517s ]
SQL: SHOW COLUMNS FROM `gamesdetails` [ RunTime:0.001658s ]
SQL: SELECT `id` FROM `gamesdetails` WHERE ( gamesname='英雄联盟' ) LIMIT 1   [ RunTime:0.001406s ]
SQL: SELECT `id` FROM `gamesdetails` WHERE ( gamesname='地下城与勇士' ) LIMIT 1   [ RunTime:0.001366s ]
SQL: SELECT `id` FROM `gamesdetails` WHERE ( gamesname='阴阳师' ) LIMIT 1   [ RunTime:0.001324s ]
SQL: SELECT COUNT(*) AS tp_count FROM `gamesdetails` LIMIT 1   [ RunTime:0.001430s ]
SQL: SHOW COLUMNS FROM `lol_newsimg` [ RunTime:0.001510s ]
SQL: SHOW COLUMNS FROM `lol_freehero` [ RunTime:0.001502s ]
SQL: SHOW COLUMNS FROM `gamestype` [ RunTime:0.001443s ]
SQL: SELECT `gamesname`,`smalldesktop`,`gametype` FROM `gamesdetails` WHERE ( tid=1 ) ORDER BY gamehot desc LIMIT 0,10   [ RunTime:0.001404s ]
SQL: SELECT `gamesname`,`smalldesktop`,`gametype` FROM `gamesdetails` WHERE ( tid=2 ) ORDER BY gamehot desc LIMIT 0,10   [ RunTime:0.001636s ]
SQL: SELECT `gamesname`,`smalldesktop`,`gametype` FROM `gamesdetails` WHERE ( tid=3 ) ORDER BY gamehot desc LIMIT 0,10   [ RunTime:0.001371s ]
SQL: SELECT `gamesname`,`smalldesktop`,`gametype` FROM `gamesdetails` WHERE ( tid=4 ) ORDER BY gamehot desc LIMIT 0,10   [ RunTime:0.001334s ]
SQL: SELECT `id` FROM `gamestype` WHERE ( gamestypename='网络游戏' ) LIMIT 1   [ RunTime:0.001445s ]
SQL: SELECT `id` FROM `gamestype` WHERE ( gamestypename='单机游戏' ) LIMIT 1   [ RunTime:0.001409s ]
SQL: SELECT `id` FROM `gamestype` WHERE ( gamestypename='手机游戏' ) LIMIT 1   [ RunTime:0.001266s ]
SQL: SHOW COLUMNS FROM `gamesnews` [ RunTime:0.001835s ]
SQL: SELECT * FROM `gamesnews` ORDER BY hints desc LIMIT 0,4   [ RunTime:0.003609s ]
SQL: SHOW COLUMNS FROM `newsimg` [ RunTime:0.001755s ]
INFO: [ view_parse ] --START--
INFO: [ template_filter ] --START--
INFO: Run Behavior\ContentReplaceBehavior [ RunTime:0.000146s ]
INFO: [ template_filter ] --END-- [ RunTime:0.000209s ]
NOTIC: [8] Undefined index: usermsg /data/home/bxu2359300359/htdocs/application/Runtime/Cache/Home/7ab946f4f0f5a79245f9543582fd5300.php 第 92 行.
INFO: Run Behavior\ParseTemplateBehavior [ RunTime:0.037623s ]
INFO: [ view_parse ] --END-- [ RunTime:0.037681s ]
INFO: [ view_filter ] --START--
INFO: Run Behavior\WriteHtmlCacheBehavior [ RunTime:0.000282s ]
INFO: [ view_filter ] --END-- [ RunTime:0.000320s ]
INFO: [ app_end ] --START--
INFO: Run Behavior\ShowPageTraceBehavior [ RunTime:0.000528s ]
INFO: [ app_end ] --END-- [ RunTime:0.000573s ]

[ 2017-06-22T17:07:50+08:00 ] 66.249.75.29 /
INFO: [ app_init ] --START--
INFO: Run Behavior\BuildLiteBehavior [ RunTime:0.000016s ]
INFO: [ app_init ] --END-- [ RunTime:0.000366s ]
INFO: [ app_begin ] --START--
INFO: Run Behavior\ReadHtmlCacheBehavior [ RunTime:0.000552s ]
INFO: [ app_begin ] --END-- [ RunTime:0.000631s ]
SQL: SHOW COLUMNS FROM `gamesdetails` [ RunTime:0.001822s ]
SQL: SELECT `id` FROM `gamesdetails` WHERE ( gamesname='英雄联盟' ) LIMIT 1   [ RunTime:0.001492s ]
SQL: SELECT `id` FROM `gamesdetails` WHERE ( gamesname='地下城与勇士' ) LIMIT 1   [ RunTime:0.001380s ]
SQL: SELECT `id` FROM `gamesdetails` WHERE ( gamesname='阴阳师' ) LIMIT 1   [ RunTime:0.001349s ]
SQL: SELECT COUNT(*) AS tp_count FROM `gamesdetails` LIMIT 1   [ RunTime:0.001351s ]
SQL: SHOW COLUMNS FROM `lol_newsimg` [ RunTime:0.001523s ]
SQL: SHOW COLUMNS FROM `lol_freehero` [ RunTime:0.001441s ]
SQL: SHOW COLUMNS FROM `gamestype` [ RunTime:0.001587s ]
SQL: SELECT `gamesname`,`smalldesktop`,`gametype` FROM `gamesdetails` WHERE ( tid=1 ) ORDER BY gamehot desc LIMIT 0,10   [ RunTime:0.001425s ]
SQL: SELECT `gamesname`,`smalldesktop`,`gametype` FROM `gamesdetails` WHERE ( tid=2 ) ORDER BY gamehot desc LIMIT 0,10   [ RunTime:0.001446s ]
SQL: SELECT `gamesname`,`smalldesktop`,`gametype` FROM `gamesdetails` WHERE ( tid=3 ) ORDER BY gamehot desc LIMIT 0,10   [ RunTime:0.001407s ]
SQL: SELECT `gamesname`,`smalldesktop`,`gametype` FROM `gamesdetails` WHERE ( tid=4 ) ORDER BY gamehot desc LIMIT 0,10   [ RunTime:0.001353s ]
SQL: SELECT `id` FROM `gamestype` WHERE ( gamestypename='网络游戏' ) LIMIT 1   [ RunTime:0.001426s ]
SQL: SELECT `id` FROM `gamestype` WHERE ( gamestypename='单机游戏' ) LIMIT 1   [ RunTime:0.001246s ]
SQL: SELECT `id` FROM `gamestype` WHERE ( gamestypename='手机游戏' ) LIMIT 1   [ RunTime:0.001280s ]
SQL: SHOW COLUMNS FROM `gamesnews` [ RunTime:0.001562s ]
SQL: SELECT * FROM `gamesnews` ORDER BY hints desc LIMIT 0,4   [ RunTime:0.003297s ]
SQL: SHOW COLUMNS FROM `newsimg` [ RunTime:0.001481s ]
INFO: [ view_parse ] --START--
INFO: [ template_filter ] --START--
INFO: Run Behavior\ContentReplaceBehavior [ RunTime:0.000139s ]
INFO: [ template_filter ] --END-- [ RunTime:0.000214s ]
NOTIC: [8] Undefined index: usermsg /data/home/bxu2359300359/htdocs/application/Runtime/Cache/Home/7ab946f4f0f5a79245f9543582fd5300.php 第 92 行.
INFO: Run Behavior\ParseTemplateBehavior [ RunTime:0.032565s ]
INFO: [ view_parse ] --END-- [ RunTime:0.032609s ]
INFO: [ view_filter ] --START--
INFO: Run Behavior\WriteHtmlCacheBehavior [ RunTime:0.000274s ]
INFO: [ view_filter ] --END-- [ RunTime:0.000311s ]
INFO: [ app_end ] --START--
INFO: Run Behavior\ShowPageTraceBehavior [ RunTime:0.000571s ]
INFO: [ app_end ] --END-- [ RunTime:0.000628s ]

[ 2017-06-22T17:29:53+08:00 ] 111.206.36.18 /
INFO: [ app_init ] --START--
INFO: Run Behavior\BuildLiteBehavior [ RunTime:0.000016s ]
INFO: [ app_init ] --END-- [ RunTime:0.000380s ]
INFO: [ app_begin ] --START--
INFO: Run Behavior\ReadHtmlCacheBehavior [ RunTime:0.000496s ]
INFO: [ app_begin ] --END-- [ RunTime:0.000543s ]
SQL: SHOW COLUMNS FROM `gamesdetails` [ RunTime:0.001690s ]
SQL: SELECT `id` FROM `gamesdetails` WHERE ( gamesname='英雄联盟' ) LIMIT 1   [ RunTime:0.001306s ]
SQL: SELECT `id` FROM `gamesdetails` WHERE ( gamesname='地下城与勇士' ) LIMIT 1   [ RunTime:0.001194s ]
SQL: SELECT `id` FROM `gamesdetails` WHERE ( gamesname='阴阳师' ) LIMIT 1   [ RunTime:0.001165s ]
SQL: SELECT COUNT(*) AS tp_count FROM `gamesdetails` LIMIT 1   [ RunTime:0.001288s ]
SQL: SHOW COLUMNS FROM `lol_newsimg` [ RunTime:0.001449s ]
SQL: SHOW COLUMNS FROM `lol_freehero` [ RunTime:0.001416s ]
SQL: SHOW COLUMNS FROM `gamestype` [ RunTime:0.001363s ]
SQL: SELECT `gamesname`,`smalldesktop`,`gametype` FROM `gamesdetails` WHERE ( tid=1 ) ORDER BY gamehot desc LIMIT 0,10   [ RunTime:0.001506s ]
SQL: SELECT `gamesname`,`smalldesktop`,`gametype` FROM `gamesdetails` WHERE ( tid=2 ) ORDER BY gamehot desc LIMIT 0,10   [ RunTime:0.001263s ]
SQL: SELECT `gamesname`,`smalldesktop`,`gametype` FROM `gamesdetails` WHERE ( tid=3 ) ORDER BY gamehot desc LIMIT 0,10   [ RunTime:0.001553s ]
SQL: SELECT `gamesname`,`smalldesktop`,`gametype` FROM `gamesdetails` WHERE ( tid=4 ) ORDER BY gamehot desc LIMIT 0,10   [ RunTime:0.001224s ]
SQL: SELECT `id` FROM `gamestype` WHERE ( gamestypename='网络游戏' ) LIMIT 1   [ RunTime:0.001323s ]
SQL: SELECT `id` FROM `gamestype` WHERE ( gamestypename='单机游戏' ) LIMIT 1   [ RunTime:0.001200s ]
SQL: SELECT `id` FROM `gamestype` WHERE ( gamestypename='手机游戏' ) LIMIT 1   [ RunTime:0.001183s ]
SQL: SHOW COLUMNS FROM `gamesnews` [ RunTime:0.001558s ]
SQL: SELECT * FROM `gamesnews` ORDER BY hints desc LIMIT 0,4   [ RunTime:0.003170s ]
SQL: SHOW COLUMNS FROM `newsimg` [ RunTime:0.001528s ]
INFO: [ view_parse ] --START--
INFO: [ template_filter ] --START--
INFO: Run Behavior\ContentReplaceBehavior [ RunTime:0.000142s ]
INFO: [ template_filter ] --END-- [ RunTime:0.000187s ]
NOTIC: [8] Undefined index: usermsg /data/home/bxu2359300359/htdocs/application/Runtime/Cache/Home/7ab946f4f0f5a79245f9543582fd5300.php 第 92 行.
INFO: Run Behavior\ParseTemplateBehavior [ RunTime:0.035139s ]
INFO: [ view_parse ] --END-- [ RunTime:0.035184s ]
INFO: [ view_filter ] --START--
INFO: Run Behavior\WriteHtmlCacheBehavior [ RunTime:0.000242s ]
INFO: [ view_filter ] --END-- [ RunTime:0.000298s ]
INFO: [ app_end ] --START--
INFO: Run Behavior\ShowPageTraceBehavior [ RunTime:0.000715s ]
INFO: [ app_end ] --END-- [ RunTime:0.000782s ]

[ 2017-06-22T18:18:01+08:00 ] 5.255.253.60 /home.php/Home/www.miitbeian.gov.cn
INFO: [ app_init ] --START--
INFO: Run Behavior\BuildLiteBehavior [ RunTime:0.000016s ]
INFO: [ app_init ] --END-- [ RunTime:0.000378s ]
INFO: [ app_begin ] --START--
INFO: Run Behavior\ReadHtmlCacheBehavior [ RunTime:0.000496s ]
INFO: [ app_begin ] --END-- [ RunTime:0.000542s ]
ERR: 非法操作:www.miitbeian.gov.cn

[ 2017-06-22T19:06:05+08:00 ] 37.187.78.81 /
INFO: [ app_init ] --START--
INFO: Run Behavior\BuildLiteBehavior [ RunTime:0.000019s ]
INFO: [ app_init ] --END-- [ RunTime:0.000409s ]
INFO: [ app_begin ] --START--
INFO: Run Behavior\ReadHtmlCacheBehavior [ RunTime:0.000545s ]
INFO: [ app_begin ] --END-- [ RunTime:0.000591s ]
SQL: SHOW COLUMNS FROM `gamesdetails` [ RunTime:0.001786s ]
SQL: SELECT `id` FROM `gamesdetails` WHERE ( gamesname='英雄联盟' ) LIMIT 1   [ RunTime:0.001402s ]
SQL: SELECT `id` FROM `gamesdetails` WHERE ( gamesname='地下城与勇士' ) LIMIT 1   [ RunTime:0.001160s ]
SQL: SELECT `id` FROM `gamesdetails` WHERE ( gamesname='阴阳师' ) LIMIT 1   [ RunTime:0.001127s ]
SQL: SELECT COUNT(*) AS tp_count FROM `gamesdetails` LIMIT 1   [ RunTime:0.001181s ]
SQL: SHOW COLUMNS FROM `lol_newsimg` [ RunTime:0.001340s ]
SQL: SHOW COLUMNS FROM `lol_freehero` [ RunTime:0.001344s ]
SQL: SHOW COLUMNS FROM `gamestype` [ RunTime:0.001309s ]
SQL: SELECT `gamesname`,`smalldesktop`,`gametype` FROM `gamesdetails` WHERE ( tid=1 ) ORDER BY gamehot desc LIMIT 0,10   [ RunTime:0.001306s ]
SQL: SELECT `gamesname`,`smalldesktop`,`gametype` FROM `gamesdetails` WHERE ( tid=2 ) ORDER BY gamehot desc LIMIT 0,10   [ RunTime:0.001241s ]
SQL: SELECT `gamesname`,`smalldesktop`,`gametype` FROM `gamesdetails` WHERE ( tid=3 ) ORDER BY gamehot desc LIMIT 0,10   [ RunTime:0.001324s ]
SQL: SELECT `gamesname`,`smalldesktop`,`gametype` FROM `gamesdetails` WHERE ( tid=4 ) ORDER BY gamehot desc LIMIT 0,10   [ RunTime:0.001285s ]
SQL: SELECT `id` FROM `gamestype` WHERE ( gamestypename='网络游戏' ) LIMIT 1   [ RunTime:0.001274s ]
SQL: SELECT `id` FROM `gamestype` WHERE ( gamestypename='单机游戏' ) LIMIT 1   [ RunTime:0.001133s ]
SQL: SELECT `id` FROM `gamestype` WHERE ( gamestypename='手机游戏' ) LIMIT 1   [ RunTime:0.001522s ]
SQL: SHOW COLUMNS FROM `gamesnews` [ RunTime:0.001477s ]
SQL: SELECT * FROM `gamesnews` ORDER BY hints desc LIMIT 0,4   [ RunTime:0.003250s ]
SQL: SHOW COLUMNS FROM `newsimg` [ RunTime:0.001792s ]
INFO: [ view_parse ] --START--
INFO: [ template_filter ] --START--
INFO: Run Behavior\ContentReplaceBehavior [ RunTime:0.000147s ]
INFO: [ template_filter ] --END-- [ RunTime:0.000212s ]
NOTIC: [8] Undefined index: usermsg /data/home/bxu2359300359/htdocs/application/Runtime/Cache/Home/7ab946f4f0f5a79245f9543582fd5300.php 第 92 行.
INFO: Run Behavior\ParseTemplateBehavior [ RunTime:0.034876s ]
INFO: [ view_parse ] --END-- [ RunTime:0.034923s ]
INFO: [ view_filter ] --START--
INFO: Run Behavior\WriteHtmlCacheBehavior [ RunTime:0.000265s ]
INFO: [ view_filter ] --END-- [ RunTime:0.000303s ]
INFO: [ app_end ] --START--
INFO: Run Behavior\ShowPageTraceBehavior [ RunTime:0.000577s ]
INFO: [ app_end ] --END-- [ RunTime:0.000643s ]

[ 2017-06-22T19:47:34+08:00 ] 180.76.15.142 /home.php/Gamesnews/index/newsId/16
INFO: [ app_init ] --START--
INFO: Run Behavior\BuildLiteBehavior [ RunTime:0.000019s ]
INFO: [ app_init ] --END-- [ RunTime:0.000435s ]
INFO: [ app_begin ] --START--
INFO: Run Behavior\ReadHtmlCacheBehavior [ RunTime:0.000474s ]
INFO: [ app_begin ] --END-- [ RunTime:0.000520s ]
SQL: SHOW COLUMNS FROM `gamestype` [ RunTime:0.001723s ]
SQL: SHOW COLUMNS FROM `gamesnews` [ RunTime:0.001380s ]
SQL: UPDATE `gamesnews` SET `hints`=hints+1 WHERE ( id=16 ) [ RunTime:0.004036s ]
SQL: SHOW COLUMNS FROM `newsimg` [ RunTime:0.001291s ]
INFO: [ view_parse ] --START--
INFO: [ template_filter ] --START--
INFO: Run Behavior\ContentReplaceBehavior [ RunTime:0.000050s ]
INFO: [ template_filter ] --END-- [ RunTime:0.001222s ]
NOTIC: [8] Undefined index: usermsg /data/home/bxu2359300359/htdocs/application/Runtime/Cache/Home/560da5e34cc660081ae9269f103ae089.php 第 16 行.
INFO: Run Behavior\ParseTemplateBehavior [ RunTime:0.008690s ]
INFO: [ view_parse ] --END-- [ RunTime:0.008737s ]
INFO: [ view_filter ] --START--
INFO: Run Behavior\WriteHtmlCacheBehavior [ RunTime:0.000239s ]
INFO: [ view_filter ] --END-- [ RunTime:0.000276s ]
INFO: [ app_end ] --START--
INFO: Run Behavior\ShowPageTraceBehavior [ RunTime:0.000586s ]
INFO: [ app_end ] --END-- [ RunTime:0.000643s ]

[ 2017-06-22T20:17:37+08:00 ] 66.249.93.221 /
INFO: [ app_init ] --START--
INFO: Run Behavior\BuildLiteBehavior [ RunTime:0.000015s ]
INFO: [ app_init ] --END-- [ RunTime:0.000367s ]
INFO: [ app_begin ] --START--
INFO: Run Behavior\ReadHtmlCacheBehavior [ RunTime:0.000467s ]
INFO: [ app_begin ] --END-- [ RunTime:0.000511s ]
SQL: SHOW COLUMNS FROM `gamesdetails` [ RunTime:0.001686s ]
SQL: SELECT `id` FROM `gamesdetails` WHERE ( gamesname='英雄联盟' ) LIMIT 1   [ RunTime:0.001499s ]
SQL: SELECT `id` FROM `gamesdetails` WHERE ( gamesname='地下城与勇士' ) LIMIT 1   [ RunTime:0.001273s ]
SQL: SELECT `id` FROM `gamesdetails` WHERE ( gamesname='阴阳师' ) LIMIT 1   [ RunTime:0.001588s ]
SQL: SELECT COUNT(*) AS tp_count FROM `gamesdetails` LIMIT 1   [ RunTime:0.001324s ]
SQL: SHOW COLUMNS FROM `lol_newsimg` [ RunTime:0.001519s ]
SQL: SHOW COLUMNS FROM `lol_freehero` [ RunTime:0.001490s ]
SQL: SHOW COLUMNS FROM `gamestype` [ RunTime:0.001434s ]
SQL: SELECT `gamesname`,`smalldesktop`,`gametype` FROM `gamesdetails` WHERE ( tid=1 ) ORDER BY gamehot desc LIMIT 0,10   [ RunTime:0.001426s ]
SQL: SELECT `gamesname`,`smalldesktop`,`gametype` FROM `gamesdetails` WHERE ( tid=2 ) ORDER BY gamehot desc LIMIT 0,10   [ RunTime:0.001526s ]
SQL: SELECT `gamesname`,`smalldesktop`,`gametype` FROM `gamesdetails` WHERE ( tid=3 ) ORDER BY gamehot desc LIMIT 0,10   [ RunTime:0.001448s ]
SQL: SELECT `gamesname`,`smalldesktop`,`gametype` FROM `gamesdetails` WHERE ( tid=4 ) ORDER BY gamehot desc LIMIT 0,10   [ RunTime:0.001478s ]
SQL: SELECT `id` FROM `gamestype` WHERE ( gamestypename='网络游戏' ) LIMIT 1   [ RunTime:0.001479s ]
SQL: SELECT `id` FROM `gamestype` WHERE ( gamestypename='单机游戏' ) LIMIT 1   [ RunTime:0.001303s ]
SQL: SELECT `id` FROM `gamestype` WHERE ( gamestypename='手机游戏' ) LIMIT 1   [ RunTime:0.001918s ]
SQL: SHOW COLUMNS FROM `gamesnews` [ RunTime:0.001682s ]
SQL: SELECT * FROM `gamesnews` ORDER BY hints desc LIMIT 0,4   [ RunTime:0.003824s ]
SQL: SHOW COLUMNS FROM `newsimg` [ RunTime:0.001532s ]
INFO: [ view_parse ] --START--
INFO: [ template_filter ] --START--
INFO: Run Behavior\ContentReplaceBehavior [ RunTime:0.000138s ]
INFO: [ template_filter ] --END-- [ RunTime:0.000181s ]
NOTIC: [8] Undefined index: usermsg /data/home/bxu2359300359/htdocs/application/Runtime/Cache/Home/7ab946f4f0f5a79245f9543582fd5300.php 第 92 行.
INFO: Run Behavior\ParseTemplateBehavior [ RunTime:0.032626s ]
INFO: [ view_parse ] --END-- [ RunTime:0.032683s ]
INFO: [ view_filter ] --START--
INFO: Run Behavior\WriteHtmlCacheBehavior [ RunTime:0.000304s ]
INFO: [ view_filter ] --END-- [ RunTime:0.000351s ]
INFO: [ app_end ] --START--
INFO: Run Behavior\ShowPageTraceBehavior [ RunTime:0.000714s ]
INFO: [ app_end ] --END-- [ RunTime:0.000795s ]

[ 2017-06-22T20:17:37+08:00 ] 66.249.93.220 /
INFO: [ app_init ] --START--
INFO: Run Behavior\BuildLiteBehavior [ RunTime:0.000015s ]
INFO: [ app_init ] --END-- [ RunTime:0.000397s ]
INFO: [ app_begin ] --START--
INFO: Run Behavior\ReadHtmlCacheBehavior [ RunTime:0.000470s ]
INFO: [ app_begin ] --END-- [ RunTime:0.000517s ]
SQL: SHOW COLUMNS FROM `gamesdetails` [ RunTime:0.001855s ]
SQL: SELECT `id` FROM `gamesdetails` WHERE ( gamesname='英雄联盟' ) LIMIT 1   [ RunTime:0.001238s ]
SQL: SELECT `id` FROM `gamesdetails` WHERE ( gamesname='地下城与勇士' ) LIMIT 1   [ RunTime:0.001234s ]
SQL: SELECT `id` FROM `gamesdetails` WHERE ( gamesname='阴阳师' ) LIMIT 1   [ RunTime:0.001249s ]
SQL: SELECT COUNT(*) AS tp_count FROM `gamesdetails` LIMIT 1   [ RunTime:0.001205s ]
SQL: SHOW COLUMNS FROM `lol_newsimg` [ RunTime:0.001538s ]
SQL: SHOW COLUMNS FROM `lol_freehero` [ RunTime:0.001398s ]
SQL: SHOW COLUMNS FROM `gamestype` [ RunTime:0.001377s ]
SQL: SELECT `gamesname`,`smalldesktop`,`gametype` FROM `gamesdetails` WHERE ( tid=1 ) ORDER BY gamehot desc LIMIT 0,10   [ RunTime:0.001656s ]
SQL: SELECT `gamesname`,`smalldesktop`,`gametype` FROM `gamesdetails` WHERE ( tid=2 ) ORDER BY gamehot desc LIMIT 0,10   [ RunTime:0.001286s ]
SQL: SELECT `gamesname`,`smalldesktop`,`gametype` FROM `gamesdetails` WHERE ( tid=3 ) ORDER BY gamehot desc LIMIT 0,10   [ RunTime:0.001258s ]
SQL: SELECT `gamesname`,`smalldesktop`,`gametype` FROM `gamesdetails` WHERE ( tid=4 ) ORDER BY gamehot desc LIMIT 0,10   [ RunTime:0.001215s ]
SQL: SELECT `id` FROM `gamestype` WHERE ( gamestypename='网络游戏' ) LIMIT 1   [ RunTime:0.001243s ]
SQL: SELECT `id` FROM `gamestype` WHERE ( gamestypename='单机游戏' ) LIMIT 1   [ RunTime:0.001349s ]
SQL: SELECT `id` FROM `gamestype` WHERE ( gamestypename='手机游戏' ) LIMIT 1   [ RunTime:0.001211s ]
SQL: SHOW COLUMNS FROM `gamesnews` [ RunTime:0.001876s ]
SQL: SELECT * FROM `gamesnews` ORDER BY hints desc LIMIT 0,4   [ RunTime:0.002494s ]
SQL: SHOW COLUMNS FROM `newsimg` [ RunTime:0.001419s ]
INFO: [ view_parse ] --START--
INFO: [ template_filter ] --START--
INFO: Run Behavior\ContentReplaceBehavior [ RunTime:0.000140s ]
INFO: [ template_filter ] --END-- [ RunTime:0.000183s ]
NOTIC: [8] Undefined index: usermsg /data/home/bxu2359300359/htdocs/application/Runtime/Cache/Home/7ab946f4f0f5a79245f9543582fd5300.php 第 92 行.
INFO: Run Behavior\ParseTemplateBehavior [ RunTime:0.034341s ]
INFO: [ view_parse ] --END-- [ RunTime:0.034384s ]
INFO: [ view_filter ] --START--
INFO: Run Behavior\WriteHtmlCacheBehavior [ RunTime:0.000240s ]
INFO: [ view_filter ] --END-- [ RunTime:0.000313s ]
INFO: [ app_end ] --START--
INFO: Run Behavior\ShowPageTraceBehavior [ RunTime:0.000717s ]
INFO: [ app_end ] --END-- [ RunTime:0.000797s ]

[ 2017-06-22T20:36:59+08:00 ] 66.249.69.207 /
INFO: [ app_init ] --START--
INFO: Run Behavior\BuildLiteBehavior [ RunTime:0.000014s ]
INFO: [ app_init ] --END-- [ RunTime:0.000390s ]
INFO: [ app_begin ] --START--
INFO: Run Behavior\ReadHtmlCacheBehavior [ RunTime:0.000484s ]
INFO: [ app_begin ] --END-- [ RunTime:0.000529s ]
SQL: SHOW COLUMNS FROM `gamesdetails` [ RunTime:0.001792s ]
SQL: SELECT `id` FROM `gamesdetails` WHERE ( gamesname='英雄联盟' ) LIMIT 1   [ RunTime:0.001475s ]
SQL: SELECT `id` FROM `gamesdetails` WHERE ( gamesname='地下城与勇士' ) LIMIT 1   [ RunTime:0.001293s ]
SQL: SELECT `id` FROM `gamesdetails` WHERE ( gamesname='阴阳师' ) LIMIT 1   [ RunTime:0.001177s ]
SQL: SELECT COUNT(*) AS tp_count FROM `gamesdetails` LIMIT 1   [ RunTime:0.001385s ]
SQL: SHOW COLUMNS FROM `lol_newsimg` [ RunTime:0.001511s ]
SQL: SHOW COLUMNS FROM `lol_freehero` [ RunTime:0.002657s ]
SQL: SHOW COLUMNS FROM `gamestype` [ RunTime:0.001379s ]
SQL: SELECT `gamesname`,`smalldesktop`,`gametype` FROM `gamesdetails` WHERE ( tid=1 ) ORDER BY gamehot desc LIMIT 0,10   [ RunTime:0.001388s ]
SQL: SELECT `gamesname`,`smalldesktop`,`gametype` FROM `gamesdetails` WHERE ( tid=2 ) ORDER BY gamehot desc LIMIT 0,10   [ RunTime:0.001328s ]
SQL: SELECT `gamesname`,`smalldesktop`,`gametype` FROM `gamesdetails` WHERE ( tid=3 ) ORDER BY gamehot desc LIMIT 0,10   [ RunTime:0.001263s ]
SQL: SELECT `gamesname`,`smalldesktop`,`gametype` FROM `gamesdetails` WHERE ( tid=4 ) ORDER BY gamehot desc LIMIT 0,10   [ RunTime:0.001280s ]
SQL: SELECT `id` FROM `gamestype` WHERE ( gamestypename='网络游戏' ) LIMIT 1   [ RunTime:0.001340s ]
SQL: SELECT `id` FROM `gamestype` WHERE ( gamestypename='单机游戏' ) LIMIT 1   [ RunTime:0.001248s ]
SQL: SELECT `id` FROM `gamestype` WHERE ( gamestypename='手机游戏' ) LIMIT 1   [ RunTime:0.001160s ]
SQL: SHOW COLUMNS FROM `gamesnews` [ RunTime:0.001502s ]
SQL: SELECT * FROM `gamesnews` ORDER BY hints desc LIMIT 0,4   [ RunTime:0.004117s ]
SQL: SHOW COLUMNS FROM `newsimg` [ RunTime:0.001417s ]
INFO: [ view_parse ] --START--
INFO: [ template_filter ] --START--
INFO: Run Behavior\ContentReplaceBehavior [ RunTime:0.000148s ]
INFO: [ template_filter ] --END-- [ RunTime:0.000211s ]
NOTIC: [8] Undefined index: usermsg /data/home/bxu2359300359/htdocs/application/Runtime/Cache/Home/7ab946f4f0f5a79245f9543582fd5300.php 第 92 行.
INFO: Run Behavior\ParseTemplateBehavior [ RunTime:0.035014s ]
INFO: [ view_parse ] --END-- [ RunTime:0.035064s ]
INFO: [ view_filter ] --START--
INFO: Run Behavior\WriteHtmlCacheBehavior [ RunTime:0.000269s ]
INFO: [ view_filter ] --END-- [ RunTime:0.000307s ]
INFO: [ app_end ] --START--
INFO: Run Behavior\ShowPageTraceBehavior [ RunTime:0.004104s ]
INFO: [ app_end ] --END-- [ RunTime:0.004223s ]

[ 2017-06-22T20:54:14+08:00 ] 180.76.15.13 /home.php/Gamesnews/index/newsId/6
INFO: [ app_init ] --START--
INFO: Run Behavior\BuildLiteBehavior [ RunTime:0.000047s ]
INFO: [ app_init ] --END-- [ RunTime:0.000468s ]
INFO: [ app_begin ] --START--
INFO: Run Behavior\ReadHtmlCacheBehavior [ RunTime:0.000493s ]
INFO: [ app_begin ] --END-- [ RunTime:0.000542s ]
SQL: SHOW COLUMNS FROM `gamestype` [ RunTime:0.001582s ]
SQL: SHOW COLUMNS FROM `gamesnews` [ RunTime:0.001449s ]
SQL: UPDATE `gamesnews` SET `hints`=hints+1 WHERE ( id=6 ) [ RunTime:0.003896s ]
SQL: SELECT * FROM `gamesnews` WHERE ( id=6 ) LIMIT 1   [ RunTime:0.001299s ]
SQL: SHOW COLUMNS FROM `newsimg` [ RunTime:0.001460s ]
SQL: SELECT COUNT(*) AS tp_count FROM `newsimg` WHERE ( newsid=6 ) LIMIT 1   [ RunTime:0.001374s ]
SQL: SELECT * FROM `newsimg` WHERE ( newsid=6 ) ORDER BY shunxu  [ RunTime:0.001247s ]
NOTIC: [8] Undefined offset: 2 /data/home/bxu2359300359/htdocs/application/Home/Controller/GamesnewsController.class.php 第 31 行.
INFO: [ view_parse ] --START--
INFO: [ template_filter ] --START--
INFO: Run Behavior\ContentReplaceBehavior [ RunTime:0.000042s ]
INFO: [ template_filter ] --END-- [ RunTime:0.000095s ]
NOTIC: [8] Undefined index: usermsg /data/home/bxu2359300359/htdocs/application/Runtime/Cache/Home/560da5e34cc660081ae9269f103ae089.php 第 16 行.
INFO: Run Behavior\ParseTemplateBehavior [ RunTime:0.011198s ]
INFO: [ view_parse ] --END-- [ RunTime:0.011242s ]
INFO: [ view_filter ] --START--
INFO: Run Behavior\WriteHtmlCacheBehavior [ RunTime:0.000250s ]
INFO: [ view_filter ] --END-- [ RunTime:0.000286s ]
INFO: [ app_end ] --START--
INFO: Run Behavior\ShowPageTraceBehavior [ RunTime:0.000569s ]
INFO: [ app_end ] --END-- [ RunTime:0.000650s ]

[ 2017-06-22T21:51:48+08:00 ] 163.172.4.153 /
INFO: [ app_init ] --START--
INFO: Run Behavior\BuildLiteBehavior [ RunTime:0.000015s ]
INFO: [ app_init ] --END-- [ RunTime:0.000362s ]
INFO: [ app_begin ] --START--
INFO: Run Behavior\ReadHtmlCacheBehavior [ RunTime:0.000487s ]
INFO: [ app_begin ] --END-- [ RunTime:0.000535s ]
SQL: SHOW COLUMNS FROM `gamesdetails` [ RunTime:0.001786s ]
SQL: SELECT `id` FROM `gamesdetails` WHERE ( gamesname='英雄联盟' ) LIMIT 1   [ RunTime:0.001513s ]
SQL: SELECT `id` FROM `gamesdetails` WHERE ( gamesname='地下城与勇士' ) LIMIT 1   [ RunTime:0.001210s ]
SQL: SELECT `id` FROM `gamesdetails` WHERE ( gamesname='阴阳师' ) LIMIT 1   [ RunTime:0.001202s ]
SQL: SELECT COUNT(*) AS tp_count FROM `gamesdetails` LIMIT 1   [ RunTime:0.001233s ]
SQL: SHOW COLUMNS FROM `lol_newsimg` [ RunTime:0.001403s ]
SQL: SHOW COLUMNS FROM `lol_freehero` [ RunTime:0.001824s ]
SQL: SHOW COLUMNS FROM `gamestype` [ RunTime:0.001423s ]
SQL: SELECT `gamesname`,`smalldesktop`,`gametype` FROM `gamesdetails` WHERE ( tid=1 ) ORDER BY gamehot desc LIMIT 0,10   [ RunTime:0.001332s ]
SQL: SELECT `gamesname`,`smalldesktop`,`gametype` FROM `gamesdetails` WHERE ( tid=2 ) ORDER BY gamehot desc LIMIT 0,10   [ RunTime:0.001295s ]
SQL: SELECT `gamesname`,`smalldesktop`,`gametype` FROM `gamesdetails` WHERE ( tid=3 ) ORDER BY gamehot desc LIMIT 0,10   [ RunTime:0.001275s ]
SQL: SELECT `gamesname`,`smalldesktop`,`gametype` FROM `gamesdetails` WHERE ( tid=4 ) ORDER BY gamehot desc LIMIT 0,10   [ RunTime:0.001224s ]
SQL: SELECT `id` FROM `gamestype` WHERE ( gamestypename='网络游戏' ) LIMIT 1   [ RunTime:0.002862s ]
SQL: SELECT `id` FROM `gamestype` WHERE ( gamestypename='单机游戏' ) LIMIT 1   [ RunTime:0.001271s ]
SQL: SELECT `id` FROM `gamestype` WHERE ( gamestypename='手机游戏' ) LIMIT 1   [ RunTime:0.001663s ]
SQL: SHOW COLUMNS FROM `gamesnews` [ RunTime:0.001552s ]
SQL: SELECT * FROM `gamesnews` ORDER BY hints desc LIMIT 0,4   [ RunTime:0.003124s ]
SQL: SHOW COLUMNS FROM `newsimg` [ RunTime:0.004665s ]
INFO: [ view_parse ] --START--
INFO: [ template_filter ] --START--
INFO: Run Behavior\ContentReplaceBehavior [ RunTime:0.000204s ]
INFO: [ template_filter ] --END-- [ RunTime:0.000271s ]
NOTIC: [8] Undefined index: usermsg /data/home/bxu2359300359/htdocs/application/Runtime/Cache/Home/7ab946f4f0f5a79245f9543582fd5300.php 第 92 行.
INFO: Run Behavior\ParseTemplateBehavior [ RunTime:0.040331s ]
INFO: [ view_parse ] --END-- [ RunTime:0.040383s ]
INFO: [ view_filter ] --START--
INFO: Run Behavior\WriteHtmlCacheBehavior [ RunTime:0.000255s ]
INFO: [ view_filter ] --END-- [ RunTime:0.000292s ]
INFO: [ app_end ] --START--
INFO: Run Behavior\ShowPageTraceBehavior [ RunTime:0.000530s ]
INFO: [ app_end ] --END-- [ RunTime:0.000602s ]

[ 2017-06-22T22:20:31+08:00 ] 66.249.69.211 /home.php/Gamesnews/index/newsId/14
INFO: [ app_init ] --START--
INFO: Run Behavior\BuildLiteBehavior [ RunTime:0.000018s ]
INFO: [ app_init ] --END-- [ RunTime:0.000427s ]
INFO: [ app_begin ] --START--
INFO: Run Behavior\ReadHtmlCacheBehavior [ RunTime:0.000549s ]
INFO: [ app_begin ] --END-- [ RunTime:0.000603s ]
SQL: SHOW COLUMNS FROM `gamestype` [ RunTime:0.002084s ]
SQL: SHOW COLUMNS FROM `gamesnews` [ RunTime:0.003191s ]
SQL: UPDATE `gamesnews` SET `hints`=hints+1 WHERE ( id=14 ) [ RunTime:0.004456s ]
SQL: SHOW COLUMNS FROM `newsimg` [ RunTime:0.002259s ]
NOTIC: [8] Undefined offset: 2 /data/home/bxu2359300359/htdocs/application/Home/Controller/GamesnewsController.class.php 第 31 行.
INFO: [ view_parse ] --START--
INFO: [ template_filter ] --START--
INFO: Run Behavior\ContentReplaceBehavior [ RunTime:0.000044s ]
INFO: [ template_filter ] --END-- [ RunTime:0.000092s ]
NOTIC: [8] Undefined index: usermsg /data/home/bxu2359300359/htdocs/application/Runtime/Cache/Home/560da5e34cc660081ae9269f103ae089.php 第 16 行.
INFO: Run Behavior\ParseTemplateBehavior [ RunTime:0.007754s ]
INFO: [ view_parse ] --END-- [ RunTime:0.007802s ]
INFO: [ view_filter ] --START--
INFO: Run Behavior\WriteHtmlCacheBehavior [ RunTime:0.000230s ]
INFO: [ view_filter ] --END-- [ RunTime:0.000262s ]
INFO: [ app_end ] --START--
INFO: Run Behavior\ShowPageTraceBehavior [ RunTime:0.000545s ]
INFO: [ app_end ] --END-- [ RunTime:0.000590s ]

[ 2017-06-22T22:22:46+08:00 ] 117.27.153.100 /
INFO: [ app_init ] --START--
INFO: Run Behavior\BuildLiteBehavior [ RunTime:0.000019s ]
INFO: [ app_init ] --END-- [ RunTime:0.000383s ]
INFO: [ app_begin ] --START--
INFO: Run Behavior\ReadHtmlCacheBehavior [ RunTime:0.000520s ]
INFO: [ app_begin ] --END-- [ RunTime:0.000572s ]
SQL: SHOW COLUMNS FROM `gamesdetails` [ RunTime:0.001853s ]
SQL: SELECT * FROM `gamesdetails` WHERE ( tid=2 ) ORDER BY gamehot desc LIMIT 0,5   [ RunTime:0.002670s ]
SQL: SELECT * FROM `gamesdetails` WHERE ( tid=1 ) ORDER BY gamehot desc LIMIT 0,5   [ RunTime:0.001271s ]
SQL: SELECT * FROM `gamesdetails` WHERE ( tid=3 ) ORDER BY gamehot desc LIMIT 0,5   [ RunTime:0.001284s ]
SQL: SELECT * FROM `gamesdetails` WHERE ( tid=4 ) ORDER BY gamehot desc LIMIT 0,5   [ RunTime:0.001280s ]
SQL: SELECT `id` FROM `gamesdetails` WHERE ( gamesname='英雄联盟' ) LIMIT 1   [ RunTime:0.001160s ]
SQL: SELECT `id` FROM `gamesdetails` WHERE ( gamesname='地下城与勇士' ) LIMIT 1   [ RunTime:0.001155s ]
SQL: SELECT `id` FROM `gamesdetails` WHERE ( gamesname='阴阳师' ) LIMIT 1   [ RunTime:0.001425s ]
SQL: SELECT `gamesname`,`gamehot` FROM `gamesdetails` WHERE ( tid=1 ) LIMIT 0,12   [ RunTime:0.001273s ]
SQL: SELECT `gamesname`,`gamehot` FROM `gamesdetails` WHERE ( tid=3 ) LIMIT 0,12   [ RunTime:0.001239s ]
SQL: SELECT `gamesname`,`gamehot` FROM `gamesdetails` WHERE ( tid=2 ) LIMIT 0,12   [ RunTime:0.001227s ]
SQL: SELECT `gamesname`,`gamehot` FROM `gamesdetails` WHERE ( tid=4 ) LIMIT 0,13   [ RunTime:0.002759s ]
SQL: SELECT COUNT(*) AS tp_count FROM `gamesdetails` LIMIT 1   [ RunTime:0.001177s ]
SQL: SHOW COLUMNS FROM `lol_newsimg` [ RunTime:0.001499s ]
SQL: SELECT * FROM `lol_newsimg` ORDER BY dateandtime desc LIMIT 0,4   [ RunTime:0.001364s ]
SQL: SHOW COLUMNS FROM `lol_freehero` [ RunTime:0.001401s ]
SQL: SHOW COLUMNS FROM `gamestype` [ RunTime:0.001330s ]
SQL: SELECT * FROM `gamestype`  [ RunTime:0.002122s ]
SQL: SELECT `gamesname`,`smalldesktop`,`gametype` FROM `gamesdetails` WHERE ( tid=1 ) ORDER BY gamehot desc LIMIT 0,10   [ RunTime:0.001312s ]
SQL: SELECT `gamesname`,`smalldesktop`,`gametype` FROM `gamesdetails` WHERE ( tid=2 ) ORDER BY gamehot desc LIMIT 0,10   [ RunTime:0.001333s ]
SQL: SELECT `gamesname`,`smalldesktop`,`gametype` FROM `gamesdetails` WHERE ( tid=3 ) ORDER BY gamehot desc LIMIT 0,10   [ RunTime:0.002171s ]
SQL: SELECT `gamesname`,`smalldesktop`,`gametype` FROM `gamesdetails` WHERE ( tid=4 ) ORDER BY gamehot desc LIMIT 0,10   [ RunTime:0.001243s ]
SQL: SELECT `id` FROM `gamestype` WHERE ( gamestypename='网络游戏' ) LIMIT 1   [ RunTime:0.001170s ]
SQL: SELECT `id` FROM `gamestype` WHERE ( gamestypename='单机游戏' ) LIMIT 1   [ RunTime:0.001169s ]
SQL: SELECT `id` FROM `gamestype` WHERE ( gamestypename='手机游戏' ) LIMIT 1   [ RunTime:0.001142s ]
SQL: SHOW COLUMNS FROM `gamesnews` [ RunTime:0.001418s ]
SQL: SELECT * FROM `gamesnews` ORDER BY hints desc LIMIT 0,4   [ RunTime:0.002680s ]
SQL: SELECT `id`,`title` FROM `gamesnews` WHERE ( nid=3 ) ORDER BY hints desc LIMIT 0,2   [ RunTime:0.022028s ]
SQL: SHOW COLUMNS FROM `newsimg` [ RunTime:0.001377s ]
SQL: SELECT `imgname` FROM `newsimg` WHERE ( newsid=6 && special=1 ) LIMIT 1   [ RunTime:0.001391s ]
SQL: SELECT `imgname` FROM `newsimg` WHERE ( newsid=5 && special=1 ) LIMIT 1   [ RunTime:0.001165s ]
SQL: SELECT `id`,`title` FROM `gamesnews` WHERE ( nid=1 && hints<1000 ) ORDER BY hints desc LIMIT 0,2   [ RunTime:0.001217s ]
SQL: SELECT `imgname` FROM `newsimg` WHERE ( newsid=10 && special=1 ) LIMIT 1   [ RunTime:0.001160s ]
SQL: SELECT `imgname` FROM `newsimg` WHERE ( newsid=9 && special=1 ) LIMIT 1   [ RunTime:0.001163s ]
SQL: SELECT `id`,`title` FROM `gamesnews` WHERE ( nid=2 && hints<1000 ) ORDER BY hints desc LIMIT 0,2   [ RunTime:0.001265s ]
SQL: SELECT `imgname` FROM `newsimg` WHERE ( newsid=17 && special=1 ) LIMIT 1   [ RunTime:0.001180s ]
SQL: SELECT `imgname` FROM `newsimg` WHERE ( newsid=18 && special=1 ) LIMIT 1   [ RunTime:0.001151s ]
SQL: SELECT `id`,`title` FROM `gamesnews` WHERE ( nid=4 && hints<1000 ) ORDER BY hints desc LIMIT 0,2   [ RunTime:0.001238s ]
SQL: SELECT `imgname` FROM `newsimg` WHERE ( newsid=13 && special=1 ) LIMIT 1   [ RunTime:0.001936s ]
SQL: SELECT `imgname` FROM `newsimg` WHERE ( newsid=14 && special=1 ) LIMIT 1   [ RunTime:0.001186s ]
SQL: SELECT `id`,`title`,`time` FROM `gamesnews` WHERE ( nid=3 && hints<700 ) ORDER BY hints desc LIMIT 0,2   [ RunTime:0.001248s ]
SQL: SELECT `id`,`title`,`time` FROM `gamesnews` WHERE ( nid=1 && hints<700 ) ORDER BY hints desc LIMIT 0,2   [ RunTime:0.001769s ]
SQL: SELECT `id`,`title`,`time` FROM `gamesnews` WHERE ( nid=2 && hints<700 ) ORDER BY hints desc LIMIT 0,2   [ RunTime:0.001588s ]
SQL: SELECT `id`,`title`,`time` FROM `gamesnews` WHERE ( nid=4 && hints<700 ) ORDER BY hints desc LIMIT 0,2   [ RunTime:0.001247s ]
INFO: [ view_parse ] --START--
INFO: [ template_filter ] --START--
INFO: Run Behavior\ContentReplaceBehavior [ RunTime:0.000193s ]
INFO: [ template_filter ] --END-- [ RunTime:0.000305s ]
NOTIC: [8] Undefined index: usermsg /data/home/bxu2359300359/htdocs/application/Runtime/Cache/Home/7ab946f4f0f5a79245f9543582fd5300.php 第 92 行.
INFO: Run Behavior\ParseTemplateBehavior [ RunTime:0.036002s ]
INFO: [ view_parse ] --END-- [ RunTime:0.036052s ]
INFO: [ view_filter ] --START--
INFO: Run Behavior\WriteHtmlCacheBehavior [ RunTime:0.000250s ]
INFO: [ view_filter ] --END-- [ RunTime:0.000283s ]
INFO: [ app_end ] --START--
INFO: Run Behavior\ShowPageTraceBehavior [ RunTime:0.000511s ]
INFO: [ app_end ] --END-- [ RunTime:0.000550s ]

