[ 2017-04-07T02:25:45+08:00 ] 66.249.65.16 /
INFO: [ app_init ] --START--
INFO: Run Behavior\BuildLiteBehavior [ RunTime:0.000017s ]
INFO: [ app_init ] --END-- [ RunTime:0.000425s ]
INFO: [ app_begin ] --START--
INFO: Run Behavior\ReadHtmlCacheBehavior [ RunTime:0.000598s ]
INFO: [ app_begin ] --END-- [ RunTime:0.000644s ]
SQL: SHOW COLUMNS FROM `gamesdetails` [ RunTime:0.001938s ]
SQL: SELECT `id` FROM `gamesdetails` WHERE ( gamesname='英雄联盟' ) LIMIT 1   [ RunTime:0.001669s ]
SQL: SELECT `id` FROM `gamesdetails` WHERE ( gamesname='地下城与勇士' ) LIMIT 1   [ RunTime:0.001368s ]
SQL: SELECT `id` FROM `gamesdetails` WHERE ( gamesname='阴阳师' ) LIMIT 1   [ RunTime:0.001357s ]
SQL: SELECT COUNT(*) AS tp_count FROM `gamesdetails` LIMIT 1   [ RunTime:0.001442s ]
SQL: SHOW COLUMNS FROM `lol_newsimg` [ RunTime:0.001619s ]
SQL: SHOW COLUMNS FROM `lol_freehero` [ RunTime:0.001700s ]
SQL: SHOW COLUMNS FROM `gamestype` [ RunTime:0.001546s ]
SQL: SELECT `gamesname`,`smalldesktop`,`gametype` FROM `gamesdetails` WHERE ( tid=1 ) ORDER BY gamehot desc LIMIT 0,10   [ RunTime:0.001708s ]
SQL: SELECT `gamesname`,`smalldesktop`,`gametype` FROM `gamesdetails` WHERE ( tid=2 ) ORDER BY gamehot desc LIMIT 0,10   [ RunTime:0.001593s ]
SQL: SELECT `gamesname`,`smalldesktop`,`gametype` FROM `gamesdetails` WHERE ( tid=3 ) ORDER BY gamehot desc LIMIT 0,10   [ RunTime:0.001513s ]
SQL: SELECT `gamesname`,`smalldesktop`,`gametype` FROM `gamesdetails` WHERE ( tid=4 ) ORDER BY gamehot desc LIMIT 0,10   [ RunTime:0.001521s ]
SQL: SELECT `id` FROM `gamestype` WHERE ( gamestypename='网络游戏' ) LIMIT 1   [ RunTime:0.001533s ]
SQL: SELECT `id` FROM `gamestype` WHERE ( gamestypename='单机游戏' ) LIMIT 1   [ RunTime:0.001475s ]
SQL: SELECT `id` FROM `gamestype` WHERE ( gamestypename='手机游戏' ) LIMIT 1   [ RunTime:0.001423s ]
SQL: SHOW COLUMNS FROM `gamesnews` [ RunTime:0.001619s ]
SQL: SELECT * FROM `gamesnews` ORDER BY hints desc LIMIT 0,4   [ RunTime:0.003495s ]
SQL: SHOW COLUMNS FROM `newsimg` [ RunTime:0.001576s ]
INFO: [ view_parse ] --START--
INFO: [ template_filter ] --START--
INFO: Run Behavior\ContentReplaceBehavior [ RunTime:0.000147s ]
INFO: [ template_filter ] --END-- [ RunTime:0.000231s ]
NOTIC: [8] Undefined index: usermsg /data/home/bxu2359300359/htdocs/application/Runtime/Cache/Home/7ab946f4f0f5a79245f9543582fd5300.php 第 92 行.
INFO: Run Behavior\ParseTemplateBehavior [ RunTime:0.033300s ]
INFO: [ view_parse ] --END-- [ RunTime:0.033346s ]
INFO: [ view_filter ] --START--
INFO: Run Behavior\WriteHtmlCacheBehavior [ RunTime:0.000361s ]
INFO: [ view_filter ] --END-- [ RunTime:0.000398s ]
INFO: [ app_end ] --START--
INFO: Run Behavior\ShowPageTraceBehavior [ RunTime:0.000664s ]
INFO: [ app_end ] --END-- [ RunTime:0.000708s ]

[ 2017-04-07T02:27:20+08:00 ] 66.249.65.171 /
INFO: [ app_init ] --START--
INFO: Run Behavior\BuildLiteBehavior [ RunTime:0.000016s ]
INFO: [ app_init ] --END-- [ RunTime:0.000438s ]
INFO: [ app_begin ] --START--
INFO: Run Behavior\ReadHtmlCacheBehavior [ RunTime:0.000588s ]
INFO: [ app_begin ] --END-- [ RunTime:0.000647s ]
SQL: SHOW COLUMNS FROM `gamesdetails` [ RunTime:0.001838s ]
SQL: SELECT `id` FROM `gamesdetails` WHERE ( gamesname='英雄联盟' ) LIMIT 1   [ RunTime:0.001313s ]
SQL: SELECT `id` FROM `gamesdetails` WHERE ( gamesname='地下城与勇士' ) LIMIT 1   [ RunTime:0.001261s ]
SQL: SELECT `id` FROM `gamesdetails` WHERE ( gamesname='阴阳师' ) LIMIT 1   [ RunTime:0.001293s ]
SQL: SELECT COUNT(*) AS tp_count FROM `gamesdetails` LIMIT 1   [ RunTime:0.001289s ]
SQL: SHOW COLUMNS FROM `lol_newsimg` [ RunTime:0.001488s ]
SQL: SHOW COLUMNS FROM `lol_freehero` [ RunTime:0.001479s ]
SQL: SHOW COLUMNS FROM `gamestype` [ RunTime:0.001480s ]
SQL: SELECT `gamesname`,`smalldesktop`,`gametype` FROM `gamesdetails` WHERE ( tid=1 ) ORDER BY gamehot desc LIMIT 0,10   [ RunTime:0.001322s ]
SQL: SELECT `gamesname`,`smalldesktop`,`gametype` FROM `gamesdetails` WHERE ( tid=2 ) ORDER BY gamehot desc LIMIT 0,10   [ RunTime:0.001336s ]
SQL: SELECT `gamesname`,`smalldesktop`,`gametype` FROM `gamesdetails` WHERE ( tid=3 ) ORDER BY gamehot desc LIMIT 0,10   [ RunTime:0.001331s ]
SQL: SELECT `gamesname`,`smalldesktop`,`gametype` FROM `gamesdetails` WHERE ( tid=4 ) ORDER BY gamehot desc LIMIT 0,10   [ RunTime:0.001334s ]
SQL: SELECT `id` FROM `gamestype` WHERE ( gamestypename='网络游戏' ) LIMIT 1   [ RunTime:0.001264s ]
SQL: SELECT `id` FROM `gamestype` WHERE ( gamestypename='单机游戏' ) LIMIT 1   [ RunTime:0.001259s ]
SQL: SELECT `id` FROM `gamestype` WHERE ( gamestypename='手机游戏' ) LIMIT 1   [ RunTime:0.001397s ]
SQL: SHOW COLUMNS FROM `gamesnews` [ RunTime:0.001538s ]
SQL: SELECT * FROM `gamesnews` ORDER BY hints desc LIMIT 0,4   [ RunTime:0.002634s ]
SQL: SHOW COLUMNS FROM `newsimg` [ RunTime:0.001462s ]
INFO: [ view_parse ] --START--
INFO: [ template_filter ] --START--
INFO: Run Behavior\ContentReplaceBehavior [ RunTime:0.000171s ]
INFO: [ template_filter ] --END-- [ RunTime:0.000241s ]
NOTIC: [8] Undefined index: usermsg /data/home/bxu2359300359/htdocs/application/Runtime/Cache/Home/7ab946f4f0f5a79245f9543582fd5300.php 第 92 行.
INFO: Run Behavior\ParseTemplateBehavior [ RunTime:0.033571s ]
INFO: [ view_parse ] --END-- [ RunTime:0.033619s ]
INFO: [ view_filter ] --START--
INFO: Run Behavior\WriteHtmlCacheBehavior [ RunTime:0.000353s ]
INFO: [ view_filter ] --END-- [ RunTime:0.000390s ]
INFO: [ app_end ] --START--
INFO: Run Behavior\ShowPageTraceBehavior [ RunTime:0.000788s ]
INFO: [ app_end ] --END-- [ RunTime:0.000861s ]

[ 2017-04-07T04:34:42+08:00 ] 66.249.65.18 /home.php/gamesdetails/index/typeId/1/p/1.html
INFO: [ app_init ] --START--
INFO: Run Behavior\BuildLiteBehavior [ RunTime:0.000020s ]
INFO: [ app_init ] --END-- [ RunTime:0.000434s ]
INFO: [ app_begin ] --START--
INFO: Run Behavior\ReadHtmlCacheBehavior [ RunTime:0.000604s ]
INFO: [ app_begin ] --END-- [ RunTime:0.000650s ]
SQL: SHOW COLUMNS FROM `gamestype` [ RunTime:0.001876s ]
SQL: SELECT * FROM `gamestype` LIMIT 0,3   [ RunTime:0.001521s ]
SQL: SHOW COLUMNS FROM `gamesdetails` [ RunTime:0.002050s ]
SQL: SELECT COUNT(*) AS tp_count FROM `gamesdetails` WHERE ( tid=1 ) LIMIT 1   [ RunTime:0.001653s ]
SQL: SELECT * FROM `gamesdetails` WHERE ( tid=1 ) ORDER BY gamehot desc LIMIT 0,4   [ RunTime:0.001695s ]
INFO: [ view_parse ] --START--
INFO: [ template_filter ] --START--
INFO: Run Behavior\ContentReplaceBehavior [ RunTime:0.000052s ]
INFO: [ template_filter ] --END-- [ RunTime:0.000108s ]
NOTIC: [8] Undefined index: usermsg /data/home/bxu2359300359/htdocs/application/Runtime/Cache/Home/cff27e63c4e56700283b6a48118f6b99.php 第 16 行.
INFO: Run Behavior\ParseTemplateBehavior [ RunTime:0.010037s ]
INFO: [ view_parse ] --END-- [ RunTime:0.010086s ]
INFO: [ view_filter ] --START--
INFO: Run Behavior\WriteHtmlCacheBehavior [ RunTime:0.000359s ]
INFO: [ view_filter ] --END-- [ RunTime:0.000412s ]
INFO: [ app_end ] --START--
INFO: Run Behavior\ShowPageTraceBehavior [ RunTime:0.000659s ]
INFO: [ app_end ] --END-- [ RunTime:0.000703s ]

[ 2017-04-07T06:24:39+08:00 ] 66.249.65.168 /
INFO: [ app_init ] --START--
INFO: Run Behavior\BuildLiteBehavior [ RunTime:0.000020s ]
INFO: [ app_init ] --END-- [ RunTime:0.000511s ]
INFO: [ app_begin ] --START--
INFO: Run Behavior\ReadHtmlCacheBehavior [ RunTime:0.000634s ]
INFO: [ app_begin ] --END-- [ RunTime:0.000680s ]
SQL: SHOW COLUMNS FROM `gamesdetails` [ RunTime:0.001492s ]
SQL: SELECT `id` FROM `gamesdetails` WHERE ( gamesname='英雄联盟' ) LIMIT 1   [ RunTime:0.001205s ]
SQL: SELECT `id` FROM `gamesdetails` WHERE ( gamesname='地下城与勇士' ) LIMIT 1   [ RunTime:0.001028s ]
SQL: SELECT `id` FROM `gamesdetails` WHERE ( gamesname='阴阳师' ) LIMIT 1   [ RunTime:0.001025s ]
SQL: SELECT COUNT(*) AS tp_count FROM `gamesdetails` LIMIT 1   [ RunTime:0.001084s ]
SQL: SHOW COLUMNS FROM `lol_newsimg` [ RunTime:0.001222s ]
SQL: SHOW COLUMNS FROM `lol_freehero` [ RunTime:0.001204s ]
SQL: SHOW COLUMNS FROM `gamestype` [ RunTime:0.001251s ]
SQL: SELECT `gamesname`,`smalldesktop`,`gametype` FROM `gamesdetails` WHERE ( tid=1 ) ORDER BY gamehot desc LIMIT 0,10   [ RunTime:0.001142s ]
SQL: SELECT `gamesname`,`smalldesktop`,`gametype` FROM `gamesdetails` WHERE ( tid=2 ) ORDER BY gamehot desc LIMIT 0,10   [ RunTime:0.001167s ]
SQL: SELECT `gamesname`,`smalldesktop`,`gametype` FROM `gamesdetails` WHERE ( tid=3 ) ORDER BY gamehot desc LIMIT 0,10   [ RunTime:0.001111s ]
SQL: SELECT `gamesname`,`smalldesktop`,`gametype` FROM `gamesdetails` WHERE ( tid=4 ) ORDER BY gamehot desc LIMIT 0,10   [ RunTime:0.001103s ]
SQL: SELECT `id` FROM `gamestype` WHERE ( gamestypename='网络游戏' ) LIMIT 1   [ RunTime:0.001137s ]
SQL: SELECT `id` FROM `gamestype` WHERE ( gamestypename='单机游戏' ) LIMIT 1   [ RunTime:0.001012s ]
SQL: SELECT `id` FROM `gamestype` WHERE ( gamestypename='手机游戏' ) LIMIT 1   [ RunTime:0.000991s ]
SQL: SHOW COLUMNS FROM `gamesnews` [ RunTime:0.001284s ]
SQL: SELECT * FROM `gamesnews` ORDER BY hints desc LIMIT 0,4   [ RunTime:0.002786s ]
SQL: SHOW COLUMNS FROM `newsimg` [ RunTime:0.001201s ]
INFO: [ view_parse ] --START--
INFO: [ template_filter ] --START--
INFO: Run Behavior\ContentReplaceBehavior [ RunTime:0.000140s ]
INFO: [ template_filter ] --END-- [ RunTime:0.000180s ]
NOTIC: [8] Undefined index: usermsg /data/home/bxu2359300359/htdocs/application/Runtime/Cache/Home/7ab946f4f0f5a79245f9543582fd5300.php 第 92 行.
INFO: Run Behavior\ParseTemplateBehavior [ RunTime:0.032973s ]
INFO: [ view_parse ] --END-- [ RunTime:0.033017s ]
INFO: [ view_filter ] --START--
INFO: Run Behavior\WriteHtmlCacheBehavior [ RunTime:0.000361s ]
INFO: [ view_filter ] --END-- [ RunTime:0.000397s ]
INFO: [ app_end ] --START--
INFO: Run Behavior\ShowPageTraceBehavior [ RunTime:0.000599s ]
INFO: [ app_end ] --END-- [ RunTime:0.000644s ]

[ 2017-04-07T06:26:54+08:00 ] 66.249.65.16 /
INFO: [ app_init ] --START--
INFO: Run Behavior\BuildLiteBehavior [ RunTime:0.000015s ]
INFO: [ app_init ] --END-- [ RunTime:0.000410s ]
INFO: [ app_begin ] --START--
INFO: Run Behavior\ReadHtmlCacheBehavior [ RunTime:0.000591s ]
INFO: [ app_begin ] --END-- [ RunTime:0.000636s ]
SQL: SHOW COLUMNS FROM `gamesdetails` [ RunTime:0.001700s ]
SQL: SELECT `id` FROM `gamesdetails` WHERE ( gamesname='英雄联盟' ) LIMIT 1   [ RunTime:0.002617s ]
SQL: SELECT `id` FROM `gamesdetails` WHERE ( gamesname='地下城与勇士' ) LIMIT 1   [ RunTime:0.001042s ]
SQL: SELECT `id` FROM `gamesdetails` WHERE ( gamesname='阴阳师' ) LIMIT 1   [ RunTime:0.001115s ]
SQL: SELECT COUNT(*) AS tp_count FROM `gamesdetails` LIMIT 1   [ RunTime:0.001042s ]
SQL: SHOW COLUMNS FROM `lol_newsimg` [ RunTime:0.001306s ]
SQL: SHOW COLUMNS FROM `lol_freehero` [ RunTime:0.001256s ]
SQL: SHOW COLUMNS FROM `gamestype` [ RunTime:0.001289s ]
SQL: SELECT `gamesname`,`smalldesktop`,`gametype` FROM `gamesdetails` WHERE ( tid=1 ) ORDER BY gamehot desc LIMIT 0,10   [ RunTime:0.001060s ]
SQL: SELECT `gamesname`,`smalldesktop`,`gametype` FROM `gamesdetails` WHERE ( tid=2 ) ORDER BY gamehot desc LIMIT 0,10   [ RunTime:0.001304s ]
SQL: SELECT `gamesname`,`smalldesktop`,`gametype` FROM `gamesdetails` WHERE ( tid=3 ) ORDER BY gamehot desc LIMIT 0,10   [ RunTime:0.001086s ]
SQL: SELECT `gamesname`,`smalldesktop`,`gametype` FROM `gamesdetails` WHERE ( tid=4 ) ORDER BY gamehot desc LIMIT 0,10   [ RunTime:0.001093s ]
SQL: SELECT `id` FROM `gamestype` WHERE ( gamestypename='网络游戏' ) LIMIT 1   [ RunTime:0.001090s ]
SQL: SELECT `id` FROM `gamestype` WHERE ( gamestypename='单机游戏' ) LIMIT 1   [ RunTime:0.001380s ]
SQL: SELECT `id` FROM `gamestype` WHERE ( gamestypename='手机游戏' ) LIMIT 1   [ RunTime:0.001073s ]
SQL: SHOW COLUMNS FROM `gamesnews` [ RunTime:0.001365s ]
SQL: SELECT * FROM `gamesnews` ORDER BY hints desc LIMIT 0,4   [ RunTime:0.002244s ]
SQL: SHOW COLUMNS FROM `newsimg` [ RunTime:0.001411s ]
INFO: [ view_parse ] --START--
INFO: [ template_filter ] --START--
INFO: Run Behavior\ContentReplaceBehavior [ RunTime:0.000141s ]
INFO: [ template_filter ] --END-- [ RunTime:0.000200s ]
NOTIC: [8] Undefined index: usermsg /data/home/bxu2359300359/htdocs/application/Runtime/Cache/Home/7ab946f4f0f5a79245f9543582fd5300.php 第 92 行.
INFO: Run Behavior\ParseTemplateBehavior [ RunTime:0.033464s ]
INFO: [ view_parse ] --END-- [ RunTime:0.033513s ]
INFO: [ view_filter ] --START--
INFO: Run Behavior\WriteHtmlCacheBehavior [ RunTime:0.000344s ]
INFO: [ view_filter ] --END-- [ RunTime:0.000381s ]
INFO: [ app_end ] --START--
INFO: Run Behavior\ShowPageTraceBehavior [ RunTime:0.000635s ]
INFO: [ app_end ] --END-- [ RunTime:0.000683s ]

[ 2017-04-07T07:34:12+08:00 ] 123.125.71.36 /home.php/Gamesnews/index/newsId/20
INFO: [ app_init ] --START--
INFO: Run Behavior\BuildLiteBehavior [ RunTime:0.000016s ]
INFO: [ app_init ] --END-- [ RunTime:0.000404s ]
INFO: [ app_begin ] --START--
INFO: Run Behavior\ReadHtmlCacheBehavior [ RunTime:0.000583s ]
INFO: [ app_begin ] --END-- [ RunTime:0.000630s ]
SQL: SHOW COLUMNS FROM `gamestype` [ RunTime:0.001534s ]
SQL: SHOW COLUMNS FROM `gamesnews` [ RunTime:0.001571s ]
SQL: UPDATE `gamesnews` SET `hints`=hints+1 WHERE ( id=20 ) [ RunTime:0.003893s ]
SQL: SELECT * FROM `gamesnews` WHERE ( id=20 ) LIMIT 1   [ RunTime:0.001250s ]
SQL: SHOW COLUMNS FROM `newsimg` [ RunTime:0.001373s ]
SQL: SELECT COUNT(*) AS tp_count FROM `newsimg` WHERE ( newsid=20 ) LIMIT 1   [ RunTime:0.001289s ]
SQL: SELECT * FROM `newsimg` WHERE ( newsid=20 ) ORDER BY shunxu  [ RunTime:0.001198s ]
NOTIC: [8] Undefined offset: 5 /data/home/bxu2359300359/htdocs/application/Home/Controller/GamesnewsController.class.php 第 31 行.
INFO: [ view_parse ] --START--
INFO: [ template_filter ] --START--
INFO: Run Behavior\ContentReplaceBehavior [ RunTime:0.000041s ]
INFO: [ template_filter ] --END-- [ RunTime:0.000088s ]
NOTIC: [8] Undefined index: usermsg /data/home/bxu2359300359/htdocs/application/Runtime/Cache/Home/560da5e34cc660081ae9269f103ae089.php 第 16 行.
INFO: Run Behavior\ParseTemplateBehavior [ RunTime:0.008229s ]
INFO: [ view_parse ] --END-- [ RunTime:0.008275s ]
INFO: [ view_filter ] --START--
INFO: Run Behavior\WriteHtmlCacheBehavior [ RunTime:0.000330s ]
INFO: [ view_filter ] --END-- [ RunTime:0.000362s ]
INFO: [ app_end ] --START--
INFO: Run Behavior\ShowPageTraceBehavior [ RunTime:0.000630s ]
INFO: [ app_end ] --END-- [ RunTime:0.000674s ]

[ 2017-04-07T07:44:32+08:00 ] 42.156.139.82 /home.php/gamesdetails/index/typeId/3/p/4.html
INFO: [ app_init ] --START--
INFO: Run Behavior\BuildLiteBehavior [ RunTime:0.000018s ]
INFO: [ app_init ] --END-- [ RunTime:0.000454s ]
INFO: [ app_begin ] --START--
INFO: Run Behavior\ReadHtmlCacheBehavior [ RunTime:0.000608s ]
INFO: [ app_begin ] --END-- [ RunTime:0.000655s ]
SQL: SHOW COLUMNS FROM `gamestype` [ RunTime:0.001533s ]
SQL: SELECT * FROM `gamestype` LIMIT 0,3   [ RunTime:0.001376s ]
SQL: SHOW COLUMNS FROM `gamesdetails` [ RunTime:0.001541s ]
SQL: SELECT COUNT(*) AS tp_count FROM `gamesdetails` WHERE ( tid=3 ) LIMIT 1   [ RunTime:0.001346s ]
SQL: SELECT * FROM `gamesdetails` WHERE ( tid=3 ) ORDER BY gamehot desc LIMIT 12,4   [ RunTime:0.001361s ]
INFO: [ view_parse ] --START--
INFO: [ template_filter ] --START--
INFO: Run Behavior\ContentReplaceBehavior [ RunTime:0.000042s ]
INFO: [ template_filter ] --END-- [ RunTime:0.000083s ]
NOTIC: [8] Undefined index: usermsg /data/home/bxu2359300359/htdocs/application/Runtime/Cache/Home/cff27e63c4e56700283b6a48118f6b99.php 第 16 行.
INFO: Run Behavior\ParseTemplateBehavior [ RunTime:0.009586s ]
INFO: [ view_parse ] --END-- [ RunTime:0.009662s ]
INFO: [ view_filter ] --START--
INFO: Run Behavior\WriteHtmlCacheBehavior [ RunTime:0.000367s ]
INFO: [ view_filter ] --END-- [ RunTime:0.000405s ]
INFO: [ app_end ] --START--
INFO: Run Behavior\ShowPageTraceBehavior [ RunTime:0.000636s ]
INFO: [ app_end ] --END-- [ RunTime:0.000682s ]

[ 2017-04-07T08:23:21+08:00 ] 52.37.211.217 /
INFO: [ app_init ] --START--
INFO: Run Behavior\BuildLiteBehavior [ RunTime:0.000019s ]
INFO: [ app_init ] --END-- [ RunTime:0.000457s ]
INFO: [ app_begin ] --START--
INFO: Run Behavior\ReadHtmlCacheBehavior [ RunTime:0.000838s ]
INFO: [ app_begin ] --END-- [ RunTime:0.000939s ]
SQL: SHOW COLUMNS FROM `gamesdetails` [ RunTime:0.001836s ]
SQL: SELECT `id` FROM `gamesdetails` WHERE ( gamesname='英雄联盟' ) LIMIT 1   [ RunTime:0.001531s ]
SQL: SELECT `id` FROM `gamesdetails` WHERE ( gamesname='地下城与勇士' ) LIMIT 1   [ RunTime:0.001228s ]
SQL: SELECT `id` FROM `gamesdetails` WHERE ( gamesname='阴阳师' ) LIMIT 1   [ RunTime:0.001219s ]
SQL: SELECT COUNT(*) AS tp_count FROM `gamesdetails` LIMIT 1   [ RunTime:0.001408s ]
SQL: SHOW COLUMNS FROM `lol_newsimg` [ RunTime:0.001646s ]
SQL: SHOW COLUMNS FROM `lol_freehero` [ RunTime:0.001400s ]
SQL: SHOW COLUMNS FROM `gamestype` [ RunTime:0.001508s ]
SQL: SELECT `gamesname`,`smalldesktop`,`gametype` FROM `gamesdetails` WHERE ( tid=1 ) ORDER BY gamehot desc LIMIT 0,10   [ RunTime:0.001416s ]
SQL: SELECT `gamesname`,`smalldesktop`,`gametype` FROM `gamesdetails` WHERE ( tid=2 ) ORDER BY gamehot desc LIMIT 0,10   [ RunTime:0.001355s ]
SQL: SELECT `gamesname`,`smalldesktop`,`gametype` FROM `gamesdetails` WHERE ( tid=3 ) ORDER BY gamehot desc LIMIT 0,10   [ RunTime:0.001354s ]
SQL: SELECT `gamesname`,`smalldesktop`,`gametype` FROM `gamesdetails` WHERE ( tid=4 ) ORDER BY gamehot desc LIMIT 0,10   [ RunTime:0.001446s ]
SQL: SELECT `id` FROM `gamestype` WHERE ( gamestypename='网络游戏' ) LIMIT 1   [ RunTime:0.001377s ]
SQL: SELECT `id` FROM `gamestype` WHERE ( gamestypename='单机游戏' ) LIMIT 1   [ RunTime:0.001266s ]
SQL: SELECT `id` FROM `gamestype` WHERE ( gamestypename='手机游戏' ) LIMIT 1   [ RunTime:0.001236s ]
SQL: SHOW COLUMNS FROM `gamesnews` [ RunTime:0.001619s ]
SQL: SELECT * FROM `gamesnews` ORDER BY hints desc LIMIT 0,4   [ RunTime:0.003533s ]
SQL: SHOW COLUMNS FROM `newsimg` [ RunTime:0.001569s ]
INFO: [ view_parse ] --START--
INFO: [ template_filter ] --START--
INFO: Run Behavior\ContentReplaceBehavior [ RunTime:0.000151s ]
INFO: [ template_filter ] --END-- [ RunTime:0.000221s ]
NOTIC: [8] Undefined index: usermsg /data/home/bxu2359300359/htdocs/application/Runtime/Cache/Home/7ab946f4f0f5a79245f9543582fd5300.php 第 92 行.
INFO: Run Behavior\ParseTemplateBehavior [ RunTime:0.033765s ]
INFO: [ view_parse ] --END-- [ RunTime:0.033817s ]
INFO: [ view_filter ] --START--
INFO: Run Behavior\WriteHtmlCacheBehavior [ RunTime:0.000366s ]
INFO: [ view_filter ] --END-- [ RunTime:0.000403s ]
INFO: [ app_end ] --START--
INFO: Run Behavior\ShowPageTraceBehavior [ RunTime:0.000637s ]
INFO: [ app_end ] --END-- [ RunTime:0.000676s ]

[ 2017-04-07T09:24:39+08:00 ] 66.249.65.16 /
INFO: [ app_init ] --START--
INFO: Run Behavior\BuildLiteBehavior [ RunTime:0.000017s ]
INFO: [ app_init ] --END-- [ RunTime:0.000424s ]
INFO: [ app_begin ] --START--
INFO: Run Behavior\ReadHtmlCacheBehavior [ RunTime:0.000564s ]
INFO: [ app_begin ] --END-- [ RunTime:0.000610s ]
SQL: SHOW COLUMNS FROM `gamesdetails` [ RunTime:0.001742s ]
SQL: SELECT `id` FROM `gamesdetails` WHERE ( gamesname='英雄联盟' ) LIMIT 1   [ RunTime:0.001429s ]
SQL: SELECT `id` FROM `gamesdetails` WHERE ( gamesname='地下城与勇士' ) LIMIT 1   [ RunTime:0.001136s ]
SQL: SELECT `id` FROM `gamesdetails` WHERE ( gamesname='阴阳师' ) LIMIT 1   [ RunTime:0.001105s ]
SQL: SELECT COUNT(*) AS tp_count FROM `gamesdetails` LIMIT 1   [ RunTime:0.001216s ]
SQL: SHOW COLUMNS FROM `lol_newsimg` [ RunTime:0.001361s ]
SQL: SHOW COLUMNS FROM `lol_freehero` [ RunTime:0.001296s ]
SQL: SHOW COLUMNS FROM `gamestype` [ RunTime:0.001350s ]
SQL: SELECT `gamesname`,`smalldesktop`,`gametype` FROM `gamesdetails` WHERE ( tid=1 ) ORDER BY gamehot desc LIMIT 0,10   [ RunTime:0.001762s ]
SQL: SELECT `gamesname`,`smalldesktop`,`gametype` FROM `gamesdetails` WHERE ( tid=2 ) ORDER BY gamehot desc LIMIT 0,10   [ RunTime:0.001402s ]
SQL: SELECT `gamesname`,`smalldesktop`,`gametype` FROM `gamesdetails` WHERE ( tid=3 ) ORDER BY gamehot desc LIMIT 0,10   [ RunTime:0.001261s ]
SQL: SELECT `gamesname`,`smalldesktop`,`gametype` FROM `gamesdetails` WHERE ( tid=4 ) ORDER BY gamehot desc LIMIT 0,10   [ RunTime:0.010087s ]
SQL: SELECT `id` FROM `gamestype` WHERE ( gamestypename='网络游戏' ) LIMIT 1   [ RunTime:0.001314s ]
SQL: SELECT `id` FROM `gamestype` WHERE ( gamestypename='单机游戏' ) LIMIT 1   [ RunTime:0.001119s ]
SQL: SELECT `id` FROM `gamestype` WHERE ( gamestypename='手机游戏' ) LIMIT 1   [ RunTime:0.001133s ]
SQL: SHOW COLUMNS FROM `gamesnews` [ RunTime:0.001464s ]
SQL: SELECT * FROM `gamesnews` ORDER BY hints desc LIMIT 0,4   [ RunTime:0.003133s ]
SQL: SHOW COLUMNS FROM `newsimg` [ RunTime:0.001878s ]
INFO: [ view_parse ] --START--
INFO: [ template_filter ] --START--
INFO: Run Behavior\ContentReplaceBehavior [ RunTime:0.000157s ]
INFO: [ template_filter ] --END-- [ RunTime:0.000249s ]
NOTIC: [8] Undefined index: usermsg /data/home/bxu2359300359/htdocs/application/Runtime/Cache/Home/7ab946f4f0f5a79245f9543582fd5300.php 第 92 行.
INFO: Run Behavior\ParseTemplateBehavior [ RunTime:0.034156s ]
INFO: [ view_parse ] --END-- [ RunTime:0.034225s ]
INFO: [ view_filter ] --START--
INFO: Run Behavior\WriteHtmlCacheBehavior [ RunTime:0.000369s ]
INFO: [ view_filter ] --END-- [ RunTime:0.000416s ]
INFO: [ app_end ] --START--
INFO: Run Behavior\ShowPageTraceBehavior [ RunTime:0.000646s ]
INFO: [ app_end ] --END-- [ RunTime:0.000688s ]

[ 2017-04-07T11:49:48+08:00 ] 106.38.241.141 /home.php/Home/index
INFO: [ app_init ] --START--
INFO: Run Behavior\BuildLiteBehavior [ RunTime:0.000015s ]
INFO: [ app_init ] --END-- [ RunTime:0.000433s ]
INFO: [ app_begin ] --START--
INFO: Run Behavior\ReadHtmlCacheBehavior [ RunTime:0.000583s ]
INFO: [ app_begin ] --END-- [ RunTime:0.000628s ]
SQL: SHOW COLUMNS FROM `gamesdetails` [ RunTime:0.001773s ]
SQL: SELECT `id` FROM `gamesdetails` WHERE ( gamesname='英雄联盟' ) LIMIT 1   [ RunTime:0.001511s ]
SQL: SELECT `id` FROM `gamesdetails` WHERE ( gamesname='地下城与勇士' ) LIMIT 1   [ RunTime:0.001199s ]
SQL: SELECT `id` FROM `gamesdetails` WHERE ( gamesname='阴阳师' ) LIMIT 1   [ RunTime:0.001172s ]
SQL: SELECT COUNT(*) AS tp_count FROM `gamesdetails` LIMIT 1   [ RunTime:0.001232s ]
SQL: SHOW COLUMNS FROM `lol_newsimg` [ RunTime:0.001400s ]
SQL: SHOW COLUMNS FROM `lol_freehero` [ RunTime:0.001372s ]
SQL: SHOW COLUMNS FROM `gamestype` [ RunTime:0.001332s ]
SQL: SELECT `gamesname`,`smalldesktop`,`gametype` FROM `gamesdetails` WHERE ( tid=1 ) ORDER BY gamehot desc LIMIT 0,10   [ RunTime:0.001373s ]
SQL: SELECT `gamesname`,`smalldesktop`,`gametype` FROM `gamesdetails` WHERE ( tid=2 ) ORDER BY gamehot desc LIMIT 0,10   [ RunTime:0.001254s ]
SQL: SELECT `gamesname`,`smalldesktop`,`gametype` FROM `gamesdetails` WHERE ( tid=3 ) ORDER BY gamehot desc LIMIT 0,10   [ RunTime:0.001257s ]
SQL: SELECT `gamesname`,`smalldesktop`,`gametype` FROM `gamesdetails` WHERE ( tid=4 ) ORDER BY gamehot desc LIMIT 0,10   [ RunTime:0.001243s ]
SQL: SELECT `id` FROM `gamestype` WHERE ( gamestypename='网络游戏' ) LIMIT 1   [ RunTime:0.001270s ]
SQL: SELECT `id` FROM `gamestype` WHERE ( gamestypename='单机游戏' ) LIMIT 1   [ RunTime:0.001159s ]
SQL: SELECT `id` FROM `gamestype` WHERE ( gamestypename='手机游戏' ) LIMIT 1   [ RunTime:0.001128s ]
SQL: SHOW COLUMNS FROM `gamesnews` [ RunTime:0.001418s ]
SQL: SELECT * FROM `gamesnews` ORDER BY hints desc LIMIT 0,4   [ RunTime:0.003303s ]
SQL: SHOW COLUMNS FROM `newsimg` [ RunTime:0.001372s ]
INFO: [ view_parse ] --START--
INFO: [ template_filter ] --START--
INFO: Run Behavior\ContentReplaceBehavior [ RunTime:0.000199s ]
INFO: [ template_filter ] --END-- [ RunTime:0.000265s ]
NOTIC: [8] Undefined index: usermsg /data/home/bxu2359300359/htdocs/application/Runtime/Cache/Home/7ab946f4f0f5a79245f9543582fd5300.php 第 92 行.
INFO: Run Behavior\ParseTemplateBehavior [ RunTime:0.033660s ]
INFO: [ view_parse ] --END-- [ RunTime:0.033715s ]
INFO: [ view_filter ] --START--
INFO: Run Behavior\WriteHtmlCacheBehavior [ RunTime:0.000366s ]
INFO: [ view_filter ] --END-- [ RunTime:0.000402s ]
INFO: [ app_end ] --START--
INFO: Run Behavior\ShowPageTraceBehavior [ RunTime:0.000601s ]
INFO: [ app_end ] --END-- [ RunTime:0.000640s ]

[ 2017-04-07T11:55:09+08:00 ] 106.38.241.141 /home.php/Home/index
INFO: [ app_init ] --START--
INFO: Run Behavior\BuildLiteBehavior [ RunTime:0.000015s ]
INFO: [ app_init ] --END-- [ RunTime:0.000431s ]
INFO: [ app_begin ] --START--
INFO: Run Behavior\ReadHtmlCacheBehavior [ RunTime:0.000565s ]
INFO: [ app_begin ] --END-- [ RunTime:0.000613s ]
SQL: SHOW COLUMNS FROM `gamesdetails` [ RunTime:0.001471s ]
SQL: SELECT `id` FROM `gamesdetails` WHERE ( gamesname='英雄联盟' ) LIMIT 1   [ RunTime:0.000950s ]
SQL: SELECT `id` FROM `gamesdetails` WHERE ( gamesname='地下城与勇士' ) LIMIT 1   [ RunTime:0.001842s ]
SQL: SELECT `id` FROM `gamesdetails` WHERE ( gamesname='阴阳师' ) LIMIT 1   [ RunTime:0.000940s ]
SQL: SELECT COUNT(*) AS tp_count FROM `gamesdetails` LIMIT 1   [ RunTime:0.000946s ]
SQL: SHOW COLUMNS FROM `lol_newsimg` [ RunTime:0.001247s ]
SQL: SHOW COLUMNS FROM `lol_freehero` [ RunTime:0.001150s ]
SQL: SHOW COLUMNS FROM `gamestype` [ RunTime:0.001246s ]
SQL: SELECT `gamesname`,`smalldesktop`,`gametype` FROM `gamesdetails` WHERE ( tid=1 ) ORDER BY gamehot desc LIMIT 0,10   [ RunTime:0.001023s ]
SQL: SELECT `gamesname`,`smalldesktop`,`gametype` FROM `gamesdetails` WHERE ( tid=2 ) ORDER BY gamehot desc LIMIT 0,10   [ RunTime:0.000966s ]
SQL: SELECT `gamesname`,`smalldesktop`,`gametype` FROM `gamesdetails` WHERE ( tid=3 ) ORDER BY gamehot desc LIMIT 0,10   [ RunTime:0.000944s ]
SQL: SELECT `gamesname`,`smalldesktop`,`gametype` FROM `gamesdetails` WHERE ( tid=4 ) ORDER BY gamehot desc LIMIT 0,10   [ RunTime:0.005585s ]
SQL: SELECT `id` FROM `gamestype` WHERE ( gamestypename='网络游戏' ) LIMIT 1   [ RunTime:0.001045s ]
SQL: SELECT `id` FROM `gamestype` WHERE ( gamestypename='单机游戏' ) LIMIT 1   [ RunTime:0.001009s ]
SQL: SELECT `id` FROM `gamestype` WHERE ( gamestypename='手机游戏' ) LIMIT 1   [ RunTime:0.000993s ]
SQL: SHOW COLUMNS FROM `gamesnews` [ RunTime:0.001241s ]
SQL: SELECT * FROM `gamesnews` ORDER BY hints desc LIMIT 0,4   [ RunTime:0.001951s ]
SQL: SHOW COLUMNS FROM `newsimg` [ RunTime:0.001222s ]
INFO: [ view_parse ] --START--
INFO: [ template_filter ] --START--
INFO: Run Behavior\ContentReplaceBehavior [ RunTime:0.000194s ]
INFO: [ template_filter ] --END-- [ RunTime:0.000240s ]
NOTIC: [8] Undefined index: usermsg /data/home/bxu2359300359/htdocs/application/Runtime/Cache/Home/7ab946f4f0f5a79245f9543582fd5300.php 第 92 行.
INFO: Run Behavior\ParseTemplateBehavior [ RunTime:0.032825s ]
INFO: [ view_parse ] --END-- [ RunTime:0.032870s ]
INFO: [ view_filter ] --START--
INFO: Run Behavior\WriteHtmlCacheBehavior [ RunTime:0.000322s ]
INFO: [ view_filter ] --END-- [ RunTime:0.000377s ]
INFO: [ app_end ] --START--
INFO: Run Behavior\ShowPageTraceBehavior [ RunTime:0.000617s ]
INFO: [ app_end ] --END-- [ RunTime:0.000683s ]

[ 2017-04-07T16:11:39+08:00 ] 93.158.152.37 /home.php/Login/index
INFO: [ app_init ] --START--
INFO: Run Behavior\BuildLiteBehavior [ RunTime:0.000034s ]
INFO: [ app_init ] --END-- [ RunTime:0.000417s ]
INFO: [ app_begin ] --START--
INFO: Run Behavior\ReadHtmlCacheBehavior [ RunTime:0.000535s ]
INFO: [ app_begin ] --END-- [ RunTime:0.000580s ]
NOTIC: [8] Use of undefined constant HTTP_REFERER - assumed 'HTTP_REFERER' /data/home/bxu2359300359/htdocs/application/Home/Controller/LoginController.class.php 第 9 行.
NOTIC: [8] Undefined index: HTTP_REFERER /data/home/bxu2359300359/htdocs/application/Home/Controller/LoginController.class.php 第 9 行.
INFO: [ view_parse ] --START--
INFO: [ template_filter ] --START--
INFO: Run Behavior\ContentReplaceBehavior [ RunTime:0.000051s ]
INFO: [ template_filter ] --END-- [ RunTime:0.000111s ]
INFO: Run Behavior\ParseTemplateBehavior [ RunTime:0.006614s ]
INFO: [ view_parse ] --END-- [ RunTime:0.006658s ]
INFO: [ view_filter ] --START--
INFO: Run Behavior\WriteHtmlCacheBehavior [ RunTime:0.000300s ]
INFO: [ view_filter ] --END-- [ RunTime:0.000332s ]
INFO: [ app_end ] --START--
INFO: Run Behavior\ShowPageTraceBehavior [ RunTime:0.000610s ]
INFO: [ app_end ] --END-- [ RunTime:0.000650s ]

[ 2017-04-07T16:37:14+08:00 ] 66.249.65.168 /
INFO: [ app_init ] --START--
INFO: Run Behavior\BuildLiteBehavior [ RunTime:0.000015s ]
INFO: [ app_init ] --END-- [ RunTime:0.000406s ]
INFO: [ app_begin ] --START--
INFO: Run Behavior\ReadHtmlCacheBehavior [ RunTime:0.000527s ]
INFO: [ app_begin ] --END-- [ RunTime:0.000593s ]
SQL: SHOW COLUMNS FROM `gamesdetails` [ RunTime:0.001738s ]
SQL: SELECT * FROM `gamesdetails` WHERE ( tid=2 ) ORDER BY gamehot desc LIMIT 0,5   [ RunTime:0.001667s ]
SQL: SELECT * FROM `gamesdetails` WHERE ( tid=1 ) ORDER BY gamehot desc LIMIT 0,5   [ RunTime:0.001490s ]
SQL: SELECT * FROM `gamesdetails` WHERE ( tid=3 ) ORDER BY gamehot desc LIMIT 0,5   [ RunTime:0.001395s ]
SQL: SELECT * FROM `gamesdetails` WHERE ( tid=4 ) ORDER BY gamehot desc LIMIT 0,5   [ RunTime:0.001435s ]
SQL: SELECT `id` FROM `gamesdetails` WHERE ( gamesname='英雄联盟' ) LIMIT 1   [ RunTime:0.001245s ]
SQL: SELECT `id` FROM `gamesdetails` WHERE ( gamesname='地下城与勇士' ) LIMIT 1   [ RunTime:0.001235s ]
SQL: SELECT `id` FROM `gamesdetails` WHERE ( gamesname='阴阳师' ) LIMIT 1   [ RunTime:0.011645s ]
SQL: SELECT `gamesname`,`gamehot` FROM `gamesdetails` WHERE ( tid=1 ) LIMIT 0,12   [ RunTime:0.001311s ]
SQL: SELECT `gamesname`,`gamehot` FROM `gamesdetails` WHERE ( tid=3 ) LIMIT 0,12   [ RunTime:0.001326s ]
SQL: SELECT `gamesname`,`gamehot` FROM `gamesdetails` WHERE ( tid=2 ) LIMIT 0,12   [ RunTime:0.001372s ]
SQL: SELECT `gamesname`,`gamehot` FROM `gamesdetails` WHERE ( tid=4 ) LIMIT 0,13   [ RunTime:0.001286s ]
SQL: SELECT COUNT(*) AS tp_count FROM `gamesdetails` LIMIT 1   [ RunTime:0.001255s ]
SQL: SHOW COLUMNS FROM `lol_newsimg` [ RunTime:0.001529s ]
SQL: SELECT * FROM `lol_newsimg` ORDER BY dateandtime desc LIMIT 0,4   [ RunTime:0.001410s ]
SQL: SHOW COLUMNS FROM `lol_freehero` [ RunTime:0.001437s ]
SQL: SHOW COLUMNS FROM `gamestype` [ RunTime:0.001444s ]
SQL: SELECT * FROM `gamestype`  [ RunTime:0.001321s ]
SQL: SELECT `gamesname`,`smalldesktop`,`gametype` FROM `gamesdetails` WHERE ( tid=1 ) ORDER BY gamehot desc LIMIT 0,10   [ RunTime:0.001377s ]
SQL: SELECT `gamesname`,`smalldesktop`,`gametype` FROM `gamesdetails` WHERE ( tid=2 ) ORDER BY gamehot desc LIMIT 0,10   [ RunTime:0.001324s ]
SQL: SELECT `gamesname`,`smalldesktop`,`gametype` FROM `gamesdetails` WHERE ( tid=3 ) ORDER BY gamehot desc LIMIT 0,10   [ RunTime:0.001323s ]
SQL: SELECT `gamesname`,`smalldesktop`,`gametype` FROM `gamesdetails` WHERE ( tid=4 ) ORDER BY gamehot desc LIMIT 0,10   [ RunTime:0.001321s ]
SQL: SELECT `id` FROM `gamestype` WHERE ( gamestypename='网络游戏' ) LIMIT 1   [ RunTime:0.001292s ]
SQL: SELECT `id` FROM `gamestype` WHERE ( gamestypename='单机游戏' ) LIMIT 1   [ RunTime:0.001331s ]
SQL: SELECT `id` FROM `gamestype` WHERE ( gamestypename='手机游戏' ) LIMIT 1   [ RunTime:0.001225s ]
SQL: SHOW COLUMNS FROM `gamesnews` [ RunTime:0.001490s ]
SQL: SELECT * FROM `gamesnews` ORDER BY hints desc LIMIT 0,4   [ RunTime:0.003261s ]
SQL: SELECT `id`,`title` FROM `gamesnews` WHERE ( nid=3 ) ORDER BY hints desc LIMIT 0,2   [ RunTime:0.001426s ]
SQL: SHOW COLUMNS FROM `newsimg` [ RunTime:0.001831s ]
SQL: SELECT `imgname` FROM `newsimg` WHERE ( newsid=6 && special=1 ) LIMIT 1   [ RunTime:0.001405s ]
SQL: SELECT `imgname` FROM `newsimg` WHERE ( newsid=5 && special=1 ) LIMIT 1   [ RunTime:0.001247s ]
SQL: SELECT `id`,`title` FROM `gamesnews` WHERE ( nid=1 && hints<1000 ) ORDER BY hints desc LIMIT 0,2   [ RunTime:0.001320s ]
SQL: SELECT `imgname` FROM `newsimg` WHERE ( newsid=9 && special=1 ) LIMIT 1   [ RunTime:0.001261s ]
SQL: SELECT `imgname` FROM `newsimg` WHERE ( newsid=10 && special=1 ) LIMIT 1   [ RunTime:0.001322s ]
SQL: SELECT `id`,`title` FROM `gamesnews` WHERE ( nid=2 && hints<1000 ) ORDER BY hints desc LIMIT 0,2   [ RunTime:0.001336s ]
SQL: SELECT `imgname` FROM `newsimg` WHERE ( newsid=17 && special=1 ) LIMIT 1   [ RunTime:0.001533s ]
SQL: SELECT `imgname` FROM `newsimg` WHERE ( newsid=18 && special=1 ) LIMIT 1   [ RunTime:0.001280s ]
SQL: SELECT `id`,`title` FROM `gamesnews` WHERE ( nid=4 && hints<1000 ) ORDER BY hints desc LIMIT 0,2   [ RunTime:0.001460s ]
SQL: SELECT `imgname` FROM `newsimg` WHERE ( newsid=13 && special=1 ) LIMIT 1   [ RunTime:0.001318s ]
SQL: SELECT `imgname` FROM `newsimg` WHERE ( newsid=14 && special=1 ) LIMIT 1   [ RunTime:0.001378s ]
SQL: SELECT `id`,`title`,`time` FROM `gamesnews` WHERE ( nid=3 && hints<700 ) ORDER BY hints desc LIMIT 0,2   [ RunTime:0.001443s ]
SQL: SELECT `id`,`title`,`time` FROM `gamesnews` WHERE ( nid=1 && hints<700 ) ORDER BY hints desc LIMIT 0,2   [ RunTime:0.001345s ]
SQL: SELECT `id`,`title`,`time` FROM `gamesnews` WHERE ( nid=2 && hints<700 ) ORDER BY hints desc LIMIT 0,2   [ RunTime:0.001370s ]
SQL: SELECT `id`,`title`,`time` FROM `gamesnews` WHERE ( nid=4 && hints<700 ) ORDER BY hints desc LIMIT 0,2   [ RunTime:0.001402s ]
INFO: [ view_parse ] --START--
INFO: [ template_filter ] --START--
INFO: Run Behavior\ContentReplaceBehavior [ RunTime:0.000189s ]
INFO: [ template_filter ] --END-- [ RunTime:0.000236s ]
NOTIC: [8] Undefined index: usermsg /data/home/bxu2359300359/htdocs/application/Runtime/Cache/Home/7ab946f4f0f5a79245f9543582fd5300.php 第 92 行.
INFO: Run Behavior\ParseTemplateBehavior [ RunTime:0.033215s ]
INFO: [ view_parse ] --END-- [ RunTime:0.033260s ]
INFO: [ view_filter ] --START--
INFO: Run Behavior\WriteHtmlCacheBehavior [ RunTime:0.000302s ]
INFO: [ view_filter ] --END-- [ RunTime:0.000336s ]
INFO: [ app_end ] --START--
INFO: Run Behavior\ShowPageTraceBehavior [ RunTime:0.000759s ]
INFO: [ app_end ] --END-- [ RunTime:0.000842s ]

[ 2017-04-07T16:44:33+08:00 ] 66.249.65.16 /
INFO: [ app_init ] --START--
INFO: Run Behavior\BuildLiteBehavior [ RunTime:0.000016s ]
INFO: [ app_init ] --END-- [ RunTime:0.000401s ]
INFO: [ app_begin ] --START--
INFO: Run Behavior\ReadHtmlCacheBehavior [ RunTime:0.000568s ]
INFO: [ app_begin ] --END-- [ RunTime:0.000613s ]
SQL: SHOW COLUMNS FROM `gamesdetails` [ RunTime:0.001595s ]
SQL: SELECT `id` FROM `gamesdetails` WHERE ( gamesname='英雄联盟' ) LIMIT 1   [ RunTime:0.001071s ]
SQL: SELECT `id` FROM `gamesdetails` WHERE ( gamesname='地下城与勇士' ) LIMIT 1   [ RunTime:0.001050s ]
SQL: SELECT `id` FROM `gamesdetails` WHERE ( gamesname='阴阳师' ) LIMIT 1   [ RunTime:0.001060s ]
SQL: SELECT COUNT(*) AS tp_count FROM `gamesdetails` LIMIT 1   [ RunTime:0.001059s ]
SQL: SHOW COLUMNS FROM `lol_newsimg` [ RunTime:0.001276s ]
SQL: SHOW COLUMNS FROM `lol_freehero` [ RunTime:0.001291s ]
SQL: SHOW COLUMNS FROM `gamestype` [ RunTime:0.001247s ]
SQL: SELECT `gamesname`,`smalldesktop`,`gametype` FROM `gamesdetails` WHERE ( tid=1 ) ORDER BY gamehot desc LIMIT 0,10   [ RunTime:0.001060s ]
SQL: SELECT `gamesname`,`smalldesktop`,`gametype` FROM `gamesdetails` WHERE ( tid=2 ) ORDER BY gamehot desc LIMIT 0,10   [ RunTime:0.001061s ]
SQL: SELECT `gamesname`,`smalldesktop`,`gametype` FROM `gamesdetails` WHERE ( tid=3 ) ORDER BY gamehot desc LIMIT 0,10   [ RunTime:0.001068s ]
SQL: SELECT `gamesname`,`smalldesktop`,`gametype` FROM `gamesdetails` WHERE ( tid=4 ) ORDER BY gamehot desc LIMIT 0,10   [ RunTime:0.001088s ]
SQL: SELECT `id` FROM `gamestype` WHERE ( gamestypename='网络游戏' ) LIMIT 1   [ RunTime:0.001066s ]
SQL: SELECT `id` FROM `gamestype` WHERE ( gamestypename='单机游戏' ) LIMIT 1   [ RunTime:0.001077s ]
SQL: SELECT `id` FROM `gamestype` WHERE ( gamestypename='手机游戏' ) LIMIT 1   [ RunTime:0.001054s ]
SQL: SHOW COLUMNS FROM `gamesnews` [ RunTime:0.001367s ]
SQL: SELECT * FROM `gamesnews` ORDER BY hints desc LIMIT 0,4   [ RunTime:0.002151s ]
SQL: SHOW COLUMNS FROM `newsimg` [ RunTime:0.001350s ]
INFO: [ view_parse ] --START--
INFO: [ template_filter ] --START--
INFO: Run Behavior\ContentReplaceBehavior [ RunTime:0.000145s ]
INFO: [ template_filter ] --END-- [ RunTime:0.000211s ]
NOTIC: [8] Undefined index: usermsg /data/home/bxu2359300359/htdocs/application/Runtime/Cache/Home/7ab946f4f0f5a79245f9543582fd5300.php 第 92 行.
INFO: Run Behavior\ParseTemplateBehavior [ RunTime:0.033303s ]
INFO: [ view_parse ] --END-- [ RunTime:0.033371s ]
INFO: [ view_filter ] --START--
INFO: Run Behavior\WriteHtmlCacheBehavior [ RunTime:0.000359s ]
INFO: [ view_filter ] --END-- [ RunTime:0.000407s ]
INFO: [ app_end ] --START--
INFO: Run Behavior\ShowPageTraceBehavior [ RunTime:0.000621s ]
INFO: [ app_end ] --END-- [ RunTime:0.000666s ]

[ 2017-04-07T17:30:52+08:00 ] 111.206.36.10 /
INFO: [ app_init ] --START--
INFO: Run Behavior\BuildLiteBehavior [ RunTime:0.000015s ]
INFO: [ app_init ] --END-- [ RunTime:0.000390s ]
INFO: [ app_begin ] --START--
INFO: Run Behavior\ReadHtmlCacheBehavior [ RunTime:0.000749s ]
INFO: [ app_begin ] --END-- [ RunTime:0.000840s ]
SQL: SHOW COLUMNS FROM `gamesdetails` [ RunTime:0.001999s ]
SQL: SELECT `id` FROM `gamesdetails` WHERE ( gamesname='英雄联盟' ) LIMIT 1   [ RunTime:0.001637s ]
SQL: SELECT `id` FROM `gamesdetails` WHERE ( gamesname='地下城与勇士' ) LIMIT 1   [ RunTime:0.001743s ]
SQL: SELECT `id` FROM `gamesdetails` WHERE ( gamesname='阴阳师' ) LIMIT 1   [ RunTime:0.001390s ]
SQL: SELECT COUNT(*) AS tp_count FROM `gamesdetails` LIMIT 1   [ RunTime:0.001464s ]
SQL: SHOW COLUMNS FROM `lol_newsimg` [ RunTime:0.001634s ]
SQL: SHOW COLUMNS FROM `lol_freehero` [ RunTime:0.001595s ]
SQL: SHOW COLUMNS FROM `gamestype` [ RunTime:0.001569s ]
SQL: SELECT `gamesname`,`smalldesktop`,`gametype` FROM `gamesdetails` WHERE ( tid=1 ) ORDER BY gamehot desc LIMIT 0,10   [ RunTime:0.001494s ]
SQL: SELECT `gamesname`,`smalldesktop`,`gametype` FROM `gamesdetails` WHERE ( tid=2 ) ORDER BY gamehot desc LIMIT 0,10   [ RunTime:0.001450s ]
SQL: SELECT `gamesname`,`smalldesktop`,`gametype` FROM `gamesdetails` WHERE ( tid=3 ) ORDER BY gamehot desc LIMIT 0,10   [ RunTime:0.001500s ]
SQL: SELECT `gamesname`,`smalldesktop`,`gametype` FROM `gamesdetails` WHERE ( tid=4 ) ORDER BY gamehot desc LIMIT 0,10   [ RunTime:0.001464s ]
SQL: SELECT `id` FROM `gamestype` WHERE ( gamestypename='网络游戏' ) LIMIT 1   [ RunTime:0.001524s ]
SQL: SELECT `id` FROM `gamestype` WHERE ( gamestypename='单机游戏' ) LIMIT 1   [ RunTime:0.001388s ]
SQL: SELECT `id` FROM `gamestype` WHERE ( gamestypename='手机游戏' ) LIMIT 1   [ RunTime:0.001357s ]
SQL: SHOW COLUMNS FROM `gamesnews` [ RunTime:0.001649s ]
SQL: SELECT * FROM `gamesnews` ORDER BY hints desc LIMIT 0,4   [ RunTime:0.003836s ]
SQL: SHOW COLUMNS FROM `newsimg` [ RunTime:0.001560s ]
INFO: [ view_parse ] --START--
INFO: [ template_filter ] --START--
INFO: Run Behavior\ContentReplaceBehavior [ RunTime:0.000149s ]
INFO: [ template_filter ] --END-- [ RunTime:0.000228s ]
NOTIC: [8] Undefined index: usermsg /data/home/bxu2359300359/htdocs/application/Runtime/Cache/Home/7ab946f4f0f5a79245f9543582fd5300.php 第 92 行.
INFO: Run Behavior\ParseTemplateBehavior [ RunTime:0.035332s ]
INFO: [ view_parse ] --END-- [ RunTime:0.035379s ]
INFO: [ view_filter ] --START--
INFO: Run Behavior\WriteHtmlCacheBehavior [ RunTime:0.000538s ]
INFO: [ view_filter ] --END-- [ RunTime:0.000577s ]
INFO: [ app_end ] --START--
INFO: Run Behavior\ShowPageTraceBehavior [ RunTime:0.000658s ]
INFO: [ app_end ] --END-- [ RunTime:0.000706s ]

[ 2017-04-07T18:09:25+08:00 ] 180.76.15.153 /home.php/Gamesnews/index/newsId/4
INFO: [ app_init ] --START--
INFO: Run Behavior\BuildLiteBehavior [ RunTime:0.000015s ]
INFO: [ app_init ] --END-- [ RunTime:0.000405s ]
INFO: [ app_begin ] --START--
INFO: Run Behavior\ReadHtmlCacheBehavior [ RunTime:0.000515s ]
INFO: [ app_begin ] --END-- [ RunTime:0.000566s ]
SQL: SHOW COLUMNS FROM `gamestype` [ RunTime:0.001544s ]
SQL: SELECT * FROM `gamestype` LIMIT 0,3   [ RunTime:0.001182s ]
SQL: SHOW COLUMNS FROM `gamesnews` [ RunTime:0.001336s ]
SQL: UPDATE `gamesnews` SET `hints`=hints+1 WHERE ( id=4 ) [ RunTime:0.004067s ]
SQL: SELECT * FROM `gamesnews` WHERE ( id=4 ) LIMIT 1   [ RunTime:0.001245s ]
SQL: SHOW COLUMNS FROM `newsimg` [ RunTime:0.001300s ]
SQL: SELECT COUNT(*) AS tp_count FROM `newsimg` WHERE ( newsid=4 ) LIMIT 1   [ RunTime:0.001135s ]
SQL: SELECT * FROM `newsimg` WHERE ( newsid=4 ) ORDER BY shunxu  [ RunTime:0.001057s ]
NOTIC: [8] Undefined offset: 3 /data/home/bxu2359300359/htdocs/application/Home/Controller/GamesnewsController.class.php 第 31 行.
INFO: [ view_parse ] --START--
INFO: [ template_filter ] --START--
INFO: Run Behavior\ContentReplaceBehavior [ RunTime:0.000034s ]
INFO: [ template_filter ] --END-- [ RunTime:0.000073s ]
NOTIC: [8] Undefined index: usermsg /data/home/bxu2359300359/htdocs/application/Runtime/Cache/Home/560da5e34cc660081ae9269f103ae089.php 第 16 行.
INFO: Run Behavior\ParseTemplateBehavior [ RunTime:0.007883s ]
INFO: [ view_parse ] --END-- [ RunTime:0.007926s ]
INFO: [ view_filter ] --START--
INFO: Run Behavior\WriteHtmlCacheBehavior [ RunTime:0.000310s ]
INFO: [ view_filter ] --END-- [ RunTime:0.000347s ]
INFO: [ app_end ] --START--
INFO: Run Behavior\ShowPageTraceBehavior [ RunTime:0.000591s ]
INFO: [ app_end ] --END-- [ RunTime:0.000636s ]

[ 2017-04-07T19:52:46+08:00 ] 66.249.65.18 /
INFO: [ app_init ] --START--
INFO: Run Behavior\BuildLiteBehavior [ RunTime:0.000017s ]
INFO: [ app_init ] --END-- [ RunTime:0.000420s ]
INFO: [ app_begin ] --START--
INFO: Run Behavior\ReadHtmlCacheBehavior [ RunTime:0.000600s ]
INFO: [ app_begin ] --END-- [ RunTime:0.000646s ]
SQL: SHOW COLUMNS FROM `gamesdetails` [ RunTime:0.001940s ]
SQL: SELECT `id` FROM `gamesdetails` WHERE ( gamesname='英雄联盟' ) LIMIT 1   [ RunTime:0.001417s ]
SQL: SELECT `id` FROM `gamesdetails` WHERE ( gamesname='地下城与勇士' ) LIMIT 1   [ RunTime:0.001195s ]
SQL: SELECT `id` FROM `gamesdetails` WHERE ( gamesname='阴阳师' ) LIMIT 1   [ RunTime:0.001129s ]
SQL: SELECT COUNT(*) AS tp_count FROM `gamesdetails` LIMIT 1   [ RunTime:0.001727s ]
SQL: SHOW COLUMNS FROM `lol_newsimg` [ RunTime:0.001429s ]
SQL: SHOW COLUMNS FROM `lol_freehero` [ RunTime:0.001402s ]
SQL: SHOW COLUMNS FROM `gamestype` [ RunTime:0.001316s ]
SQL: SELECT `gamesname`,`smalldesktop`,`gametype` FROM `gamesdetails` WHERE ( tid=1 ) ORDER BY gamehot desc LIMIT 0,10   [ RunTime:0.001281s ]
SQL: SELECT `gamesname`,`smalldesktop`,`gametype` FROM `gamesdetails` WHERE ( tid=2 ) ORDER BY gamehot desc LIMIT 0,10   [ RunTime:0.001246s ]
SQL: SELECT `gamesname`,`smalldesktop`,`gametype` FROM `gamesdetails` WHERE ( tid=3 ) ORDER BY gamehot desc LIMIT 0,10   [ RunTime:0.001266s ]
SQL: SELECT `gamesname`,`smalldesktop`,`gametype` FROM `gamesdetails` WHERE ( tid=4 ) ORDER BY gamehot desc LIMIT 0,10   [ RunTime:0.001240s ]
SQL: SELECT `id` FROM `gamestype` WHERE ( gamestypename='网络游戏' ) LIMIT 1   [ RunTime:0.001244s ]
SQL: SELECT `id` FROM `gamestype` WHERE ( gamestypename='单机游戏' ) LIMIT 1   [ RunTime:0.001156s ]
SQL: SELECT `id` FROM `gamestype` WHERE ( gamestypename='手机游戏' ) LIMIT 1   [ RunTime:0.001139s ]
SQL: SHOW COLUMNS FROM `gamesnews` [ RunTime:0.001424s ]
SQL: SELECT * FROM `gamesnews` ORDER BY hints desc LIMIT 0,4   [ RunTime:0.003104s ]
SQL: SHOW COLUMNS FROM `newsimg` [ RunTime:0.001388s ]
INFO: [ view_parse ] --START--
INFO: [ template_filter ] --START--
INFO: Run Behavior\ContentReplaceBehavior [ RunTime:0.000151s ]
INFO: [ template_filter ] --END-- [ RunTime:0.000220s ]
NOTIC: [8] Undefined index: usermsg /data/home/bxu2359300359/htdocs/application/Runtime/Cache/Home/7ab946f4f0f5a79245f9543582fd5300.php 第 92 行.
INFO: Run Behavior\ParseTemplateBehavior [ RunTime:0.033472s ]
INFO: [ view_parse ] --END-- [ RunTime:0.033526s ]
INFO: [ view_filter ] --START--
INFO: Run Behavior\WriteHtmlCacheBehavior [ RunTime:0.000363s ]
INFO: [ view_filter ] --END-- [ RunTime:0.000401s ]
INFO: [ app_end ] --START--
INFO: Run Behavior\ShowPageTraceBehavior [ RunTime:0.000618s ]
INFO: [ app_end ] --END-- [ RunTime:0.000659s ]

[ 2017-04-07T20:12:21+08:00 ] 123.125.71.104 /home.php/gamesdetails/index/typeId/1/p/2.html
INFO: [ app_init ] --START--
INFO: Run Behavior\BuildLiteBehavior [ RunTime:0.000015s ]
INFO: [ app_init ] --END-- [ RunTime:0.000382s ]
INFO: [ app_begin ] --START--
INFO: Run Behavior\ReadHtmlCacheBehavior [ RunTime:0.000541s ]
INFO: [ app_begin ] --END-- [ RunTime:0.000592s ]
SQL: SHOW COLUMNS FROM `gamestype` [ RunTime:0.002814s ]
SQL: SELECT * FROM `gamestype` LIMIT 0,3   [ RunTime:0.001169s ]
SQL: SHOW COLUMNS FROM `gamesdetails` [ RunTime:0.001426s ]
SQL: SELECT COUNT(*) AS tp_count FROM `gamesdetails` WHERE ( tid=1 ) LIMIT 1   [ RunTime:0.001228s ]
SQL: SELECT * FROM `gamesdetails` WHERE ( tid=1 ) ORDER BY gamehot desc LIMIT 4,4   [ RunTime:0.001288s ]
INFO: [ view_parse ] --START--
INFO: [ template_filter ] --START--
INFO: Run Behavior\ContentReplaceBehavior [ RunTime:0.000040s ]
INFO: [ template_filter ] --END-- [ RunTime:0.000089s ]
NOTIC: [8] Undefined index: usermsg /data/home/bxu2359300359/htdocs/application/Runtime/Cache/Home/cff27e63c4e56700283b6a48118f6b99.php 第 16 行.
INFO: Run Behavior\ParseTemplateBehavior [ RunTime:0.009450s ]
INFO: [ view_parse ] --END-- [ RunTime:0.009497s ]
INFO: [ view_filter ] --START--
INFO: Run Behavior\WriteHtmlCacheBehavior [ RunTime:0.000319s ]
INFO: [ view_filter ] --END-- [ RunTime:0.000354s ]
INFO: [ app_end ] --START--
INFO: Run Behavior\ShowPageTraceBehavior [ RunTime:0.000613s ]
INFO: [ app_end ] --END-- [ RunTime:0.000655s ]

[ 2017-04-07T20:12:53+08:00 ] 66.249.65.168 /
INFO: [ app_init ] --START--
INFO: Run Behavior\BuildLiteBehavior [ RunTime:0.000015s ]
INFO: [ app_init ] --END-- [ RunTime:0.000392s ]
INFO: [ app_begin ] --START--
INFO: Run Behavior\ReadHtmlCacheBehavior [ RunTime:0.000528s ]
INFO: [ app_begin ] --END-- [ RunTime:0.000574s ]
SQL: SHOW COLUMNS FROM `gamesdetails` [ RunTime:0.001901s ]
SQL: SELECT `id` FROM `gamesdetails` WHERE ( gamesname='英雄联盟' ) LIMIT 1   [ RunTime:0.001312s ]
SQL: SELECT `id` FROM `gamesdetails` WHERE ( gamesname='地下城与勇士' ) LIMIT 1   [ RunTime:0.001303s ]
SQL: SELECT `id` FROM `gamesdetails` WHERE ( gamesname='阴阳师' ) LIMIT 1   [ RunTime:0.001294s ]
SQL: SELECT COUNT(*) AS tp_count FROM `gamesdetails` LIMIT 1   [ RunTime:0.001276s ]
SQL: SHOW COLUMNS FROM `lol_newsimg` [ RunTime:0.001746s ]
SQL: SHOW COLUMNS FROM `lol_freehero` [ RunTime:0.001572s ]
SQL: SHOW COLUMNS FROM `gamestype` [ RunTime:0.001796s ]
SQL: SELECT `gamesname`,`smalldesktop`,`gametype` FROM `gamesdetails` WHERE ( tid=1 ) ORDER BY gamehot desc LIMIT 0,10   [ RunTime:0.001330s ]
SQL: SELECT `gamesname`,`smalldesktop`,`gametype` FROM `gamesdetails` WHERE ( tid=2 ) ORDER BY gamehot desc LIMIT 0,10   [ RunTime:0.001308s ]
SQL: SELECT `gamesname`,`smalldesktop`,`gametype` FROM `gamesdetails` WHERE ( tid=3 ) ORDER BY gamehot desc LIMIT 0,10   [ RunTime:0.001324s ]
SQL: SELECT `gamesname`,`smalldesktop`,`gametype` FROM `gamesdetails` WHERE ( tid=4 ) ORDER BY gamehot desc LIMIT 0,10   [ RunTime:0.001333s ]
SQL: SELECT `id` FROM `gamestype` WHERE ( gamestypename='网络游戏' ) LIMIT 1   [ RunTime:0.001288s ]
SQL: SELECT `id` FROM `gamestype` WHERE ( gamestypename='单机游戏' ) LIMIT 1   [ RunTime:0.001281s ]
SQL: SELECT `id` FROM `gamestype` WHERE ( gamestypename='手机游戏' ) LIMIT 1   [ RunTime:0.001284s ]
SQL: SHOW COLUMNS FROM `gamesnews` [ RunTime:0.001676s ]
SQL: SELECT * FROM `gamesnews` ORDER BY hints desc LIMIT 0,4   [ RunTime:0.002551s ]
SQL: SHOW COLUMNS FROM `newsimg` [ RunTime:0.001678s ]
INFO: [ view_parse ] --START--
INFO: [ template_filter ] --START--
INFO: Run Behavior\ContentReplaceBehavior [ RunTime:0.000163s ]
INFO: [ template_filter ] --END-- [ RunTime:0.000214s ]
NOTIC: [8] Undefined index: usermsg /data/home/bxu2359300359/htdocs/application/Runtime/Cache/Home/7ab946f4f0f5a79245f9543582fd5300.php 第 92 行.
INFO: Run Behavior\ParseTemplateBehavior [ RunTime:0.036242s ]
INFO: [ view_parse ] --END-- [ RunTime:0.036288s ]
INFO: [ view_filter ] --START--
INFO: Run Behavior\WriteHtmlCacheBehavior [ RunTime:0.000309s ]
INFO: [ view_filter ] --END-- [ RunTime:0.000344s ]
INFO: [ app_end ] --START--
INFO: Run Behavior\ShowPageTraceBehavior [ RunTime:0.000595s ]
INFO: [ app_end ] --END-- [ RunTime:0.000636s ]

[ 2017-04-07T21:13:19+08:00 ] 210.140.72.249 /
INFO: [ app_init ] --START--
INFO: Run Behavior\BuildLiteBehavior [ RunTime:0.000016s ]
INFO: [ app_init ] --END-- [ RunTime:0.000408s ]
INFO: [ app_begin ] --START--
INFO: Run Behavior\ReadHtmlCacheBehavior [ RunTime:0.000555s ]
INFO: [ app_begin ] --END-- [ RunTime:0.000601s ]
SQL: SHOW COLUMNS FROM `gamesdetails` [ RunTime:0.001672s ]
SQL: SELECT `id` FROM `gamesdetails` WHERE ( gamesname='英雄联盟' ) LIMIT 1   [ RunTime:0.001317s ]
SQL: SELECT `id` FROM `gamesdetails` WHERE ( gamesname='地下城与勇士' ) LIMIT 1   [ RunTime:0.001278s ]
SQL: SELECT `id` FROM `gamesdetails` WHERE ( gamesname='阴阳师' ) LIMIT 1   [ RunTime:0.001150s ]
SQL: SELECT COUNT(*) AS tp_count FROM `gamesdetails` LIMIT 1   [ RunTime:0.001226s ]
SQL: SHOW COLUMNS FROM `lol_newsimg` [ RunTime:0.001392s ]
SQL: SHOW COLUMNS FROM `lol_freehero` [ RunTime:0.001301s ]
SQL: SHOW COLUMNS FROM `gamestype` [ RunTime:0.001278s ]
SQL: SELECT `gamesname`,`smalldesktop`,`gametype` FROM `gamesdetails` WHERE ( tid=1 ) ORDER BY gamehot desc LIMIT 0,10   [ RunTime:0.001323s ]
SQL: SELECT `gamesname`,`smalldesktop`,`gametype` FROM `gamesdetails` WHERE ( tid=2 ) ORDER BY gamehot desc LIMIT 0,10   [ RunTime:0.001289s ]
SQL: SELECT `gamesname`,`smalldesktop`,`gametype` FROM `gamesdetails` WHERE ( tid=3 ) ORDER BY gamehot desc LIMIT 0,10   [ RunTime:0.001214s ]
SQL: SELECT `gamesname`,`smalldesktop`,`gametype` FROM `gamesdetails` WHERE ( tid=4 ) ORDER BY gamehot desc LIMIT 0,10   [ RunTime:0.001181s ]
SQL: SELECT `id` FROM `gamestype` WHERE ( gamestypename='网络游戏' ) LIMIT 1   [ RunTime:0.001212s ]
SQL: SELECT `id` FROM `gamestype` WHERE ( gamestypename='单机游戏' ) LIMIT 1   [ RunTime:0.001120s ]
SQL: SELECT `id` FROM `gamestype` WHERE ( gamestypename='手机游戏' ) LIMIT 1   [ RunTime:0.001099s ]
SQL: SHOW COLUMNS FROM `gamesnews` [ RunTime:0.001385s ]
SQL: SELECT * FROM `gamesnews` ORDER BY hints desc LIMIT 0,4   [ RunTime:0.003052s ]
SQL: SHOW COLUMNS FROM `newsimg` [ RunTime:0.001335s ]
INFO: [ view_parse ] --START--
INFO: [ template_filter ] --START--
INFO: Run Behavior\ContentReplaceBehavior [ RunTime:0.000149s ]
INFO: [ template_filter ] --END-- [ RunTime:0.000216s ]
NOTIC: [8] Undefined index: usermsg /data/home/bxu2359300359/htdocs/application/Runtime/Cache/Home/7ab946f4f0f5a79245f9543582fd5300.php 第 92 行.
INFO: Run Behavior\ParseTemplateBehavior [ RunTime:0.035403s ]
INFO: [ view_parse ] --END-- [ RunTime:0.035451s ]
INFO: [ view_filter ] --START--
INFO: Run Behavior\WriteHtmlCacheBehavior [ RunTime:0.000368s ]
INFO: [ view_filter ] --END-- [ RunTime:0.000471s ]
INFO: [ app_end ] --START--
INFO: Run Behavior\ShowPageTraceBehavior [ RunTime:0.000638s ]
INFO: [ app_end ] --END-- [ RunTime:0.000678s ]

[ 2017-04-07T21:14:04+08:00 ] 210.140.72.249 /
INFO: [ app_init ] --START--
INFO: Run Behavior\BuildLiteBehavior [ RunTime:0.000015s ]
INFO: [ app_init ] --END-- [ RunTime:0.000399s ]
INFO: [ app_begin ] --START--
INFO: Run Behavior\ReadHtmlCacheBehavior [ RunTime:0.000587s ]
INFO: [ app_begin ] --END-- [ RunTime:0.000633s ]
SQL: SHOW COLUMNS FROM `gamesdetails` [ RunTime:0.001607s ]
SQL: SELECT `id` FROM `gamesdetails` WHERE ( gamesname='英雄联盟' ) LIMIT 1   [ RunTime:0.001224s ]
SQL: SELECT `id` FROM `gamesdetails` WHERE ( gamesname='地下城与勇士' ) LIMIT 1   [ RunTime:0.001050s ]
SQL: SELECT `id` FROM `gamesdetails` WHERE ( gamesname='阴阳师' ) LIMIT 1   [ RunTime:0.001100s ]
SQL: SELECT COUNT(*) AS tp_count FROM `gamesdetails` LIMIT 1   [ RunTime:0.001064s ]
SQL: SHOW COLUMNS FROM `lol_newsimg` [ RunTime:0.001265s ]
SQL: SHOW COLUMNS FROM `lol_freehero` [ RunTime:0.001245s ]
SQL: SHOW COLUMNS FROM `gamestype` [ RunTime:0.001237s ]
SQL: SELECT `gamesname`,`smalldesktop`,`gametype` FROM `gamesdetails` WHERE ( tid=1 ) ORDER BY gamehot desc LIMIT 0,10   [ RunTime:0.001068s ]
SQL: SELECT `gamesname`,`smalldesktop`,`gametype` FROM `gamesdetails` WHERE ( tid=2 ) ORDER BY gamehot desc LIMIT 0,10   [ RunTime:0.001052s ]
SQL: SELECT `gamesname`,`smalldesktop`,`gametype` FROM `gamesdetails` WHERE ( tid=3 ) ORDER BY gamehot desc LIMIT 0,10   [ RunTime:0.001034s ]
SQL: SELECT `gamesname`,`smalldesktop`,`gametype` FROM `gamesdetails` WHERE ( tid=4 ) ORDER BY gamehot desc LIMIT 0,10   [ RunTime:0.001049s ]
SQL: SELECT `id` FROM `gamestype` WHERE ( gamestypename='网络游戏' ) LIMIT 1   [ RunTime:0.001097s ]
SQL: SELECT `id` FROM `gamestype` WHERE ( gamestypename='单机游戏' ) LIMIT 1   [ RunTime:0.001042s ]
SQL: SELECT `id` FROM `gamestype` WHERE ( gamestypename='手机游戏' ) LIMIT 1   [ RunTime:0.001047s ]
SQL: SHOW COLUMNS FROM `gamesnews` [ RunTime:0.001342s ]
SQL: SELECT * FROM `gamesnews` ORDER BY hints desc LIMIT 0,4   [ RunTime:0.002260s ]
SQL: SHOW COLUMNS FROM `newsimg` [ RunTime:0.001278s ]
INFO: [ view_parse ] --START--
INFO: [ template_filter ] --START--
INFO: Run Behavior\ContentReplaceBehavior [ RunTime:0.000195s ]
INFO: [ template_filter ] --END-- [ RunTime:0.000243s ]
NOTIC: [8] Undefined index: usermsg /data/home/bxu2359300359/htdocs/application/Runtime/Cache/Home/7ab946f4f0f5a79245f9543582fd5300.php 第 92 行.
INFO: Run Behavior\ParseTemplateBehavior [ RunTime:0.032870s ]
INFO: [ view_parse ] --END-- [ RunTime:0.032915s ]
INFO: [ view_filter ] --START--
INFO: Run Behavior\WriteHtmlCacheBehavior [ RunTime:0.000342s ]
INFO: [ view_filter ] --END-- [ RunTime:0.000379s ]
INFO: [ app_end ] --START--
INFO: Run Behavior\ShowPageTraceBehavior [ RunTime:0.000664s ]
INFO: [ app_end ] --END-- [ RunTime:0.000710s ]

