[ 2017-04-29T01:19:23+08:00 ] 45.120.243.254 /
INFO: [ app_init ] --START--
INFO: Run Behavior\BuildLiteBehavior [ RunTime:0.000015s ]
INFO: [ app_init ] --END-- [ RunTime:0.000375s ]
INFO: [ app_begin ] --START--
INFO: Run Behavior\ReadHtmlCacheBehavior [ RunTime:0.000485s ]
INFO: [ app_begin ] --END-- [ RunTime:0.000537s ]
SQL: SHOW COLUMNS FROM `gamesdetails` [ RunTime:0.001851s ]
SQL: SELECT `id` FROM `gamesdetails` WHERE ( gamesname='英雄联盟' ) LIMIT 1   [ RunTime:0.001478s ]
SQL: SELECT `id` FROM `gamesdetails` WHERE ( gamesname='地下城与勇士' ) LIMIT 1   [ RunTime:0.001645s ]
SQL: SELECT `id` FROM `gamesdetails` WHERE ( gamesname='阴阳师' ) LIMIT 1   [ RunTime:0.001241s ]
SQL: SELECT COUNT(*) AS tp_count FROM `gamesdetails` LIMIT 1   [ RunTime:0.001357s ]
SQL: SHOW COLUMNS FROM `lol_newsimg` [ RunTime:0.001459s ]
SQL: SHOW COLUMNS FROM `lol_freehero` [ RunTime:0.001541s ]
SQL: SHOW COLUMNS FROM `gamestype` [ RunTime:0.001445s ]
SQL: SELECT `gamesname`,`smalldesktop`,`gametype` FROM `gamesdetails` WHERE ( tid=1 ) ORDER BY gamehot desc LIMIT 0,10   [ RunTime:0.001411s ]
SQL: SELECT `gamesname`,`smalldesktop`,`gametype` FROM `gamesdetails` WHERE ( tid=2 ) ORDER BY gamehot desc LIMIT 0,10   [ RunTime:0.001617s ]
SQL: SELECT `gamesname`,`smalldesktop`,`gametype` FROM `gamesdetails` WHERE ( tid=3 ) ORDER BY gamehot desc LIMIT 0,10   [ RunTime:0.001354s ]
SQL: SELECT `gamesname`,`smalldesktop`,`gametype` FROM `gamesdetails` WHERE ( tid=4 ) ORDER BY gamehot desc LIMIT 0,10   [ RunTime:0.001345s ]
SQL: SELECT `id` FROM `gamestype` WHERE ( gamestypename='网络游戏' ) LIMIT 1   [ RunTime:0.001405s ]
SQL: SELECT `id` FROM `gamestype` WHERE ( gamestypename='单机游戏' ) LIMIT 1   [ RunTime:0.001305s ]
SQL: SELECT `id` FROM `gamestype` WHERE ( gamestypename='手机游戏' ) LIMIT 1   [ RunTime:0.001334s ]
SQL: SHOW COLUMNS FROM `gamesnews` [ RunTime:0.001522s ]
SQL: SELECT * FROM `gamesnews` ORDER BY hints desc LIMIT 0,4   [ RunTime:0.003395s ]
SQL: SHOW COLUMNS FROM `newsimg` [ RunTime:0.001552s ]
INFO: [ view_parse ] --START--
INFO: [ template_filter ] --START--
INFO: Run Behavior\ContentReplaceBehavior [ RunTime:0.000149s ]
INFO: [ template_filter ] --END-- [ RunTime:0.000210s ]
NOTIC: [8] Undefined index: usermsg /data/home/bxu2359300359/htdocs/application/Runtime/Cache/Home/7ab946f4f0f5a79245f9543582fd5300.php 第 92 行.
INFO: Run Behavior\ParseTemplateBehavior [ RunTime:0.037460s ]
INFO: [ view_parse ] --END-- [ RunTime:0.037517s ]
INFO: [ view_filter ] --START--
INFO: Run Behavior\WriteHtmlCacheBehavior [ RunTime:0.000299s ]
INFO: [ view_filter ] --END-- [ RunTime:0.000336s ]
INFO: [ app_end ] --START--
INFO: Run Behavior\ShowPageTraceBehavior [ RunTime:0.000688s ]
INFO: [ app_end ] --END-- [ RunTime:0.000740s ]

[ 2017-04-29T05:50:00+08:00 ] 220.181.108.114 /home.php/Home/index
INFO: [ app_init ] --START--
INFO: Run Behavior\BuildLiteBehavior [ RunTime:0.000017s ]
INFO: [ app_init ] --END-- [ RunTime:0.000404s ]
INFO: [ app_begin ] --START--
INFO: Run Behavior\ReadHtmlCacheBehavior [ RunTime:0.000507s ]
INFO: [ app_begin ] --END-- [ RunTime:0.000553s ]
SQL: SHOW COLUMNS FROM `gamesdetails` [ RunTime:0.001901s ]
SQL: SELECT `id` FROM `gamesdetails` WHERE ( gamesname='英雄联盟' ) LIMIT 1   [ RunTime:0.001392s ]
SQL: SELECT `id` FROM `gamesdetails` WHERE ( gamesname='地下城与勇士' ) LIMIT 1   [ RunTime:0.001168s ]
SQL: SELECT `id` FROM `gamesdetails` WHERE ( gamesname='阴阳师' ) LIMIT 1   [ RunTime:0.001173s ]
SQL: SELECT COUNT(*) AS tp_count FROM `gamesdetails` LIMIT 1   [ RunTime:0.001360s ]
SQL: SHOW COLUMNS FROM `lol_newsimg` [ RunTime:0.001472s ]
SQL: SHOW COLUMNS FROM `lol_freehero` [ RunTime:0.001350s ]
SQL: SHOW COLUMNS FROM `gamestype` [ RunTime:0.001333s ]
SQL: SELECT `gamesname`,`smalldesktop`,`gametype` FROM `gamesdetails` WHERE ( tid=1 ) ORDER BY gamehot desc LIMIT 0,10   [ RunTime:0.002884s ]
SQL: SELECT `gamesname`,`smalldesktop`,`gametype` FROM `gamesdetails` WHERE ( tid=2 ) ORDER BY gamehot desc LIMIT 0,10   [ RunTime:0.001327s ]
SQL: SELECT `gamesname`,`smalldesktop`,`gametype` FROM `gamesdetails` WHERE ( tid=3 ) ORDER BY gamehot desc LIMIT 0,10   [ RunTime:0.001267s ]
SQL: SELECT `gamesname`,`smalldesktop`,`gametype` FROM `gamesdetails` WHERE ( tid=4 ) ORDER BY gamehot desc LIMIT 0,10   [ RunTime:0.001298s ]
SQL: SELECT `id` FROM `gamestype` WHERE ( gamestypename='网络游戏' ) LIMIT 1   [ RunTime:0.001299s ]
SQL: SELECT `id` FROM `gamestype` WHERE ( gamestypename='单机游戏' ) LIMIT 1   [ RunTime:0.001147s ]
SQL: SELECT `id` FROM `gamestype` WHERE ( gamestypename='手机游戏' ) LIMIT 1   [ RunTime:0.001192s ]
SQL: SHOW COLUMNS FROM `gamesnews` [ RunTime:0.001449s ]
SQL: SELECT * FROM `gamesnews` ORDER BY hints desc LIMIT 0,4   [ RunTime:0.003286s ]
SQL: SHOW COLUMNS FROM `newsimg` [ RunTime:0.001397s ]
INFO: [ view_parse ] --START--
INFO: [ template_filter ] --START--
INFO: Run Behavior\ContentReplaceBehavior [ RunTime:0.000157s ]
INFO: [ template_filter ] --END-- [ RunTime:0.000227s ]
NOTIC: [8] Undefined index: usermsg /data/home/bxu2359300359/htdocs/application/Runtime/Cache/Home/7ab946f4f0f5a79245f9543582fd5300.php 第 92 行.
INFO: Run Behavior\ParseTemplateBehavior [ RunTime:0.035372s ]
INFO: [ view_parse ] --END-- [ RunTime:0.035419s ]
INFO: [ view_filter ] --START--
INFO: Run Behavior\WriteHtmlCacheBehavior [ RunTime:0.000284s ]
INFO: [ view_filter ] --END-- [ RunTime:0.000320s ]
INFO: [ app_end ] --START--
INFO: Run Behavior\ShowPageTraceBehavior [ RunTime:0.000591s ]
INFO: [ app_end ] --END-- [ RunTime:0.000641s ]

[ 2017-04-29T12:17:23+08:00 ] 203.208.60.226 /
INFO: [ app_init ] --START--
INFO: Run Behavior\BuildLiteBehavior [ RunTime:0.000018s ]
INFO: [ app_init ] --END-- [ RunTime:0.000414s ]
INFO: [ app_begin ] --START--
INFO: Run Behavior\ReadHtmlCacheBehavior [ RunTime:0.000558s ]
INFO: [ app_begin ] --END-- [ RunTime:0.000606s ]
SQL: SHOW COLUMNS FROM `gamesdetails` [ RunTime:0.001917s ]
SQL: SELECT `id` FROM `gamesdetails` WHERE ( gamesname='英雄联盟' ) LIMIT 1   [ RunTime:0.001445s ]
SQL: SELECT `id` FROM `gamesdetails` WHERE ( gamesname='地下城与勇士' ) LIMIT 1   [ RunTime:0.001268s ]
SQL: SELECT `id` FROM `gamesdetails` WHERE ( gamesname='阴阳师' ) LIMIT 1   [ RunTime:0.001308s ]
SQL: SELECT COUNT(*) AS tp_count FROM `gamesdetails` LIMIT 1   [ RunTime:0.001350s ]
SQL: SHOW COLUMNS FROM `lol_newsimg` [ RunTime:0.001477s ]
SQL: SHOW COLUMNS FROM `lol_freehero` [ RunTime:0.001462s ]
SQL: SHOW COLUMNS FROM `gamestype` [ RunTime:0.001491s ]
SQL: SELECT `gamesname`,`smalldesktop`,`gametype` FROM `gamesdetails` WHERE ( tid=1 ) ORDER BY gamehot desc LIMIT 0,10   [ RunTime:0.001460s ]
SQL: SELECT `gamesname`,`smalldesktop`,`gametype` FROM `gamesdetails` WHERE ( tid=2 ) ORDER BY gamehot desc LIMIT 0,10   [ RunTime:0.001378s ]
SQL: SELECT `gamesname`,`smalldesktop`,`gametype` FROM `gamesdetails` WHERE ( tid=3 ) ORDER BY gamehot desc LIMIT 0,10   [ RunTime:0.001366s ]
SQL: SELECT `gamesname`,`smalldesktop`,`gametype` FROM `gamesdetails` WHERE ( tid=4 ) ORDER BY gamehot desc LIMIT 0,10   [ RunTime:0.001344s ]
SQL: SELECT `id` FROM `gamestype` WHERE ( gamestypename='网络游戏' ) LIMIT 1   [ RunTime:0.001364s ]
SQL: SELECT `id` FROM `gamestype` WHERE ( gamestypename='单机游戏' ) LIMIT 1   [ RunTime:0.001313s ]
SQL: SELECT `id` FROM `gamestype` WHERE ( gamestypename='手机游戏' ) LIMIT 1   [ RunTime:0.001311s ]
SQL: SHOW COLUMNS FROM `gamesnews` [ RunTime:0.001641s ]
SQL: SELECT * FROM `gamesnews` ORDER BY hints desc LIMIT 0,4   [ RunTime:0.003403s ]
SQL: SHOW COLUMNS FROM `newsimg` [ RunTime:0.001567s ]
INFO: [ view_parse ] --START--
INFO: [ template_filter ] --START--
INFO: Run Behavior\ContentReplaceBehavior [ RunTime:0.000143s ]
INFO: [ template_filter ] --END-- [ RunTime:0.000204s ]
NOTIC: [8] Undefined index: usermsg /data/home/bxu2359300359/htdocs/application/Runtime/Cache/Home/7ab946f4f0f5a79245f9543582fd5300.php 第 92 行.
INFO: Run Behavior\ParseTemplateBehavior [ RunTime:0.032795s ]
INFO: [ view_parse ] --END-- [ RunTime:0.032890s ]
INFO: [ view_filter ] --START--
INFO: Run Behavior\WriteHtmlCacheBehavior [ RunTime:0.000302s ]
INFO: [ view_filter ] --END-- [ RunTime:0.000338s ]
INFO: [ app_end ] --START--
INFO: Run Behavior\ShowPageTraceBehavior [ RunTime:0.000540s ]
INFO: [ app_end ] --END-- [ RunTime:0.000585s ]

[ 2017-04-29T16:02:10+08:00 ] 42.120.160.79 /home.php/gamesdetails/index/typeId/2/p/2.html
INFO: [ app_init ] --START--
INFO: Run Behavior\BuildLiteBehavior [ RunTime:0.000020s ]
INFO: [ app_init ] --END-- [ RunTime:0.000407s ]
INFO: [ app_begin ] --START--
INFO: Run Behavior\ReadHtmlCacheBehavior [ RunTime:0.000712s ]
INFO: [ app_begin ] --END-- [ RunTime:0.000790s ]
SQL: SHOW COLUMNS FROM `gamestype` [ RunTime:0.001712s ]
SQL: SELECT * FROM `gamestype` LIMIT 0,3   [ RunTime:0.001433s ]
SQL: SHOW COLUMNS FROM `gamesdetails` [ RunTime:0.001568s ]
SQL: SELECT COUNT(*) AS tp_count FROM `gamesdetails` WHERE ( tid=2 ) LIMIT 1   [ RunTime:0.001413s ]
SQL: SELECT * FROM `gamesdetails` WHERE ( tid=2 ) ORDER BY gamehot desc LIMIT 4,4   [ RunTime:0.001452s ]
INFO: [ view_parse ] --START--
INFO: [ template_filter ] --START--
INFO: Run Behavior\ContentReplaceBehavior [ RunTime:0.000065s ]
INFO: [ template_filter ] --END-- [ RunTime:0.000128s ]
NOTIC: [8] Undefined index: usermsg /data/home/bxu2359300359/htdocs/application/Runtime/Cache/Home/cff27e63c4e56700283b6a48118f6b99.php 第 16 行.
INFO: Run Behavior\ParseTemplateBehavior [ RunTime:0.009217s ]
INFO: [ view_parse ] --END-- [ RunTime:0.009266s ]
INFO: [ view_filter ] --START--
INFO: Run Behavior\WriteHtmlCacheBehavior [ RunTime:0.000292s ]
INFO: [ view_filter ] --END-- [ RunTime:0.000329s ]
INFO: [ app_end ] --START--
INFO: Run Behavior\ShowPageTraceBehavior [ RunTime:0.000602s ]
INFO: [ app_end ] --END-- [ RunTime:0.000646s ]

[ 2017-04-29T16:56:42+08:00 ] 203.208.60.225 /
INFO: [ app_init ] --START--
INFO: Run Behavior\BuildLiteBehavior [ RunTime:0.000021s ]
INFO: [ app_init ] --END-- [ RunTime:0.000521s ]
INFO: [ app_begin ] --START--
INFO: Run Behavior\ReadHtmlCacheBehavior [ RunTime:0.000619s ]
INFO: [ app_begin ] --END-- [ RunTime:0.000674s ]
SQL: SHOW COLUMNS FROM `gamesdetails` [ RunTime:0.001771s ]
SQL: SELECT `id` FROM `gamesdetails` WHERE ( gamesname='英雄联盟' ) LIMIT 1   [ RunTime:0.001472s ]
SQL: SELECT `id` FROM `gamesdetails` WHERE ( gamesname='地下城与勇士' ) LIMIT 1   [ RunTime:0.001223s ]
SQL: SELECT `id` FROM `gamesdetails` WHERE ( gamesname='阴阳师' ) LIMIT 1   [ RunTime:0.001202s ]
SQL: SELECT COUNT(*) AS tp_count FROM `gamesdetails` LIMIT 1   [ RunTime:0.001256s ]
SQL: SHOW COLUMNS FROM `lol_newsimg` [ RunTime:0.001427s ]
SQL: SHOW COLUMNS FROM `lol_freehero` [ RunTime:0.001373s ]
SQL: SHOW COLUMNS FROM `gamestype` [ RunTime:0.001392s ]
SQL: SELECT `gamesname`,`smalldesktop`,`gametype` FROM `gamesdetails` WHERE ( tid=1 ) ORDER BY gamehot desc LIMIT 0,10   [ RunTime:0.001350s ]
SQL: SELECT `gamesname`,`smalldesktop`,`gametype` FROM `gamesdetails` WHERE ( tid=2 ) ORDER BY gamehot desc LIMIT 0,10   [ RunTime:0.001575s ]
SQL: SELECT `gamesname`,`smalldesktop`,`gametype` FROM `gamesdetails` WHERE ( tid=3 ) ORDER BY gamehot desc LIMIT 0,10   [ RunTime:0.001275s ]
SQL: SELECT `gamesname`,`smalldesktop`,`gametype` FROM `gamesdetails` WHERE ( tid=4 ) ORDER BY gamehot desc LIMIT 0,10   [ RunTime:0.001290s ]
SQL: SELECT `id` FROM `gamestype` WHERE ( gamestypename='网络游戏' ) LIMIT 1   [ RunTime:0.009655s ]
SQL: SELECT `id` FROM `gamestype` WHERE ( gamestypename='单机游戏' ) LIMIT 1   [ RunTime:0.001188s ]
SQL: SELECT `id` FROM `gamestype` WHERE ( gamestypename='手机游戏' ) LIMIT 1   [ RunTime:0.001277s ]
SQL: SHOW COLUMNS FROM `gamesnews` [ RunTime:0.001528s ]
SQL: SELECT * FROM `gamesnews` ORDER BY hints desc LIMIT 0,4   [ RunTime:0.003122s ]
SQL: SHOW COLUMNS FROM `newsimg` [ RunTime:0.001385s ]
INFO: [ view_parse ] --START--
INFO: [ template_filter ] --START--
INFO: Run Behavior\ContentReplaceBehavior [ RunTime:0.000148s ]
INFO: [ template_filter ] --END-- [ RunTime:0.000233s ]
NOTIC: [8] Undefined index: usermsg /data/home/bxu2359300359/htdocs/application/Runtime/Cache/Home/7ab946f4f0f5a79245f9543582fd5300.php 第 92 行.
INFO: Run Behavior\ParseTemplateBehavior [ RunTime:0.034543s ]
INFO: [ view_parse ] --END-- [ RunTime:0.034588s ]
INFO: [ view_filter ] --START--
INFO: Run Behavior\WriteHtmlCacheBehavior [ RunTime:0.000303s ]
INFO: [ view_filter ] --END-- [ RunTime:0.000340s ]
INFO: [ app_end ] --START--
INFO: Run Behavior\ShowPageTraceBehavior [ RunTime:0.000583s ]
INFO: [ app_end ] --END-- [ RunTime:0.000632s ]

[ 2017-04-29T17:32:31+08:00 ] 42.120.160.79 /home.php/gamesdetails/index/typeId/3/p/5.html
INFO: [ app_init ] --START--
INFO: Run Behavior\BuildLiteBehavior [ RunTime:0.000015s ]
INFO: [ app_init ] --END-- [ RunTime:0.000378s ]
INFO: [ app_begin ] --START--
INFO: Run Behavior\ReadHtmlCacheBehavior [ RunTime:0.000523s ]
INFO: [ app_begin ] --END-- [ RunTime:0.000568s ]
SQL: SHOW COLUMNS FROM `gamestype` [ RunTime:0.001637s ]
SQL: SELECT * FROM `gamestype` LIMIT 0,3   [ RunTime:0.001390s ]
SQL: SHOW COLUMNS FROM `gamesdetails` [ RunTime:0.001569s ]
SQL: SELECT COUNT(*) AS tp_count FROM `gamesdetails` WHERE ( tid=3 ) LIMIT 1   [ RunTime:0.001468s ]
SQL: SELECT * FROM `gamesdetails` WHERE ( tid=3 ) ORDER BY gamehot desc LIMIT 16,4   [ RunTime:0.002106s ]
INFO: [ view_parse ] --START--
INFO: [ template_filter ] --START--
INFO: Run Behavior\ContentReplaceBehavior [ RunTime:0.000045s ]
INFO: [ template_filter ] --END-- [ RunTime:0.000109s ]
NOTIC: [8] Undefined index: usermsg /data/home/bxu2359300359/htdocs/application/Runtime/Cache/Home/cff27e63c4e56700283b6a48118f6b99.php 第 16 行.
INFO: Run Behavior\ParseTemplateBehavior [ RunTime:0.010491s ]
INFO: [ view_parse ] --END-- [ RunTime:0.010539s ]
INFO: [ view_filter ] --START--
INFO: Run Behavior\WriteHtmlCacheBehavior [ RunTime:0.000283s ]
INFO: [ view_filter ] --END-- [ RunTime:0.000316s ]
INFO: [ app_end ] --START--
INFO: Run Behavior\ShowPageTraceBehavior [ RunTime:0.000534s ]
INFO: [ app_end ] --END-- [ RunTime:0.000575s ]

[ 2017-04-29T17:35:10+08:00 ] 111.206.36.144 /
INFO: [ app_init ] --START--
INFO: Run Behavior\BuildLiteBehavior [ RunTime:0.000016s ]
INFO: [ app_init ] --END-- [ RunTime:0.000374s ]
INFO: [ app_begin ] --START--
INFO: Run Behavior\ReadHtmlCacheBehavior [ RunTime:0.000519s ]
INFO: [ app_begin ] --END-- [ RunTime:0.000572s ]
SQL: SHOW COLUMNS FROM `gamesdetails` [ RunTime:0.001504s ]
SQL: SELECT * FROM `gamesdetails` WHERE ( tid=2 ) ORDER BY gamehot desc LIMIT 0,5   [ RunTime:0.001342s ]
SQL: SELECT * FROM `gamesdetails` WHERE ( tid=1 ) ORDER BY gamehot desc LIMIT 0,5   [ RunTime:0.001262s ]
SQL: SELECT * FROM `gamesdetails` WHERE ( tid=3 ) ORDER BY gamehot desc LIMIT 0,5   [ RunTime:0.001281s ]
SQL: SELECT * FROM `gamesdetails` WHERE ( tid=4 ) ORDER BY gamehot desc LIMIT 0,5   [ RunTime:0.001263s ]
SQL: SELECT `id` FROM `gamesdetails` WHERE ( gamesname='英雄联盟' ) LIMIT 1   [ RunTime:0.001108s ]
SQL: SELECT `id` FROM `gamesdetails` WHERE ( gamesname='地下城与勇士' ) LIMIT 1   [ RunTime:0.001074s ]
SQL: SELECT `id` FROM `gamesdetails` WHERE ( gamesname='阴阳师' ) LIMIT 1   [ RunTime:0.001097s ]
SQL: SELECT `gamesname`,`gamehot` FROM `gamesdetails` WHERE ( tid=1 ) LIMIT 0,12   [ RunTime:0.001202s ]
SQL: SELECT `gamesname`,`gamehot` FROM `gamesdetails` WHERE ( tid=3 ) LIMIT 0,12   [ RunTime:0.001186s ]
SQL: SELECT `gamesname`,`gamehot` FROM `gamesdetails` WHERE ( tid=2 ) LIMIT 0,12   [ RunTime:0.001194s ]
SQL: SELECT `gamesname`,`gamehot` FROM `gamesdetails` WHERE ( tid=4 ) LIMIT 0,13   [ RunTime:0.001199s ]
SQL: SELECT COUNT(*) AS tp_count FROM `gamesdetails` LIMIT 1   [ RunTime:0.001121s ]
SQL: SHOW COLUMNS FROM `lol_newsimg` [ RunTime:0.001390s ]
SQL: SELECT * FROM `lol_newsimg` ORDER BY dateandtime desc LIMIT 0,4   [ RunTime:0.001337s ]
SQL: SHOW COLUMNS FROM `lol_freehero` [ RunTime:0.001354s ]
SQL: SHOW COLUMNS FROM `gamestype` [ RunTime:0.001296s ]
SQL: SELECT * FROM `gamestype`  [ RunTime:0.001148s ]
SQL: SELECT `gamesname`,`smalldesktop`,`gametype` FROM `gamesdetails` WHERE ( tid=1 ) ORDER BY gamehot desc LIMIT 0,10   [ RunTime:0.001106s ]
SQL: SELECT `gamesname`,`smalldesktop`,`gametype` FROM `gamesdetails` WHERE ( tid=2 ) ORDER BY gamehot desc LIMIT 0,10   [ RunTime:0.001110s ]
SQL: SELECT `gamesname`,`smalldesktop`,`gametype` FROM `gamesdetails` WHERE ( tid=3 ) ORDER BY gamehot desc LIMIT 0,10   [ RunTime:0.001118s ]
SQL: SELECT `gamesname`,`smalldesktop`,`gametype` FROM `gamesdetails` WHERE ( tid=4 ) ORDER BY gamehot desc LIMIT 0,10   [ RunTime:0.001083s ]
SQL: SELECT `id` FROM `gamestype` WHERE ( gamestypename='网络游戏' ) LIMIT 1   [ RunTime:0.001087s ]
SQL: SELECT `id` FROM `gamestype` WHERE ( gamestypename='单机游戏' ) LIMIT 1   [ RunTime:0.001081s ]
SQL: SELECT `id` FROM `gamestype` WHERE ( gamestypename='手机游戏' ) LIMIT 1   [ RunTime:0.001105s ]
SQL: SHOW COLUMNS FROM `gamesnews` [ RunTime:0.001435s ]
SQL: SELECT * FROM `gamesnews` ORDER BY hints desc LIMIT 0,4   [ RunTime:0.002347s ]
SQL: SELECT `id`,`title` FROM `gamesnews` WHERE ( nid=3 ) ORDER BY hints desc LIMIT 0,2   [ RunTime:0.001485s ]
SQL: SHOW COLUMNS FROM `newsimg` [ RunTime:0.001370s ]
SQL: SELECT `imgname` FROM `newsimg` WHERE ( newsid=6 && special=1 ) LIMIT 1   [ RunTime:0.001321s ]
SQL: SELECT `imgname` FROM `newsimg` WHERE ( newsid=5 && special=1 ) LIMIT 1   [ RunTime:0.001172s ]
SQL: SELECT `id`,`title` FROM `gamesnews` WHERE ( nid=1 && hints<1000 ) ORDER BY hints desc LIMIT 0,2   [ RunTime:0.001387s ]
SQL: SELECT `imgname` FROM `newsimg` WHERE ( newsid=9 && special=1 ) LIMIT 1   [ RunTime:0.001174s ]
SQL: SELECT `imgname` FROM `newsimg` WHERE ( newsid=10 && special=1 ) LIMIT 1   [ RunTime:0.001298s ]
SQL: SELECT `id`,`title` FROM `gamesnews` WHERE ( nid=2 && hints<1000 ) ORDER BY hints desc LIMIT 0,2   [ RunTime:0.001745s ]
SQL: SELECT `imgname` FROM `newsimg` WHERE ( newsid=17 && special=1 ) LIMIT 1   [ RunTime:0.001231s ]
SQL: SELECT `imgname` FROM `newsimg` WHERE ( newsid=18 && special=1 ) LIMIT 1   [ RunTime:0.001211s ]
SQL: SELECT `id`,`title` FROM `gamesnews` WHERE ( nid=4 && hints<1000 ) ORDER BY hints desc LIMIT 0,2   [ RunTime:0.001383s ]
SQL: SELECT `imgname` FROM `newsimg` WHERE ( newsid=13 && special=1 ) LIMIT 1   [ RunTime:0.001168s ]
SQL: SELECT `imgname` FROM `newsimg` WHERE ( newsid=14 && special=1 ) LIMIT 1   [ RunTime:0.001151s ]
SQL: SELECT `id`,`title`,`time` FROM `gamesnews` WHERE ( nid=3 && hints<700 ) ORDER BY hints desc LIMIT 0,2   [ RunTime:0.001315s ]
SQL: SELECT `id`,`title`,`time` FROM `gamesnews` WHERE ( nid=1 && hints<700 ) ORDER BY hints desc LIMIT 0,2   [ RunTime:0.001358s ]
SQL: SELECT `id`,`title`,`time` FROM `gamesnews` WHERE ( nid=2 && hints<700 ) ORDER BY hints desc LIMIT 0,2   [ RunTime:0.001231s ]
SQL: SELECT `id`,`title`,`time` FROM `gamesnews` WHERE ( nid=4 && hints<700 ) ORDER BY hints desc LIMIT 0,2   [ RunTime:0.001248s ]
INFO: [ view_parse ] --START--
INFO: [ template_filter ] --START--
INFO: Run Behavior\ContentReplaceBehavior [ RunTime:0.000207s ]
INFO: [ template_filter ] --END-- [ RunTime:0.000274s ]
NOTIC: [8] Undefined index: usermsg /data/home/bxu2359300359/htdocs/application/Runtime/Cache/Home/7ab946f4f0f5a79245f9543582fd5300.php 第 92 行.
INFO: Run Behavior\ParseTemplateBehavior [ RunTime:0.038281s ]
INFO: [ view_parse ] --END-- [ RunTime:0.038329s ]
INFO: [ view_filter ] --START--
INFO: Run Behavior\WriteHtmlCacheBehavior [ RunTime:0.000286s ]
INFO: [ view_filter ] --END-- [ RunTime:0.000320s ]
INFO: [ app_end ] --START--
INFO: Run Behavior\ShowPageTraceBehavior [ RunTime:0.000731s ]
INFO: [ app_end ] --END-- [ RunTime:0.000810s ]

[ 2017-04-29T23:30:41+08:00 ] 1.202.78.225 /
INFO: [ app_init ] --START--
INFO: Run Behavior\BuildLiteBehavior [ RunTime:0.000019s ]
INFO: [ app_init ] --END-- [ RunTime:0.000520s ]
INFO: [ app_begin ] --START--
INFO: Run Behavior\ReadHtmlCacheBehavior [ RunTime:0.000548s ]
INFO: [ app_begin ] --END-- [ RunTime:0.000596s ]
SQL: SHOW COLUMNS FROM `gamesdetails` [ RunTime:0.001748s ]
SQL: SELECT `id` FROM `gamesdetails` WHERE ( gamesname='英雄联盟' ) LIMIT 1   [ RunTime:0.001488s ]
SQL: SELECT `id` FROM `gamesdetails` WHERE ( gamesname='地下城与勇士' ) LIMIT 1   [ RunTime:0.001208s ]
SQL: SELECT `id` FROM `gamesdetails` WHERE ( gamesname='阴阳师' ) LIMIT 1   [ RunTime:0.001271s ]
SQL: SELECT COUNT(*) AS tp_count FROM `gamesdetails` LIMIT 1   [ RunTime:0.001275s ]
SQL: SHOW COLUMNS FROM `lol_newsimg` [ RunTime:0.001775s ]
SQL: SHOW COLUMNS FROM `lol_freehero` [ RunTime:0.001387s ]
SQL: SHOW COLUMNS FROM `gamestype` [ RunTime:0.001380s ]
SQL: SELECT `gamesname`,`smalldesktop`,`gametype` FROM `gamesdetails` WHERE ( tid=1 ) ORDER BY gamehot desc LIMIT 0,10   [ RunTime:0.001437s ]
SQL: SELECT `gamesname`,`smalldesktop`,`gametype` FROM `gamesdetails` WHERE ( tid=2 ) ORDER BY gamehot desc LIMIT 0,10   [ RunTime:0.001279s ]
SQL: SELECT `gamesname`,`smalldesktop`,`gametype` FROM `gamesdetails` WHERE ( tid=3 ) ORDER BY gamehot desc LIMIT 0,10   [ RunTime:0.001303s ]
SQL: SELECT `gamesname`,`smalldesktop`,`gametype` FROM `gamesdetails` WHERE ( tid=4 ) ORDER BY gamehot desc LIMIT 0,10   [ RunTime:0.002982s ]
SQL: SELECT `id` FROM `gamestype` WHERE ( gamestypename='网络游戏' ) LIMIT 1   [ RunTime:0.001316s ]
SQL: SELECT `id` FROM `gamestype` WHERE ( gamestypename='单机游戏' ) LIMIT 1   [ RunTime:0.001406s ]
SQL: SELECT `id` FROM `gamestype` WHERE ( gamestypename='手机游戏' ) LIMIT 1   [ RunTime:0.001197s ]
SQL: SHOW COLUMNS FROM `gamesnews` [ RunTime:0.001472s ]
SQL: SELECT * FROM `gamesnews` ORDER BY hints desc LIMIT 0,4   [ RunTime:0.003305s ]
SQL: SHOW COLUMNS FROM `newsimg` [ RunTime:0.001390s ]
INFO: [ view_parse ] --START--
INFO: [ template_filter ] --START--
INFO: Run Behavior\ContentReplaceBehavior [ RunTime:0.000170s ]
INFO: [ template_filter ] --END-- [ RunTime:0.000240s ]
NOTIC: [8] Undefined index: usermsg /data/home/bxu2359300359/htdocs/application/Runtime/Cache/Home/7ab946f4f0f5a79245f9543582fd5300.php 第 92 行.
INFO: Run Behavior\ParseTemplateBehavior [ RunTime:0.033510s ]
INFO: [ view_parse ] --END-- [ RunTime:0.033561s ]
INFO: [ view_filter ] --START--
INFO: Run Behavior\WriteHtmlCacheBehavior [ RunTime:0.000404s ]
INFO: [ view_filter ] --END-- [ RunTime:0.000445s ]
INFO: [ app_end ] --START--
INFO: Run Behavior\ShowPageTraceBehavior [ RunTime:0.000573s ]
INFO: [ app_end ] --END-- [ RunTime:0.000622s ]

